Using pre-set license
Built from '2022.3/staging' branch; Version is '2022.3.22f1 (887be4894c44) revision 8944612'; Using compiler version '192829333'; Build Type 'Release'
OS: 'Windows 11  (10.0.26100) 64bit Professional' Language: 'en' Physical Memory: 32655 MB
BatchMode: 1, IsHumanControllingUs: 0, StartBugReporterOnCrash: 0, Is64bit: 1, IsPro: 1

COMMAND LINE ARGUMENTS:
C:\Users\mherber\Documents\2022.3.22f1\Editor\Unity.exe
-adb2
-batchMode
-noUpm
-name
AssetImportWorker4
-projectPath
C:/Users/mherber/sonar-3dj-project
-logFile
Logs/AssetImportWorker4.log
-srvPort
51381
Successfully changed project path to: C:/Users/mherber/sonar-3dj-project
C:/Users/mherber/sonar-3dj-project
[UnityMemory] Configuration Parameters - Can be set up in boot.config
    "memorysetup-bucket-allocator-granularity=16"
    "memorysetup-bucket-allocator-bucket-count=8"
    "memorysetup-bucket-allocator-block-size=33554432"
    "memorysetup-bucket-allocator-block-count=8"
    "memorysetup-main-allocator-block-size=16777216"
    "memorysetup-thread-allocator-block-size=16777216"
    "memorysetup-gfx-main-allocator-block-size=16777216"
    "memorysetup-gfx-thread-allocator-block-size=16777216"
    "memorysetup-cache-allocator-block-size=4194304"
    "memorysetup-typetree-allocator-block-size=2097152"
    "memorysetup-profiler-bucket-allocator-granularity=16"
    "memorysetup-profiler-bucket-allocator-bucket-count=8"
    "memorysetup-profiler-bucket-allocator-block-size=33554432"
    "memorysetup-profiler-bucket-allocator-block-count=8"
    "memorysetup-profiler-allocator-block-size=16777216"
    "memorysetup-profiler-editor-allocator-block-size=1048576"
    "memorysetup-temp-allocator-size-main=16777216"
    "memorysetup-job-temp-allocator-block-size=2097152"
    "memorysetup-job-temp-allocator-block-size-background=1048576"
    "memorysetup-job-temp-allocator-reduction-small-platforms=262144"
    "memorysetup-allocator-temp-initial-block-size-main=262144"
    "memorysetup-allocator-temp-initial-block-size-worker=262144"
    "memorysetup-temp-allocator-size-background-worker=32768"
    "memorysetup-temp-allocator-size-job-worker=262144"
    "memorysetup-temp-allocator-size-preload-manager=33554432"
    "memorysetup-temp-allocator-size-nav-mesh-worker=65536"
    "memorysetup-temp-allocator-size-audio-worker=65536"
    "memorysetup-temp-allocator-size-cloud-worker=32768"
    "memorysetup-temp-allocator-size-gi-baking-worker=262144"
    "memorysetup-temp-allocator-size-gfx=262144"
Player connection [39744] Host "[IP] 10.0.2.45 [Port] 0 [Flags] 2 [Guid] 1497250695 [EditorId] 1497250695 [Version] 1048832 [Id] WindowsEditor(7,PTM541) [Debug] 1 [PackageName] WindowsEditor [ProjectName] Editor" joined multi-casting on [225.0.0.222:54997]...

Player connection [39744] Host "[IP] 10.0.2.45 [Port] 0 [Flags] 2 [Guid] 1497250695 [EditorId] 1497250695 [Version] 1048832 [Id] WindowsEditor(7,PTM541) [Debug] 1 [PackageName] WindowsEditor [ProjectName] Editor" joined alternative multi-casting on [225.0.0.222:34997]...

[Physics::Module] Initialized MultithreadedJobDispatcher with 11 workers.
Default GameObject BitMask: InternalUI already registered
Default GameObject BitMask: HardwareObjects already registered
Refreshing native plugins compatible for Editor in 983.13 ms, found 10 plugins.
Preloading 2 native plugins for Editor in 3.28 ms.
Initialize engine version: 2022.3.22f1 (887be4894c44)
[Subsystems] Discovering subsystems at path C:/Users/mherber/Documents/2022.3.22f1/Editor/Data/Resources/UnitySubsystems
[Subsystems] Discovering subsystems at path C:/Users/mherber/sonar-3dj-project/Assets
GfxDevice: creating device client; threaded=0; jobified=0
Direct3D:
    Version:  Direct3D 11.0 [level 11.1]
    Renderer: NVIDIA GeForce RTX 3060 (ID=0x2504)
    Vendor:   NVIDIA
    VRAM:     12115 MB
    Driver:   32.0.15.6094
Initialize mono
Mono path[0] = 'C:/Users/mherber/Documents/2022.3.22f1/Editor/Data/Managed'
Mono path[1] = 'C:/Users/mherber/Documents/2022.3.22f1/Editor/Data/MonoBleedingEdge/lib/mono/unityjit-win32'
Mono config path = 'C:/Users/mherber/Documents/2022.3.22f1/Editor/Data/MonoBleedingEdge/etc'
Using monoOptions --debugger-agent=transport=dt_socket,embedding=1,server=y,suspend=n,address=127.0.0.1:56108
Begin MonoManager ReloadAssembly
Registering precompiled unity dll's ...
Register platform support module: C:/Users/mherber/Documents/2022.3.22f1/Editor/Data/PlaybackEngines/AndroidPlayer/UnityEditor.Android.Extensions.dll
Register platform support module: C:/Users/mherber/Documents/2022.3.22f1/Editor/Data/PlaybackEngines/WindowsStandaloneSupport/UnityEditor.WindowsStandalone.Extensions.dll
Registered in 0.013706 seconds.
- Loaded All Assemblies, in  0.380 seconds
Native extension for WindowsStandalone target not found
Native extension for Android target not found
Mono: successfully reloaded assembly
- Finished resetting the current domain, in  0.285 seconds
Domain Reload Profiling: 662ms
	BeginReloadAssembly (139ms)
		ExecutionOrderSort (0ms)
		DisableScriptedObjects (0ms)
		BackupInstance (0ms)
		ReleaseScriptingObjects (0ms)
		CreateAndSetChildDomain (1ms)
	RebuildCommonClasses (33ms)
	RebuildNativeTypeToScriptingClass (8ms)
	initialDomainReloadingComplete (62ms)
	LoadAllAssembliesAndSetupDomain (135ms)
		LoadAssemblies (139ms)
		RebuildTransferFunctionScriptingTraits (0ms)
		AnalyzeDomain (131ms)
			TypeCache.Refresh (130ms)
				TypeCache.ScanAssembly (118ms)
			ScanForSourceGeneratedMonoScriptInfo (0ms)
			ResolveRequiredComponents (0ms)
	FinalizeReload (285ms)
		ReleaseScriptCaches (0ms)
		RebuildScriptCaches (0ms)
		SetupLoadedEditorAssemblies (237ms)
			LogAssemblyErrors (0ms)
			InitializePlatformSupportModulesInManaged (91ms)
			SetLoadedEditorAssemblies (3ms)
			RefreshPlugins (0ms)
			BeforeProcessingInitializeOnLoad (2ms)
			ProcessInitializeOnLoadAttributes (98ms)
			ProcessInitializeOnLoadMethodAttributes (43ms)
			AfterProcessingInitializeOnLoad (0ms)
			EditorAssembliesLoaded (0ms)
		ExecutionOrderSort2 (0ms)
		AwakeInstancesAfterBackupRestoration (0ms)
========================================================================
Worker process is ready to serve import requests
Begin MonoManager ReloadAssembly
- Loaded All Assemblies, in  5.191 seconds
Refreshing native plugins compatible for Editor in 94.29 ms, found 10 plugins.
Native extension for WindowsStandalone target not found
Native extension for Android target not found
Package Manager log level set to [2]
[Package Manager] Server::EnsureServerProcessIsRunning -- launch failed, reason: Unity was launched with the -noUpm command-line argument
[Package Manager] UpmClient::Send -- Unable to send message (not connected to UPM process).
[Package Manager] Cannot connect to Unity Package Manager local server
[Package Manager] Server::EnsureServerProcessIsRunning -- launch failed, reason: Unity was launched with the -noUpm command-line argument
[Package Manager] UpmClient::Send -- Unable to send message (not connected to UPM process).
[Package Manager] Cannot connect to Unity Package Manager local server
System.Reflection.TargetInvocationException: Exception has been thrown by the target of an invocation. ---> System.NullReferenceException: Object reference not set to an instance of an object
  at Unity.XR.Oculus.OculusLoader.AssetPathToAbsolutePath (System.String assetPath) [0x00040] in .\Library\PackageCache\com.unity.xr.oculus@4.2.0\Runtime\OculusLoader.cs:298 
  at Unity.XR.Oculus.OculusLoader.EditorLoadOVRPlugin () [0x0008c] in .\Library\PackageCache\com.unity.xr.oculus@4.2.0\Runtime\OculusLoader.cs:283 
  at (wrapper managed-to-native) System.Reflection.RuntimeMethodInfo.InternalInvoke(System.Reflection.RuntimeMethodInfo,object,object[],System.Exception&)
  at System.Reflection.RuntimeMethodInfo.Invoke (System.Object obj, System.Reflection.BindingFlags invokeAttr, System.Reflection.Binder binder, System.Object[] parameters, System.Globalization.CultureInfo culture) [0x0006a] in <27124aa0e30a41659b903b822b959bc7>:0 
   --- End of inner exception stack trace ---
  at System.Reflection.RuntimeMethodInfo.Invoke (System.Object obj, System.Reflection.BindingFlags invokeAttr, System.Reflection.Binder binder, System.Object[] parameters, System.Globalization.CultureInfo culture) [0x00083] in <27124aa0e30a41659b903b822b959bc7>:0 
  at System.Reflection.MethodBase.Invoke (System.Object obj, System.Object[] parameters) [0x00000] in <27124aa0e30a41659b903b822b959bc7>:0 
  at UnityEditor.EditorAssemblies.ProcessInitializeOnLoadMethodAttributes () [0x000a5] in <80a8ce1980c648dca8e68f0d8aa3b930>:0 
UnityEngine.StackTraceUtility:ExtractStackTrace ()
UnityEngine.DebugLogHandler:LogFormat (UnityEngine.LogType,UnityEngine.Object,string,object[])
UnityEngine.Logger:Log (UnityEngine.LogType,object)
UnityEngine.Debug:LogError (object)
UnityEditor.EditorAssemblies:ProcessInitializeOnLoadMethodAttributes ()

Preset cache invalid, rebuilding...
UnityEngine.StackTraceUtility:ExtractStackTrace ()
UnityEngine.DebugLogHandler:LogFormat (UnityEngine.LogType,UnityEngine.Object,string,object[])
UnityEngine.Logger:Log (UnityEngine.LogType,object)
UnityEngine.Debug:Log (object)
Thry.ThryEditor.Presets:CheckPresetCache () (at ./Packages/com.poiyomi.toon/_PoiyomiShaders/Scripts/ThryEditor/Editor/Presets.cs:651)
System.Reflection.RuntimeMethodInfo:Invoke (object,System.Reflection.BindingFlags,System.Reflection.Binder,object[],System.Globalization.CultureInfo)
System.Reflection.MethodBase:Invoke (object,object[])
UnityEditor.EditorAssemblies:ProcessInitializeOnLoadMethodAttributes ()

(Filename: ./Packages/com.poiyomi.toon/_PoiyomiShaders/Scripts/ThryEditor/Editor/Presets.cs Line: 651)

DisplayProgressbar: Creating Preset Cache
Mono: successfully reloaded assembly
[<color=#0c824c>UdonSharp</color>] Compile of 9 scripts finished in 00:03.619
UnityEngine.StackTraceUtility:ExtractStackTrace ()
UnityEngine.DebugLogHandler:LogFormat (UnityEngine.LogType,UnityEngine.Object,string,object[])
UnityEngine.Logger:Log (UnityEngine.LogType,object)
UnityEngine.Debug:Log (object)
UdonSharp.UdonSharpUtils:Log (object) (at ./Packages/com.vrchat.worlds/Integrations/UdonSharp/Editor/UdonSharpUtils.cs:304)
UdonSharp.Compiler.UdonSharpCompilerV1:TickCompile () (at ./Packages/com.vrchat.worlds/Integrations/UdonSharp/Editor/Compiler/UdonSharpCompilerV1.cs:202)
UdonSharp.Compiler.UdonSharpCompilerV1:WaitForCompile () (at ./Packages/com.vrchat.worlds/Integrations/UdonSharp/Editor/Compiler/UdonSharpCompilerV1.cs:221)
UdonSharpEditor.UdonSharpEditorUtility:UpgradeSceneBehaviours (System.Collections.Generic.IEnumerable`1<VRC.Udon.UdonBehaviour>) (at ./Packages/com.vrchat.worlds/Integrations/UdonSharp/Editor/UdonSharpEditorUtility.cs:651)
UdonSharpEditor.UdonSharpEditorManager:RunAllUpgrades () (at ./Packages/com.vrchat.worlds/Integrations/UdonSharp/Editor/UdonSharpEditorManager.cs:1694)
UdonSharpEditor.UdonSharpEditorManager:RunPostAssemblyBuildRefresh () (at ./Packages/com.vrchat.worlds/Integrations/UdonSharp/Editor/UdonSharpEditorManager.cs:132)
UnityEditor.AssemblyReloadEvents:OnAfterAssemblyReload ()

(Filename: ./Packages/com.vrchat.worlds/Integrations/UdonSharp/Editor/UdonSharpUtils.cs Line: 304)

[Package Manager] Server::EnsureServerProcessIsRunning -- launch failed, reason: Unity was launched with the -noUpm command-line argument
[Package Manager] UpmClient::Send -- Unable to send message (not connected to UPM process).
[Package Manager] Cannot connect to Unity Package Manager local server
[Package Manager] Server::EnsureServerProcessIsRunning -- launch failed, reason: Unity was launched with the -noUpm command-line argument
[Package Manager] UpmClient::Send -- Unable to send message (not connected to UPM process).
[Package Manager] Cannot connect to Unity Package Manager local server
- Finished resetting the current domain, in  6.482 seconds
Domain Reload Profiling: 11662ms
	BeginReloadAssembly (167ms)
		ExecutionOrderSort (0ms)
		DisableScriptedObjects (5ms)
		BackupInstance (0ms)
		ReleaseScriptingObjects (0ms)
		CreateAndSetChildDomain (19ms)
	RebuildCommonClasses (30ms)
	RebuildNativeTypeToScriptingClass (9ms)
	initialDomainReloadingComplete (71ms)
	LoadAllAssembliesAndSetupDomain (4902ms)
		LoadAssemblies (4728ms)
		RebuildTransferFunctionScriptingTraits (0ms)
		AnalyzeDomain (288ms)
			TypeCache.Refresh (253ms)
				TypeCache.ScanAssembly (232ms)
			ScanForSourceGeneratedMonoScriptInfo (24ms)
			ResolveRequiredComponents (8ms)
	FinalizeReload (6482ms)
		ReleaseScriptCaches (0ms)
		RebuildScriptCaches (0ms)
		SetupLoadedEditorAssemblies (1743ms)
			LogAssemblyErrors (0ms)
			InitializePlatformSupportModulesInManaged (23ms)
			SetLoadedEditorAssemblies (3ms)
			RefreshPlugins (0ms)
			BeforeProcessingInitializeOnLoad (208ms)
			ProcessInitializeOnLoadAttributes (789ms)
			ProcessInitializeOnLoadMethodAttributes (710ms)
			AfterProcessingInitializeOnLoad (9ms)
			EditorAssembliesLoaded (0ms)
		ExecutionOrderSort2 (0ms)
		AwakeInstancesAfterBackupRestoration (8ms)
Default GameObject BitMask: InternalUI already registered
Default GameObject BitMask: HardwareObjects already registered
Launched and connected shader compiler UnityShaderCompiler.exe after 0.07 seconds
Refreshing native plugins compatible for Editor in 92.34 ms, found 10 plugins.
Preloading 2 native plugins for Editor in 0.18 ms.
Unloading 4747 Unused Serialized files (Serialized files now loaded: 0)
Unloading 360 unused Assets / (3.0 MB). Loaded Objects now: 5119.
Memory consumption went from 361.5 MB to 358.4 MB.
Total: 85.800300 ms (FindLiveObjects: 0.337000 ms CreateObjectMapping: 0.217400 ms MarkObjects: 84.026800 ms  DeleteObjects: 1.218300 ms)

AssetImportParameters requested are different than current active one (requested -> active):
  custom:container-demuxer-ogg: 62fdf1f143b41e24485cea50d1cbac27 -> 
  custom:video-decoder-ogg-theora: a1e56fd34408186e4bbccfd4996cb3dc -> 
  custom:framework-win-MediaFoundation: 216162199b28c13a410421893ffa2e32 -> 
  custom:CustomObjectIndexerAttribute: 9a22284fe3817be447336de3de66b15e -> 
  custom:container-demuxer-webm: 4f35f7cbe854078d1ac9338744f61a02 -> 
  custom:container-muxer-webm: aa71ff27fc2769a1b78a27578f13a17b -> 
  custom:video-decoder-webm-vp8: 9c59270c3fd7afecdb556c50c9e8de78 -> 
  custom:SearchIndexIgnoredProperties: e643bd26f0fe6173181afceb89e7c659 -> 
  custom:AudioImporter_EditorPlatform: d09bf68614088b80899f8185d706f6e7 -> 
  custom:video-encoder-webm-vp8: eb34c28f22e8b96e1ab97ce403110664 -> 
  custom:audio-decoder-ogg-vorbis: bf7c407c2cedff20999df2af8eb42d56 -> 
  custom:audio-encoder-webm-vorbis: bf7c407c2cedff20999df2af8eb42d56 -> 
========================================================================
Received Import Request.
  Time since last request: 10503.165173 seconds.
  path: Assets/3D DJ/Amplify Functions/AngleBetweenVectors.asset
  artifactKey: Guid(764081594a5aa0b4d9781b5f2fcaa355) Importer(815301076,1909f56bfc062723c751e8b465ee728b)
Start importing Assets/3D DJ/Amplify Functions/AngleBetweenVectors.asset using Guid(764081594a5aa0b4d9781b5f2fcaa355) Importer(815301076,1909f56bfc062723c751e8b465ee728b)  -> (artifact id: '130fccfbda1ec2d1d75c0306fb31fda6') in 0.007194 seconds
Number of updated asset objects reloaded before import = 1
Number of asset objects unloaded after import = 1
========================================================================
Received Import Request.
  Time since last request: 9.428585 seconds.
  path: Assets/3D DJ/Amplify Functions/IsNaN.asset
  artifactKey: Guid(f70d71209aeebdb42bc87095e046f859) Importer(815301076,1909f56bfc062723c751e8b465ee728b)
Start importing Assets/3D DJ/Amplify Functions/IsNaN.asset using Guid(f70d71209aeebdb42bc87095e046f859) Importer(815301076,1909f56bfc062723c751e8b465ee728b)  -> (artifact id: 'be6f0663960234f552ae0862edf5bb75') in 0.001349 seconds
Number of updated asset objects reloaded before import = 0
Number of asset objects unloaded after import = 1
========================================================================
Received Import Request.
  Time since last request: 33.553508 seconds.
  path: Assets/3D DJ/Amplify Functions/IsNaN.asset
  artifactKey: Guid(f70d71209aeebdb42bc87095e046f859) Importer(815301076,1909f56bfc062723c751e8b465ee728b)
Start importing Assets/3D DJ/Amplify Functions/IsNaN.asset using Guid(f70d71209aeebdb42bc87095e046f859) Importer(815301076,1909f56bfc062723c751e8b465ee728b)  -> (artifact id: '8858b3c742f26fedb231f69739489f89') in 0.001605 seconds
Number of updated asset objects reloaded before import = 0
Number of asset objects unloaded after import = 1
========================================================================
Received Import Request.
  Time since last request: 146.356545 seconds.
  path: Assets/3D DJ/Amplify Functions/AngleBetweenVectors.asset
  artifactKey: Guid(764081594a5aa0b4d9781b5f2fcaa355) Importer(815301076,1909f56bfc062723c751e8b465ee728b)
Start importing Assets/3D DJ/Amplify Functions/AngleBetweenVectors.asset using Guid(764081594a5aa0b4d9781b5f2fcaa355) Importer(815301076,1909f56bfc062723c751e8b465ee728b)  -> (artifact id: '203fa74956b5de07d9f40b7a93785f89') in 0.001568 seconds
Number of updated asset objects reloaded before import = 1
Number of asset objects unloaded after import = 1
========================================================================
Received Import Request.
  Time since last request: 309.774540 seconds.
  path: Assets/3D DJ/Amplify Functions/AngleBetweenVectors.asset
  artifactKey: Guid(764081594a5aa0b4d9781b5f2fcaa355) Importer(815301076,1909f56bfc062723c751e8b465ee728b)
Start importing Assets/3D DJ/Amplify Functions/AngleBetweenVectors.asset using Guid(764081594a5aa0b4d9781b5f2fcaa355) Importer(815301076,1909f56bfc062723c751e8b465ee728b)  -> (artifact id: 'd2259d5aa01b964a01d4fa64390a3af7') in 0.001546 seconds
Number of updated asset objects reloaded before import = 0
Number of asset objects unloaded after import = 1
========================================================================
Received Import Request.
  Time since last request: 125.848965 seconds.
  path: Assets/3D DJ/Amplify Functions/AngleBetweenVectors.asset
  artifactKey: Guid(764081594a5aa0b4d9781b5f2fcaa355) Importer(815301076,1909f56bfc062723c751e8b465ee728b)
Start importing Assets/3D DJ/Amplify Functions/AngleBetweenVectors.asset using Guid(764081594a5aa0b4d9781b5f2fcaa355) Importer(815301076,1909f56bfc062723c751e8b465ee728b)  -> (artifact id: '5fd4e0435b087e21adf949a2d08e4dab') in 0.001433 seconds
Number of updated asset objects reloaded before import = 1
Number of asset objects unloaded after import = 1
========================================================================
Received Import Request.
  Time since last request: 206.198078 seconds.
  path: Assets/3D DJ/Fixtures/fixture.mat
  artifactKey: Guid(7f431c6db4d6314448f996349d972e9c) Importer(815301076,1909f56bfc062723c751e8b465ee728b)
Start importing Assets/3D DJ/Fixtures/fixture.mat using Guid(7f431c6db4d6314448f996349d972e9c) Importer(815301076,1909f56bfc062723c751e8b465ee728b)  -> (artifact id: 'e55cdb43254246d21a23f900527fc7a9') in 0.488007 seconds
Number of updated asset objects reloaded before import = 1
Number of asset objects unloaded after import = 13
========================================================================
Received Import Request.
  Time since last request: 30.703869 seconds.
  path: Assets/3D DJ/Fixtures/fixture.mat
  artifactKey: Guid(7f431c6db4d6314448f996349d972e9c) Importer(815301076,1909f56bfc062723c751e8b465ee728b)
Start importing Assets/3D DJ/Fixtures/fixture.mat using Guid(7f431c6db4d6314448f996349d972e9c) Importer(815301076,1909f56bfc062723c751e8b465ee728b)  -> (artifact id: '93d90ab64fe45aa2db75f40c8247160e') in 0.133781 seconds
Number of updated asset objects reloaded before import = 1
Number of asset objects unloaded after import = 13
========================================================================
Received Import Request.
  Time since last request: 3.798359 seconds.
  path: Assets/3D DJ/Fixtures/fixture.mat
  artifactKey: Guid(7f431c6db4d6314448f996349d972e9c) Importer(815301076,1909f56bfc062723c751e8b465ee728b)
Start importing Assets/3D DJ/Fixtures/fixture.mat using Guid(7f431c6db4d6314448f996349d972e9c) Importer(815301076,1909f56bfc062723c751e8b465ee728b)  -> (artifact id: '7944a867742f10cb95b5eb00ebf31cf6') in 0.459885 seconds
Number of updated asset objects reloaded before import = 1
Number of asset objects unloaded after import = 13
========================================================================
Received Import Request.
  Time since last request: 27.554503 seconds.
  path: Assets/3D DJ/Fixtures/fixture.mat
  artifactKey: Guid(7f431c6db4d6314448f996349d972e9c) Importer(815301076,1909f56bfc062723c751e8b465ee728b)
Start importing Assets/3D DJ/Fixtures/fixture.mat using Guid(7f431c6db4d6314448f996349d972e9c) Importer(815301076,1909f56bfc062723c751e8b465ee728b)  -> (artifact id: 'e217e8cc22f30c886e1e03217facb256') in 0.471591 seconds
Number of updated asset objects reloaded before import = 1
Number of asset objects unloaded after import = 13
========================================================================
Received Import Request.
  Time since last request: 13.387413 seconds.
  path: Assets/3D DJ/Fixtures/fixture.mat
  artifactKey: Guid(7f431c6db4d6314448f996349d972e9c) Importer(815301076,1909f56bfc062723c751e8b465ee728b)
Start importing Assets/3D DJ/Fixtures/fixture.mat using Guid(7f431c6db4d6314448f996349d972e9c) Importer(815301076,1909f56bfc062723c751e8b465ee728b)  -> (artifact id: '0cd1da60b72c14c819a5d7eb280eb5ca') in 0.473807 seconds
Number of updated asset objects reloaded before import = 1
Number of asset objects unloaded after import = 13
========================================================================
Received Import Request.
  Time since last request: 19.506078 seconds.
  path: Assets/3D DJ/Fixtures/fixture.mat
  artifactKey: Guid(7f431c6db4d6314448f996349d972e9c) Importer(815301076,1909f56bfc062723c751e8b465ee728b)
Start importing Assets/3D DJ/Fixtures/fixture.mat using Guid(7f431c6db4d6314448f996349d972e9c) Importer(815301076,1909f56bfc062723c751e8b465ee728b)  -> (artifact id: 'f67c8a2e7fb78f2aca524656a8cdd0e4') in 0.428118 seconds
Number of updated asset objects reloaded before import = 1
Number of asset objects unloaded after import = 13
========================================================================
Received Import Request.
  Time since last request: 14.193071 seconds.
  path: Assets/3D DJ/Fixtures/fixture.mat
  artifactKey: Guid(7f431c6db4d6314448f996349d972e9c) Importer(815301076,1909f56bfc062723c751e8b465ee728b)
Start importing Assets/3D DJ/Fixtures/fixture.mat using Guid(7f431c6db4d6314448f996349d972e9c) Importer(815301076,1909f56bfc062723c751e8b465ee728b)  -> (artifact id: '1f9e0167fa9b3398d0ca76e6083bd0f2') in 0.130834 seconds
Number of updated asset objects reloaded before import = 1
Number of asset objects unloaded after import = 13
========================================================================
Received Import Request.
  Time since last request: 80.648011 seconds.
  path: Assets/3D DJ/Playback/Depth Build/Depth Build.mat
  artifactKey: Guid(70c9ee0446953804bab48a59b9399d69) Importer(815301076,1909f56bfc062723c751e8b465ee728b)
Start importing Assets/3D DJ/Playback/Depth Build/Depth Build.mat using Guid(70c9ee0446953804bab48a59b9399d69) Importer(815301076,1909f56bfc062723c751e8b465ee728b)  -> (artifact id: '4f9d62eddc253613c815d8a9a0ef4a80') in 0.032452 seconds
Number of updated asset objects reloaded before import = 0
Number of asset objects unloaded after import = 14
========================================================================
Received Import Request.
  Time since last request: 0.000014 seconds.
  path: Assets/3D DJ/Playback/Depth Build/Static Vert Position Preview.mat
  artifactKey: Guid(a867467a496efe947a43fbef69dc1067) Importer(815301076,1909f56bfc062723c751e8b465ee728b)
Start importing Assets/3D DJ/Playback/Depth Build/Static Vert Position Preview.mat using Guid(a867467a496efe947a43fbef69dc1067) Importer(815301076,1909f56bfc062723c751e8b465ee728b)  -> (artifact id: '3eec5ace3d4725e6475c2a84e9cb97f0') in 0.027291 seconds
Number of updated asset objects reloaded before import = 0
Number of asset objects unloaded after import = 14
========================================================================
Received Import Request.
  Time since last request: 0.000014 seconds.
  path: Assets/3D DJ/Playback/Depth Build/Static Preview.mat
  artifactKey: Guid(cb081a8bc87f6c7449d184815a6f71a3) Importer(815301076,1909f56bfc062723c751e8b465ee728b)
Start importing Assets/3D DJ/Playback/Depth Build/Static Preview.mat using Guid(cb081a8bc87f6c7449d184815a6f71a3) Importer(815301076,1909f56bfc062723c751e8b465ee728b)  -> (artifact id: '67850d02dff1ea78a74cce759281690b') in 0.022631 seconds
Number of updated asset objects reloaded before import = 0
Number of asset objects unloaded after import = 14
========================================================================
Received Import Request.
  Time since last request: 0.945218 seconds.
  path: Assets/3D DJ/Playback/Color Extract.mat
  artifactKey: Guid(b4013e4c41d0a6741ad3469d33c7585e) Importer(815301076,1909f56bfc062723c751e8b465ee728b)
Start importing Assets/3D DJ/Playback/Color Extract.mat using Guid(b4013e4c41d0a6741ad3469d33c7585e) Importer(815301076,1909f56bfc062723c751e8b465ee728b)  -> (artifact id: '5d243abcef782941de2fbf8cd618a65e') in 0.020858 seconds
Number of updated asset objects reloaded before import = 0
Number of asset objects unloaded after import = 7
========================================================================
Received Import Request.
  Time since last request: 2.289015 seconds.
  path: Assets/3D DJ/Prefabs/3DJ.prefab
  artifactKey: Guid(93af4b9116135ea4788cdf90717ca754) Importer(815301076,1909f56bfc062723c751e8b465ee728b)
Start importing Assets/3D DJ/Prefabs/3DJ.prefab using Guid(93af4b9116135ea4788cdf90717ca754) Importer(815301076,1909f56bfc062723c751e8b465ee728b)  -> (artifact id: 'b8b3029d704235464edb2c348ccdb324') in 0.247291 seconds
Number of updated asset objects reloaded before import = 0
Number of asset objects unloaded after import = 363
