Using pre-set license
Built from '2022.3/staging' branch; Version is '2022.3.22f1 (887be4894c44) revision 8944612'; Using compiler version '192829333'; Build Type 'Release'
OS: 'Windows 11  (10.0.26100) 64bit Professional' Language: 'en' Physical Memory: 32655 MB
BatchMode: 1, IsHumanControllingUs: 0, StartBugReporterOnCrash: 0, Is64bit: 1, IsPro: 1

COMMAND LINE ARGUMENTS:
C:\Users\mherber\Documents\2022.3.22f1\Editor\Unity.exe
-adb2
-batchMode
-noUpm
-name
AssetImportWorker7
-projectPath
C:/Users/mherber/sonar-3dj-project
-logFile
Logs/AssetImportWorker7.log
-srvPort
50547
Successfully changed project path to: C:/Users/mherber/sonar-3dj-project
C:/Users/mherber/sonar-3dj-project
[UnityMemory] Configuration Parameters - Can be set up in boot.config
    "memorysetup-bucket-allocator-granularity=16"
    "memorysetup-bucket-allocator-bucket-count=8"
    "memorysetup-bucket-allocator-block-size=33554432"
    "memorysetup-bucket-allocator-block-count=8"
    "memorysetup-main-allocator-block-size=16777216"
    "memorysetup-thread-allocator-block-size=16777216"
    "memorysetup-gfx-main-allocator-block-size=16777216"
    "memorysetup-gfx-thread-allocator-block-size=16777216"
    "memorysetup-cache-allocator-block-size=4194304"
    "memorysetup-typetree-allocator-block-size=2097152"
    "memorysetup-profiler-bucket-allocator-granularity=16"
    "memorysetup-profiler-bucket-allocator-bucket-count=8"
    "memorysetup-profiler-bucket-allocator-block-size=33554432"
    "memorysetup-profiler-bucket-allocator-block-count=8"
    "memorysetup-profiler-allocator-block-size=16777216"
    "memorysetup-profiler-editor-allocator-block-size=1048576"
    "memorysetup-temp-allocator-size-main=16777216"
    "memorysetup-job-temp-allocator-block-size=2097152"
    "memorysetup-job-temp-allocator-block-size-background=1048576"
    "memorysetup-job-temp-allocator-reduction-small-platforms=262144"
    "memorysetup-allocator-temp-initial-block-size-main=262144"
    "memorysetup-allocator-temp-initial-block-size-worker=262144"
    "memorysetup-temp-allocator-size-background-worker=32768"
    "memorysetup-temp-allocator-size-job-worker=262144"
    "memorysetup-temp-allocator-size-preload-manager=33554432"
    "memorysetup-temp-allocator-size-nav-mesh-worker=65536"
    "memorysetup-temp-allocator-size-audio-worker=65536"
    "memorysetup-temp-allocator-size-cloud-worker=32768"
    "memorysetup-temp-allocator-size-gi-baking-worker=262144"
    "memorysetup-temp-allocator-size-gfx=262144"
Player connection [27212] Host "[IP] 10.0.2.89 [Port] 0 [Flags] 2 [Guid] 3053687505 [EditorId] 3053687505 [Version] 1048832 [Id] WindowsEditor(7,PTM541) [Debug] 1 [PackageName] WindowsEditor [ProjectName] Editor" joined multi-casting on [225.0.0.222:54997]...

Player connection [27212] Host "[IP] 10.0.2.89 [Port] 0 [Flags] 2 [Guid] 3053687505 [EditorId] 3053687505 [Version] 1048832 [Id] WindowsEditor(7,PTM541) [Debug] 1 [PackageName] WindowsEditor [ProjectName] Editor" joined alternative multi-casting on [225.0.0.222:34997]...

[Physics::Module] Initialized MultithreadedJobDispatcher with 11 workers.
Default GameObject BitMask: InternalUI already registered
Default GameObject BitMask: HardwareObjects already registered
Refreshing native plugins compatible for Editor in 187.89 ms, found 9 plugins.
Preloading 2 native plugins for Editor in 4.20 ms.
Initialize engine version: 2022.3.22f1 (887be4894c44)
[Subsystems] Discovering subsystems at path C:/Users/mherber/Documents/2022.3.22f1/Editor/Data/Resources/UnitySubsystems
[Subsystems] Discovering subsystems at path C:/Users/mherber/sonar-3dj-project/Assets
GfxDevice: creating device client; threaded=0; jobified=0
Direct3D:
    Version:  Direct3D 11.0 [level 11.1]
    Renderer: NVIDIA GeForce RTX 3060 (ID=0x2504)
    Vendor:   NVIDIA
    VRAM:     12115 MB
    Driver:   32.0.15.6094
Initialize mono
Mono path[0] = 'C:/Users/mherber/Documents/2022.3.22f1/Editor/Data/Managed'
Mono path[1] = 'C:/Users/mherber/Documents/2022.3.22f1/Editor/Data/MonoBleedingEdge/lib/mono/unityjit-win32'
Mono config path = 'C:/Users/mherber/Documents/2022.3.22f1/Editor/Data/MonoBleedingEdge/etc'
Using monoOptions --debugger-agent=transport=dt_socket,embedding=1,server=y,suspend=n,address=127.0.0.1:56688
Begin MonoManager ReloadAssembly
Registering precompiled unity dll's ...
Register platform support module: C:/Users/mherber/Documents/2022.3.22f1/Editor/Data/PlaybackEngines/AndroidPlayer/UnityEditor.Android.Extensions.dll
Register platform support module: C:/Users/mherber/Documents/2022.3.22f1/Editor/Data/PlaybackEngines/WindowsStandaloneSupport/UnityEditor.WindowsStandalone.Extensions.dll
Registered in 0.011205 seconds.
- Loaded All Assemblies, in  0.387 seconds
Native extension for WindowsStandalone target not found
Native extension for Android target not found
Mono: successfully reloaded assembly
- Finished resetting the current domain, in  0.318 seconds
Domain Reload Profiling: 703ms
	BeginReloadAssembly (146ms)
		ExecutionOrderSort (0ms)
		DisableScriptedObjects (0ms)
		BackupInstance (0ms)
		ReleaseScriptingObjects (0ms)
		CreateAndSetChildDomain (1ms)
	RebuildCommonClasses (33ms)
	RebuildNativeTypeToScriptingClass (8ms)
	initialDomainReloadingComplete (59ms)
	LoadAllAssembliesAndSetupDomain (138ms)
		LoadAssemblies (147ms)
		RebuildTransferFunctionScriptingTraits (0ms)
		AnalyzeDomain (134ms)
			TypeCache.Refresh (132ms)
				TypeCache.ScanAssembly (119ms)
			ScanForSourceGeneratedMonoScriptInfo (0ms)
			ResolveRequiredComponents (0ms)
	FinalizeReload (318ms)
		ReleaseScriptCaches (0ms)
		RebuildScriptCaches (0ms)
		SetupLoadedEditorAssemblies (264ms)
			LogAssemblyErrors (0ms)
			InitializePlatformSupportModulesInManaged (96ms)
			SetLoadedEditorAssemblies (3ms)
			RefreshPlugins (0ms)
			BeforeProcessingInitializeOnLoad (2ms)
			ProcessInitializeOnLoadAttributes (109ms)
			ProcessInitializeOnLoadMethodAttributes (54ms)
			AfterProcessingInitializeOnLoad (0ms)
			EditorAssembliesLoaded (0ms)
		ExecutionOrderSort2 (0ms)
		AwakeInstancesAfterBackupRestoration (0ms)
========================================================================
Worker process is ready to serve import requests
Begin MonoManager ReloadAssembly
- Loaded All Assemblies, in  1.433 seconds
Refreshing native plugins compatible for Editor in 129.83 ms, found 9 plugins.
Native extension for WindowsStandalone target not found
Native extension for Android target not found
Package Manager log level set to [2]
[Package Manager] Server::EnsureServerProcessIsRunning -- launch failed, reason: Unity was launched with the -noUpm command-line argument
[Package Manager] UpmClient::Send -- Unable to send message (not connected to UPM process).
[Package Manager] Cannot connect to Unity Package Manager local server
[Package Manager] Server::EnsureServerProcessIsRunning -- launch failed, reason: Unity was launched with the -noUpm command-line argument
[Package Manager] UpmClient::Send -- Unable to send message (not connected to UPM process).
[Package Manager] Cannot connect to Unity Package Manager local server
System.ArgumentNullException: Value cannot be null.
Parameter name: path
  at System.IO.Directory.CreateDirectory (System.String path) [0x00003] in <27124aa0e30a41659b903b822b959bc7>:0 
  at VRC.SDKBase.Editor.VRCPackageSettings.EnsurePathExists () [0x0000b] in .\Packages\com.vrchat.base\Editor\VRCSDK\Dependencies\VRChat\VRCPackageSettings.cs:45 
  at VRC.SDKBase.Editor.VRCPackageSettings.Load () [0x00000] in .\Packages\com.vrchat.base\Editor\VRCSDK\Dependencies\VRChat\VRCPackageSettings.cs:50 
  at VRC.SDKBase.Editor.VRCPackageSettings.Create () [0x00005] in .\Packages\com.vrchat.base\Editor\VRCSDK\Dependencies\VRChat\VRCPackageSettings.cs:19 
  at VRC.SDKBase.Editor.SampleHintCreator..cctor () [0x00007] in .\Packages\com.vrchat.base\Editor\VRCSDK\SampleHintCreator.cs:18 
UnityEngine.StackTraceUtility:ExtractStackTrace ()
UnityEngine.DebugLogHandler:LogFormat (UnityEngine.LogType,UnityEngine.Object,string,object[])
UnityEngine.Logger:Log (UnityEngine.LogType,object)
UnityEngine.Debug:LogError (object)
UnityEditor.EditorAssemblies:ProcessInitializeOnLoadAttributes (System.Type[])

System.Reflection.TargetInvocationException: Exception has been thrown by the target of an invocation. ---> System.NullReferenceException: Object reference not set to an instance of an object
  at Unity.XR.Oculus.OculusLoader.AssetPathToAbsolutePath (System.String assetPath) [0x00040] in .\Library\PackageCache\com.unity.xr.oculus@4.2.0\Runtime\OculusLoader.cs:298 
  at Unity.XR.Oculus.OculusLoader.EditorLoadOVRPlugin () [0x0008c] in .\Library\PackageCache\com.unity.xr.oculus@4.2.0\Runtime\OculusLoader.cs:283 
  at (wrapper managed-to-native) System.Reflection.RuntimeMethodInfo.InternalInvoke(System.Reflection.RuntimeMethodInfo,object,object[],System.Exception&)
  at System.Reflection.RuntimeMethodInfo.Invoke (System.Object obj, System.Reflection.BindingFlags invokeAttr, System.Reflection.Binder binder, System.Object[] parameters, System.Globalization.CultureInfo culture) [0x0006a] in <27124aa0e30a41659b903b822b959bc7>:0 
   --- End of inner exception stack trace ---
  at System.Reflection.RuntimeMethodInfo.Invoke (System.Object obj, System.Reflection.BindingFlags invokeAttr, System.Reflection.Binder binder, System.Object[] parameters, System.Globalization.CultureInfo culture) [0x00083] in <27124aa0e30a41659b903b822b959bc7>:0 
  at System.Reflection.MethodBase.Invoke (System.Object obj, System.Object[] parameters) [0x00000] in <27124aa0e30a41659b903b822b959bc7>:0 
  at UnityEditor.EditorAssemblies.ProcessInitializeOnLoadMethodAttributes () [0x000a5] in <80a8ce1980c648dca8e68f0d8aa3b930>:0 
UnityEngine.StackTraceUtility:ExtractStackTrace ()
UnityEngine.DebugLogHandler:LogFormat (UnityEngine.LogType,UnityEngine.Object,string,object[])
UnityEngine.Logger:Log (UnityEngine.LogType,object)
UnityEngine.Debug:LogError (object)
UnityEditor.EditorAssemblies:ProcessInitializeOnLoadMethodAttributes ()

Mono: successfully reloaded assembly
[Package Manager] Server::EnsureServerProcessIsRunning -- launch failed, reason: Unity was launched with the -noUpm command-line argument
[Package Manager] UpmClient::Send -- Unable to send message (not connected to UPM process).
[Package Manager] Cannot connect to Unity Package Manager local server
[Package Manager] Server::EnsureServerProcessIsRunning -- launch failed, reason: Unity was launched with the -noUpm command-line argument
[Package Manager] UpmClient::Send -- Unable to send message (not connected to UPM process).
[Package Manager] Cannot connect to Unity Package Manager local server
- Finished resetting the current domain, in  2.570 seconds
Domain Reload Profiling: 3999ms
	BeginReloadAssembly (166ms)
		ExecutionOrderSort (0ms)
		DisableScriptedObjects (4ms)
		BackupInstance (0ms)
		ReleaseScriptingObjects (0ms)
		CreateAndSetChildDomain (20ms)
	RebuildCommonClasses (30ms)
	RebuildNativeTypeToScriptingClass (8ms)
	initialDomainReloadingComplete (58ms)
	LoadAllAssembliesAndSetupDomain (1165ms)
		LoadAssemblies (906ms)
		RebuildTransferFunctionScriptingTraits (0ms)
		AnalyzeDomain (370ms)
			TypeCache.Refresh (323ms)
				TypeCache.ScanAssembly (301ms)
			ScanForSourceGeneratedMonoScriptInfo (23ms)
			ResolveRequiredComponents (19ms)
	FinalizeReload (2571ms)
		ReleaseScriptCaches (0ms)
		RebuildScriptCaches (0ms)
		SetupLoadedEditorAssemblies (1605ms)
			LogAssemblyErrors (0ms)
			InitializePlatformSupportModulesInManaged (31ms)
			SetLoadedEditorAssemblies (7ms)
			RefreshPlugins (0ms)
			BeforeProcessingInitializeOnLoad (277ms)
			ProcessInitializeOnLoadAttributes (732ms)
			ProcessInitializeOnLoadMethodAttributes (548ms)
			AfterProcessingInitializeOnLoad (10ms)
			EditorAssembliesLoaded (0ms)
		ExecutionOrderSort2 (0ms)
		AwakeInstancesAfterBackupRestoration (10ms)
Default GameObject BitMask: InternalUI already registered
Default GameObject BitMask: HardwareObjects already registered
Launched and connected shader compiler UnityShaderCompiler.exe after 0.08 seconds
Refreshing native plugins compatible for Editor in 91.74 ms, found 9 plugins.
Preloading 2 native plugins for Editor in 0.18 ms.
Unloading 4390 Unused Serialized files (Serialized files now loaded: 0)
Unloading 220 unused Assets / (2.3 MB). Loaded Objects now: 4830.
Memory consumption went from 313.9 MB to 311.6 MB.
Total: 18.678100 ms (FindLiveObjects: 0.345400 ms CreateObjectMapping: 0.102300 ms MarkObjects: 17.271200 ms  DeleteObjects: 0.958100 ms)

AssetImportParameters requested are different than current active one (requested -> active):
  custom:container-demuxer-ogg: 62fdf1f143b41e24485cea50d1cbac27 -> 
  custom:video-decoder-ogg-theora: a1e56fd34408186e4bbccfd4996cb3dc -> 
  custom:framework-win-MediaFoundation: 216162199b28c13a410421893ffa2e32 -> 
  custom:CustomObjectIndexerAttribute: 9a22284fe3817be447336de3de66b15e -> 
  custom:container-demuxer-webm: 4f35f7cbe854078d1ac9338744f61a02 -> 
  custom:container-muxer-webm: aa71ff27fc2769a1b78a27578f13a17b -> 
  custom:video-decoder-webm-vp8: 9c59270c3fd7afecdb556c50c9e8de78 -> 
  custom:SearchIndexIgnoredProperties: e643bd26f0fe6173181afceb89e7c659 -> 
  custom:AudioImporter_EditorPlatform: d09bf68614088b80899f8185d706f6e7 -> 
  custom:video-encoder-webm-vp8: eb34c28f22e8b96e1ab97ce403110664 -> 
  custom:audio-decoder-ogg-vorbis: bf7c407c2cedff20999df2af8eb42d56 -> 
  custom:audio-encoder-webm-vorbis: bf7c407c2cedff20999df2af8eb42d56 -> 
========================================================================
Received Import Request.
  Time since last request: 13987.398301 seconds.
  path: Assets/3D DJ/Playback/Depth Build/Static Non Deform.mat
  artifactKey: Guid(d15905c089f6a4e4b81b3342826eff14) Importer(815301076,1909f56bfc062723c751e8b465ee728b)
Start importing Assets/3D DJ/Playback/Depth Build/Static Non Deform.mat using Guid(d15905c089f6a4e4b81b3342826eff14) Importer(815301076,1909f56bfc062723c751e8b465ee728b)  -> (artifact id: '91e8c73e5536a08afb8235f76ee1c0c0') in 0.518962 seconds
Number of updated asset objects reloaded before import = 1
Number of asset objects unloaded after import = 16
========================================================================
Received Import Request.
  Time since last request: 40.182421 seconds.
  path: Assets/3D DJ/Playback/Depth Build/Static Non Deform.mat
  artifactKey: Guid(d15905c089f6a4e4b81b3342826eff14) Importer(815301076,1909f56bfc062723c751e8b465ee728b)
Start importing Assets/3D DJ/Playback/Depth Build/Static Non Deform.mat using Guid(d15905c089f6a4e4b81b3342826eff14) Importer(815301076,1909f56bfc062723c751e8b465ee728b)  -> (artifact id: '4e8b6733cfe2c528d1618985cdb9d054') in 0.473161 seconds
Number of updated asset objects reloaded before import = 1
Number of asset objects unloaded after import = 16
========================================================================
Received Import Request.
  Time since last request: 0.000016 seconds.
  path: Assets/3D DJ/Playback/Depth Build/Static Normals Preview.mat
  artifactKey: Guid(7a35d3f0194b9f0408fac554a3b1f2ee) Importer(815301076,1909f56bfc062723c751e8b465ee728b)
Start importing Assets/3D DJ/Playback/Depth Build/Static Normals Preview.mat using Guid(7a35d3f0194b9f0408fac554a3b1f2ee) Importer(815301076,1909f56bfc062723c751e8b465ee728b)  -> (artifact id: 'db9dd635f27fbee554ccd45007fc1973') in 0.400300 seconds
Number of updated asset objects reloaded before import = 0
Number of asset objects unloaded after import = 16
========================================================================
Received Import Request.
  Time since last request: 35.411071 seconds.
  path: Assets/3D DJ/Playback/Depth Build/Static Non Deform.mat
  artifactKey: Guid(d15905c089f6a4e4b81b3342826eff14) Importer(815301076,1909f56bfc062723c751e8b465ee728b)
Start importing Assets/3D DJ/Playback/Depth Build/Static Non Deform.mat using Guid(d15905c089f6a4e4b81b3342826eff14) Importer(815301076,1909f56bfc062723c751e8b465ee728b)  -> (artifact id: '29db7a0e9531f882e8cdd2ccbb7a5d4a') in 0.438619 seconds
Number of updated asset objects reloaded before import = 1
Number of asset objects unloaded after import = 16
========================================================================
Received Import Request.
  Time since last request: 0.000017 seconds.
  path: Assets/3D DJ/Playback/Depth Build/Static Normals Preview.mat
  artifactKey: Guid(7a35d3f0194b9f0408fac554a3b1f2ee) Importer(815301076,1909f56bfc062723c751e8b465ee728b)
Start importing Assets/3D DJ/Playback/Depth Build/Static Normals Preview.mat using Guid(7a35d3f0194b9f0408fac554a3b1f2ee) Importer(815301076,1909f56bfc062723c751e8b465ee728b)  -> (artifact id: 'c20673baafbbc9af5fde2770f7868282') in 0.405940 seconds
Number of updated asset objects reloaded before import = 0
Number of asset objects unloaded after import = 16
========================================================================
Received Import Request.
  Time since last request: 9.843865 seconds.
  path: Assets/3D DJ/Playback/Depth Build/Static Non Deform.mat
  artifactKey: Guid(d15905c089f6a4e4b81b3342826eff14) Importer(815301076,1909f56bfc062723c751e8b465ee728b)
Start importing Assets/3D DJ/Playback/Depth Build/Static Non Deform.mat using Guid(d15905c089f6a4e4b81b3342826eff14) Importer(815301076,1909f56bfc062723c751e8b465ee728b)  -> (artifact id: '9cff2ad8b7592ca106b83470cdbf41cc') in 0.468393 seconds
Number of updated asset objects reloaded before import = 1
Number of asset objects unloaded after import = 16
========================================================================
Received Import Request.
  Time since last request: 10.594075 seconds.
  path: Assets/3D DJ/Playback/Depth Build/Static Non Deform.mat
  artifactKey: Guid(d15905c089f6a4e4b81b3342826eff14) Importer(815301076,1909f56bfc062723c751e8b465ee728b)
Start importing Assets/3D DJ/Playback/Depth Build/Static Non Deform.mat using Guid(d15905c089f6a4e4b81b3342826eff14) Importer(815301076,1909f56bfc062723c751e8b465ee728b)  -> (artifact id: 'e6766841568bce5065ab5a4d00eb1b91') in 0.485503 seconds
Number of updated asset objects reloaded before import = 1
Number of asset objects unloaded after import = 16
========================================================================
Received Import Request.
  Time since last request: 0.000021 seconds.
  path: Assets/3D DJ/Playback/Depth Build/Static Normals Preview.mat
  artifactKey: Guid(7a35d3f0194b9f0408fac554a3b1f2ee) Importer(815301076,1909f56bfc062723c751e8b465ee728b)
Start importing Assets/3D DJ/Playback/Depth Build/Static Normals Preview.mat using Guid(7a35d3f0194b9f0408fac554a3b1f2ee) Importer(815301076,1909f56bfc062723c751e8b465ee728b)  -> (artifact id: '8d4b4c5a1359890e48963579b33bc729') in 0.378219 seconds
Number of updated asset objects reloaded before import = 0
Number of asset objects unloaded after import = 16
========================================================================
Received Import Request.
  Time since last request: 26.747114 seconds.
  path: Assets/3D DJ/Playback/Depth Build/Static Non Deform.mat
  artifactKey: Guid(d15905c089f6a4e4b81b3342826eff14) Importer(815301076,1909f56bfc062723c751e8b465ee728b)
Start importing Assets/3D DJ/Playback/Depth Build/Static Non Deform.mat using Guid(d15905c089f6a4e4b81b3342826eff14) Importer(815301076,1909f56bfc062723c751e8b465ee728b)  -> (artifact id: 'd81d206dbfe046ec1e7e0bdb598af857') in 0.494364 seconds
Number of updated asset objects reloaded before import = 1
Number of asset objects unloaded after import = 16
========================================================================
Received Import Request.
  Time since last request: 0.000020 seconds.
  path: Assets/3D DJ/Playback/Depth Build/Static Preview.mat
  artifactKey: Guid(cb081a8bc87f6c7449d184815a6f71a3) Importer(815301076,1909f56bfc062723c751e8b465ee728b)
Start importing Assets/3D DJ/Playback/Depth Build/Static Preview.mat using Guid(cb081a8bc87f6c7449d184815a6f71a3) Importer(815301076,1909f56bfc062723c751e8b465ee728b)  -> (artifact id: 'a0150bbdcbdc34c4b561a893202ebb0f') in 0.394801 seconds
Number of updated asset objects reloaded before import = 0
Number of asset objects unloaded after import = 16
========================================================================
Received Import Request.
  Time since last request: 78.437260 seconds.
  path: Assets/3D DJ/Playback/Depth Build/Static Face Index Preview.mat
  artifactKey: Guid(e1847987706c6624ca6a95c393f6c4c5) Importer(815301076,1909f56bfc062723c751e8b465ee728b)
Start importing Assets/3D DJ/Playback/Depth Build/Static Face Index Preview.mat using Guid(e1847987706c6624ca6a95c393f6c4c5) Importer(815301076,1909f56bfc062723c751e8b465ee728b)  -> (artifact id: 'f21f3453e7a67cd6f7c2c7c3ec89fcc1') in 0.470653 seconds
Number of updated asset objects reloaded before import = 1
Number of asset objects unloaded after import = 16
========================================================================
Received Import Request.
  Time since last request: 0.000054 seconds.
  path: Assets/3D DJ/Playback/Depth Build/Static Normals Preview.mat
  artifactKey: Guid(7a35d3f0194b9f0408fac554a3b1f2ee) Importer(815301076,1909f56bfc062723c751e8b465ee728b)
Start importing Assets/3D DJ/Playback/Depth Build/Static Normals Preview.mat using Guid(7a35d3f0194b9f0408fac554a3b1f2ee) Importer(815301076,1909f56bfc062723c751e8b465ee728b)  -> (artifact id: '46d6345185f33de5b93db2e4ebc58c4c') in 0.459186 seconds
Number of updated asset objects reloaded before import = 0
Number of asset objects unloaded after import = 16
========================================================================
Received Import Request.
  Time since last request: 7.676283 seconds.
  path: Assets/3D DJ/Playback/Depth Build/Static Face Index Preview.mat
  artifactKey: Guid(e1847987706c6624ca6a95c393f6c4c5) Importer(815301076,1909f56bfc062723c751e8b465ee728b)
Start importing Assets/3D DJ/Playback/Depth Build/Static Face Index Preview.mat using Guid(e1847987706c6624ca6a95c393f6c4c5) Importer(815301076,1909f56bfc062723c751e8b465ee728b)  -> (artifact id: 'c561d09945ef565e4e01b060ec0b4131') in 0.529361 seconds
Number of updated asset objects reloaded before import = 1
Number of asset objects unloaded after import = 16
========================================================================
Received Import Request.
  Time since last request: 0.000022 seconds.
  path: Assets/3D DJ/Playback/Depth Build/Static Non Deform.mat
  artifactKey: Guid(d15905c089f6a4e4b81b3342826eff14) Importer(815301076,1909f56bfc062723c751e8b465ee728b)
Start importing Assets/3D DJ/Playback/Depth Build/Static Non Deform.mat using Guid(d15905c089f6a4e4b81b3342826eff14) Importer(815301076,1909f56bfc062723c751e8b465ee728b)  -> (artifact id: '831aa61df5f81362e728eecff1c9b860') in 0.510289 seconds
Number of updated asset objects reloaded before import = 0
Number of asset objects unloaded after import = 16
========================================================================
Received Import Request.
  Time since last request: 25.305745 seconds.
  path: Assets/3D DJ/Playback/Depth Build/Static Non Deform.mat
  artifactKey: Guid(d15905c089f6a4e4b81b3342826eff14) Importer(815301076,1909f56bfc062723c751e8b465ee728b)
Start importing Assets/3D DJ/Playback/Depth Build/Static Non Deform.mat using Guid(d15905c089f6a4e4b81b3342826eff14) Importer(815301076,1909f56bfc062723c751e8b465ee728b)  -> (artifact id: '4913253d05cdce05100f613dde91ba61') in 0.497232 seconds
Number of updated asset objects reloaded before import = 1
Number of asset objects unloaded after import = 16
========================================================================
Received Import Request.
  Time since last request: 0.000018 seconds.
  path: Assets/3D DJ/Playback/Depth Build/Static Normals Preview.mat
  artifactKey: Guid(7a35d3f0194b9f0408fac554a3b1f2ee) Importer(815301076,1909f56bfc062723c751e8b465ee728b)
Start importing Assets/3D DJ/Playback/Depth Build/Static Normals Preview.mat using Guid(7a35d3f0194b9f0408fac554a3b1f2ee) Importer(815301076,1909f56bfc062723c751e8b465ee728b)  -> (artifact id: 'e69af0698573bb6478a3d649f93ae5c8') in 0.399697 seconds
Number of updated asset objects reloaded before import = 0
Number of asset objects unloaded after import = 16
========================================================================
Received Import Request.
  Time since last request: 4.923593 seconds.
  path: Assets/3D DJ/Playback/Depth Build/Static Non Deform.mat
  artifactKey: Guid(d15905c089f6a4e4b81b3342826eff14) Importer(815301076,1909f56bfc062723c751e8b465ee728b)
Start importing Assets/3D DJ/Playback/Depth Build/Static Non Deform.mat using Guid(d15905c089f6a4e4b81b3342826eff14) Importer(815301076,1909f56bfc062723c751e8b465ee728b)  -> (artifact id: '182e225fc674f2867918de6d07d2eee8') in 0.456601 seconds
Number of updated asset objects reloaded before import = 1
Number of asset objects unloaded after import = 16
========================================================================
Received Import Request.
  Time since last request: 0.000021 seconds.
  path: Assets/3D DJ/Playback/Depth Build/Static Preview.mat
  artifactKey: Guid(cb081a8bc87f6c7449d184815a6f71a3) Importer(815301076,1909f56bfc062723c751e8b465ee728b)
Start importing Assets/3D DJ/Playback/Depth Build/Static Preview.mat using Guid(cb081a8bc87f6c7449d184815a6f71a3) Importer(815301076,1909f56bfc062723c751e8b465ee728b)  -> (artifact id: '5e59b8fb1103ce821c0dd6f8e17d2d4b') in 0.463392 seconds
Number of updated asset objects reloaded before import = 0
Number of asset objects unloaded after import = 16
========================================================================
Received Import Request.
  Time since last request: 5.354039 seconds.
  path: Assets/3D DJ/Playback/Depth Build/Static Non Deform.mat
  artifactKey: Guid(d15905c089f6a4e4b81b3342826eff14) Importer(815301076,1909f56bfc062723c751e8b465ee728b)
Start importing Assets/3D DJ/Playback/Depth Build/Static Non Deform.mat using Guid(d15905c089f6a4e4b81b3342826eff14) Importer(815301076,1909f56bfc062723c751e8b465ee728b)  -> (artifact id: '8a3a315081457a13043285b37d7aa55b') in 0.446810 seconds
Number of updated asset objects reloaded before import = 1
Number of asset objects unloaded after import = 16
========================================================================
Received Import Request.
  Time since last request: 0.000021 seconds.
  path: Assets/3D DJ/Playback/Depth Build/Static Preview.mat
  artifactKey: Guid(cb081a8bc87f6c7449d184815a6f71a3) Importer(815301076,1909f56bfc062723c751e8b465ee728b)
Start importing Assets/3D DJ/Playback/Depth Build/Static Preview.mat using Guid(cb081a8bc87f6c7449d184815a6f71a3) Importer(815301076,1909f56bfc062723c751e8b465ee728b)  -> (artifact id: '75afe4557289223e36169a2a36715f44') in 0.436553 seconds
Number of updated asset objects reloaded before import = 0
Number of asset objects unloaded after import = 16
========================================================================
Received Import Request.
  Time since last request: 5.221535 seconds.
  path: Assets/3D DJ/Playback/Depth Build/Static Non Deform.mat
  artifactKey: Guid(d15905c089f6a4e4b81b3342826eff14) Importer(815301076,1909f56bfc062723c751e8b465ee728b)
Start importing Assets/3D DJ/Playback/Depth Build/Static Non Deform.mat using Guid(d15905c089f6a4e4b81b3342826eff14) Importer(815301076,1909f56bfc062723c751e8b465ee728b)  -> (artifact id: 'd919142d3de8cf6e5c32f9e8a05925fd') in 0.528661 seconds
Number of updated asset objects reloaded before import = 1
Number of asset objects unloaded after import = 16
========================================================================
Received Import Request.
  Time since last request: 39.469718 seconds.
  path: Assets/3D DJ/Playback/Depth Build/Static Non Deform.mat
  artifactKey: Guid(d15905c089f6a4e4b81b3342826eff14) Importer(815301076,1909f56bfc062723c751e8b465ee728b)
Start importing Assets/3D DJ/Playback/Depth Build/Static Non Deform.mat using Guid(d15905c089f6a4e4b81b3342826eff14) Importer(815301076,1909f56bfc062723c751e8b465ee728b)  -> (artifact id: 'ed45fd359226b080c3a97cae0ae34615') in 0.503787 seconds
Number of updated asset objects reloaded before import = 1
Number of asset objects unloaded after import = 16
========================================================================
Received Import Request.
  Time since last request: 0.000018 seconds.
  path: Assets/3D DJ/Playback/Depth Build/Static Preview.mat
  artifactKey: Guid(cb081a8bc87f6c7449d184815a6f71a3) Importer(815301076,1909f56bfc062723c751e8b465ee728b)
Start importing Assets/3D DJ/Playback/Depth Build/Static Preview.mat using Guid(cb081a8bc87f6c7449d184815a6f71a3) Importer(815301076,1909f56bfc062723c751e8b465ee728b)  -> (artifact id: 'cfac13c2883c6224cd7c008de62e7ce8') in 0.820334 seconds
Number of updated asset objects reloaded before import = 0
Number of asset objects unloaded after import = 16
========================================================================
Received Import Request.
  Time since last request: 25.270871 seconds.
  path: Assets/3D DJ/Playback/Depth Build/Static Non Deform.mat
  artifactKey: Guid(d15905c089f6a4e4b81b3342826eff14) Importer(815301076,1909f56bfc062723c751e8b465ee728b)
Start importing Assets/3D DJ/Playback/Depth Build/Static Non Deform.mat using Guid(d15905c089f6a4e4b81b3342826eff14) Importer(815301076,1909f56bfc062723c751e8b465ee728b)  -> (artifact id: '29df45e8e79b6dfb0f3fc7fd9f61f93e') in 0.540792 seconds
Number of updated asset objects reloaded before import = 1
Number of asset objects unloaded after import = 16
========================================================================
Received Import Request.
  Time since last request: 0.000016 seconds.
  path: Assets/3D DJ/Playback/Depth Build/Static Preview.mat
  artifactKey: Guid(cb081a8bc87f6c7449d184815a6f71a3) Importer(815301076,1909f56bfc062723c751e8b465ee728b)
Start importing Assets/3D DJ/Playback/Depth Build/Static Preview.mat using Guid(cb081a8bc87f6c7449d184815a6f71a3) Importer(815301076,1909f56bfc062723c751e8b465ee728b)  -> (artifact id: '6df5e144753582949ba169e3812e48b2') in 0.459290 seconds
Number of updated asset objects reloaded before import = 0
Number of asset objects unloaded after import = 16
========================================================================
Received Import Request.
  Time since last request: 15.497137 seconds.
  path: Assets/3D DJ/Playback/Depth Build/Static Non Deform.mat
  artifactKey: Guid(d15905c089f6a4e4b81b3342826eff14) Importer(815301076,1909f56bfc062723c751e8b465ee728b)
Start importing Assets/3D DJ/Playback/Depth Build/Static Non Deform.mat using Guid(d15905c089f6a4e4b81b3342826eff14) Importer(815301076,1909f56bfc062723c751e8b465ee728b)  -> (artifact id: '0e88edb8a3ecb48c1e58e4febd8ad4d3') in 0.442366 seconds
Number of updated asset objects reloaded before import = 1
Number of asset objects unloaded after import = 16
========================================================================
Received Import Request.
  Time since last request: 0.000021 seconds.
  path: Assets/3D DJ/Playback/Depth Build/Static Preview.mat
  artifactKey: Guid(cb081a8bc87f6c7449d184815a6f71a3) Importer(815301076,1909f56bfc062723c751e8b465ee728b)
Start importing Assets/3D DJ/Playback/Depth Build/Static Preview.mat using Guid(cb081a8bc87f6c7449d184815a6f71a3) Importer(815301076,1909f56bfc062723c751e8b465ee728b)  -> (artifact id: '8c87ac1bc618eb99d6365dab80d3d38d') in 0.417966 seconds
Number of updated asset objects reloaded before import = 0
Number of asset objects unloaded after import = 16
========================================================================
Received Import Request.
  Time since last request: 28.805316 seconds.
  path: Assets/3D DJ/Playback/Depth Build/Static Non Deform.mat
  artifactKey: Guid(d15905c089f6a4e4b81b3342826eff14) Importer(815301076,1909f56bfc062723c751e8b465ee728b)
Start importing Assets/3D DJ/Playback/Depth Build/Static Non Deform.mat using Guid(d15905c089f6a4e4b81b3342826eff14) Importer(815301076,1909f56bfc062723c751e8b465ee728b)  -> (artifact id: '31074ab4916d9b0e54402249f44451c3') in 0.476683 seconds
Number of updated asset objects reloaded before import = 1
Number of asset objects unloaded after import = 16
Editor requested this worker to shutdown with reason: Scaling down because of idle timeout
TcpMessagingSession - receive error: operation aborted. errorcode: 995, details: The I/O operation has been aborted because of either a thread exit or an application request.
AssetImportWorker is now disconnected from the server
Process exiting
Exiting without the bug reporter. Application will terminate with return code 0