Using pre-set license
Built from '2022.3/staging' branch; Version is '2022.3.22f1 (887be4894c44) revision 8944612'; Using compiler version '192829333'; Build Type 'Release'
OS: 'Windows 10  (10.0.19045) 64bit Professional' Language: 'en' Physical Memory: 32655 MB
BatchMode: 1, IsHumanControllingUs: 0, StartBugReporterOnCrash: 0, Is64bit: 1, IsPro: 1

COMMAND LINE ARGUMENTS:
C:\Users\mherber\Documents\2022.3.22f1\Editor\Unity.exe
-adb2
-batchMode
-noUpm
-name
AssetImportWorker3
-projectPath
C:/Users/mherber/Documents/sonar-3dj-project
-logFile
Logs/AssetImportWorker3.log
-srvPort
51337
Successfully changed project path to: C:/Users/mherber/Documents/sonar-3dj-project
C:/Users/mherber/Documents/sonar-3dj-project
[UnityMemory] Configuration Parameters - Can be set up in boot.config
    "memorysetup-bucket-allocator-granularity=16"
    "memorysetup-bucket-allocator-bucket-count=8"
    "memorysetup-bucket-allocator-block-size=33554432"
    "memorysetup-bucket-allocator-block-count=8"
    "memorysetup-main-allocator-block-size=16777216"
    "memorysetup-thread-allocator-block-size=16777216"
    "memorysetup-gfx-main-allocator-block-size=16777216"
    "memorysetup-gfx-thread-allocator-block-size=16777216"
    "memorysetup-cache-allocator-block-size=4194304"
    "memorysetup-typetree-allocator-block-size=2097152"
    "memorysetup-profiler-bucket-allocator-granularity=16"
    "memorysetup-profiler-bucket-allocator-bucket-count=8"
    "memorysetup-profiler-bucket-allocator-block-size=33554432"
    "memorysetup-profiler-bucket-allocator-block-count=8"
    "memorysetup-profiler-allocator-block-size=16777216"
    "memorysetup-profiler-editor-allocator-block-size=1048576"
    "memorysetup-temp-allocator-size-main=16777216"
    "memorysetup-job-temp-allocator-block-size=2097152"
    "memorysetup-job-temp-allocator-block-size-background=1048576"
    "memorysetup-job-temp-allocator-reduction-small-platforms=262144"
    "memorysetup-allocator-temp-initial-block-size-main=262144"
    "memorysetup-allocator-temp-initial-block-size-worker=262144"
    "memorysetup-temp-allocator-size-background-worker=32768"
    "memorysetup-temp-allocator-size-job-worker=262144"
    "memorysetup-temp-allocator-size-preload-manager=33554432"
    "memorysetup-temp-allocator-size-nav-mesh-worker=65536"
    "memorysetup-temp-allocator-size-audio-worker=65536"
    "memorysetup-temp-allocator-size-cloud-worker=32768"
    "memorysetup-temp-allocator-size-gi-baking-worker=262144"
    "memorysetup-temp-allocator-size-gfx=262144"
Player connection [37080] Host "[IP] 10.0.1.118 [Port] 0 [Flags] 2 [Guid] 2634500442 [EditorId] 2634500442 [Version] 1048832 [Id] WindowsEditor(7,PTM541) [Debug] 1 [PackageName] WindowsEditor [ProjectName] Editor" joined multi-casting on [225.0.0.222:54997]...

Player connection [37080] Host "[IP] 10.0.1.118 [Port] 0 [Flags] 2 [Guid] 2634500442 [EditorId] 2634500442 [Version] 1048832 [Id] WindowsEditor(7,PTM541) [Debug] 1 [PackageName] WindowsEditor [ProjectName] Editor" joined alternative multi-casting on [225.0.0.222:34997]...

[Physics::Module] Initialized MultithreadedJobDispatcher with 11 workers.
Default GameObject BitMask: reserved3 already registered
Refreshing native plugins compatible for Editor in 371.31 ms, found 9 plugins.
Preloading 2 native plugins for Editor in 41.62 ms.
Initialize engine version: 2022.3.22f1 (887be4894c44)
[Subsystems] Discovering subsystems at path C:/Users/mherber/Documents/2022.3.22f1/Editor/Data/Resources/UnitySubsystems
[Subsystems] Discovering subsystems at path C:/Users/mherber/Documents/sonar-3dj-project/Assets
GfxDevice: creating device client; threaded=0; jobified=0
Direct3D:
    Version:  Direct3D 11.0 [level 11.1]
    Renderer: NVIDIA GeForce RTX 3060 (ID=0x2504)
    Vendor:   NVIDIA
    VRAM:     12129 MB
    Driver:   31.0.15.3623
Initialize mono
Mono path[0] = 'C:/Users/mherber/Documents/2022.3.22f1/Editor/Data/Managed'
Mono path[1] = 'C:/Users/mherber/Documents/2022.3.22f1/Editor/Data/MonoBleedingEdge/lib/mono/unityjit-win32'
Mono config path = 'C:/Users/mherber/Documents/2022.3.22f1/Editor/Data/MonoBleedingEdge/etc'
Using monoOptions --debugger-agent=transport=dt_socket,embedding=1,server=y,suspend=n,address=127.0.0.1:56792
Begin MonoManager ReloadAssembly
Registering precompiled unity dll's ...
Register platform support module: C:/Users/mherber/Documents/2022.3.22f1/Editor/Data/PlaybackEngines/AndroidPlayer/UnityEditor.Android.Extensions.dll
Register platform support module: C:/Users/mherber/Documents/2022.3.22f1/Editor/Data/PlaybackEngines/WindowsStandaloneSupport/UnityEditor.WindowsStandalone.Extensions.dll
Registered in 0.012580 seconds.
- Loaded All Assemblies, in  0.360 seconds
Native extension for WindowsStandalone target not found
Native extension for Android target not found
Mono: successfully reloaded assembly
- Finished resetting the current domain, in  0.290 seconds
Domain Reload Profiling: 648ms
	BeginReloadAssembly (134ms)
		ExecutionOrderSort (0ms)
		DisableScriptedObjects (0ms)
		BackupInstance (0ms)
		ReleaseScriptingObjects (0ms)
		CreateAndSetChildDomain (1ms)
	RebuildCommonClasses (30ms)
	RebuildNativeTypeToScriptingClass (8ms)
	initialDomainReloadingComplete (60ms)
	LoadAllAssembliesAndSetupDomain (125ms)
		LoadAssemblies (134ms)
		RebuildTransferFunctionScriptingTraits (0ms)
		AnalyzeDomain (122ms)
			TypeCache.Refresh (120ms)
				TypeCache.ScanAssembly (109ms)
			ScanForSourceGeneratedMonoScriptInfo (0ms)
			ResolveRequiredComponents (0ms)
	FinalizeReload (290ms)
		ReleaseScriptCaches (0ms)
		RebuildScriptCaches (0ms)
		SetupLoadedEditorAssemblies (244ms)
			LogAssemblyErrors (0ms)
			InitializePlatformSupportModulesInManaged (93ms)
			SetLoadedEditorAssemblies (3ms)
			RefreshPlugins (0ms)
			BeforeProcessingInitializeOnLoad (2ms)
			ProcessInitializeOnLoadAttributes (97ms)
			ProcessInitializeOnLoadMethodAttributes (50ms)
			AfterProcessingInitializeOnLoad (0ms)
			EditorAssembliesLoaded (0ms)
		ExecutionOrderSort2 (0ms)
		AwakeInstancesAfterBackupRestoration (0ms)
========================================================================
Worker process is ready to serve import requests
Begin MonoManager ReloadAssembly
- Loaded All Assemblies, in  4.957 seconds
Refreshing native plugins compatible for Editor in 87.03 ms, found 9 plugins.
Native extension for WindowsStandalone target not found
Native extension for Android target not found
Package Manager log level set to [2]
[Package Manager] Server::EnsureServerProcessIsRunning -- launch failed, reason: Unity was launched with the -noUpm command-line argument
[Package Manager] UpmClient::Send -- Unable to send message (not connected to UPM process).
[Package Manager] Cannot connect to Unity Package Manager local server
[Package Manager] Server::EnsureServerProcessIsRunning -- launch failed, reason: Unity was launched with the -noUpm command-line argument
[Package Manager] UpmClient::Send -- Unable to send message (not connected to UPM process).
[Package Manager] Cannot connect to Unity Package Manager local server
System.ArgumentNullException: Value cannot be null.
Parameter name: path
  at System.IO.Directory.CreateDirectory (System.String path) [0x00003] in <27124aa0e30a41659b903b822b959bc7>:0 
  at VRC.SDKBase.Editor.VRCPackageSettings.EnsurePathExists () [0x0000b] in .\Packages\com.vrchat.base\Editor\VRCSDK\Dependencies\VRChat\VRCPackageSettings.cs:45 
  at VRC.SDKBase.Editor.VRCPackageSettings.Load () [0x00000] in .\Packages\com.vrchat.base\Editor\VRCSDK\Dependencies\VRChat\VRCPackageSettings.cs:50 
  at VRC.SDKBase.Editor.VRCPackageSettings.Create () [0x00005] in .\Packages\com.vrchat.base\Editor\VRCSDK\Dependencies\VRChat\VRCPackageSettings.cs:19 
  at VRC.SDKBase.Editor.SampleHintCreator..cctor () [0x00007] in .\Packages\com.vrchat.base\Editor\VRCSDK\SampleHintCreator.cs:18 
UnityEngine.StackTraceUtility:ExtractStackTrace ()
UnityEngine.DebugLogHandler:LogFormat (UnityEngine.LogType,UnityEngine.Object,string,object[])
UnityEngine.Logger:Log (UnityEngine.LogType,object)
UnityEngine.Debug:LogError (object)
UnityEditor.EditorAssemblies:ProcessInitializeOnLoadAttributes (System.Type[])

System.Reflection.TargetInvocationException: Exception has been thrown by the target of an invocation. ---> System.NullReferenceException: Object reference not set to an instance of an object
  at Unity.XR.Oculus.OculusLoader.AssetPathToAbsolutePath (System.String assetPath) [0x00040] in .\Library\PackageCache\com.unity.xr.oculus@4.2.0\Runtime\OculusLoader.cs:298 
  at Unity.XR.Oculus.OculusLoader.EditorLoadOVRPlugin () [0x0008c] in .\Library\PackageCache\com.unity.xr.oculus@4.2.0\Runtime\OculusLoader.cs:283 
  at (wrapper managed-to-native) System.Reflection.RuntimeMethodInfo.InternalInvoke(System.Reflection.RuntimeMethodInfo,object,object[],System.Exception&)
  at System.Reflection.RuntimeMethodInfo.Invoke (System.Object obj, System.Reflection.BindingFlags invokeAttr, System.Reflection.Binder binder, System.Object[] parameters, System.Globalization.CultureInfo culture) [0x0006a] in <27124aa0e30a41659b903b822b959bc7>:0 
   --- End of inner exception stack trace ---
  at System.Reflection.RuntimeMethodInfo.Invoke (System.Object obj, System.Reflection.BindingFlags invokeAttr, System.Reflection.Binder binder, System.Object[] parameters, System.Globalization.CultureInfo culture) [0x00083] in <27124aa0e30a41659b903b822b959bc7>:0 
  at System.Reflection.MethodBase.Invoke (System.Object obj, System.Object[] parameters) [0x00000] in <27124aa0e30a41659b903b822b959bc7>:0 
  at UnityEditor.EditorAssemblies.ProcessInitializeOnLoadMethodAttributes () [0x000a5] in <80a8ce1980c648dca8e68f0d8aa3b930>:0 
UnityEngine.StackTraceUtility:ExtractStackTrace ()
UnityEngine.DebugLogHandler:LogFormat (UnityEngine.LogType,UnityEngine.Object,string,object[])
UnityEngine.Logger:Log (UnityEngine.LogType,object)
UnityEngine.Debug:LogError (object)
UnityEditor.EditorAssemblies:ProcessInitializeOnLoadMethodAttributes ()

Mono: successfully reloaded assembly
[Package Manager] Server::EnsureServerProcessIsRunning -- launch failed, reason: Unity was launched with the -noUpm command-line argument
[Package Manager] UpmClient::Send -- Unable to send message (not connected to UPM process).
[Package Manager] Cannot connect to Unity Package Manager local server
[Package Manager] Server::EnsureServerProcessIsRunning -- launch failed, reason: Unity was launched with the -noUpm command-line argument
[Package Manager] UpmClient::Send -- Unable to send message (not connected to UPM process).
[Package Manager] Cannot connect to Unity Package Manager local server
- Finished resetting the current domain, in  1.818 seconds
Domain Reload Profiling: 6771ms
	BeginReloadAssembly (148ms)
		ExecutionOrderSort (0ms)
		DisableScriptedObjects (4ms)
		BackupInstance (0ms)
		ReleaseScriptingObjects (0ms)
		CreateAndSetChildDomain (18ms)
	RebuildCommonClasses (26ms)
	RebuildNativeTypeToScriptingClass (8ms)
	initialDomainReloadingComplete (51ms)
	LoadAllAssembliesAndSetupDomain (4720ms)
		LoadAssemblies (4542ms)
		RebuildTransferFunctionScriptingTraits (0ms)
		AnalyzeDomain (280ms)
			TypeCache.Refresh (244ms)
				TypeCache.ScanAssembly (221ms)
			ScanForSourceGeneratedMonoScriptInfo (26ms)
			ResolveRequiredComponents (8ms)
	FinalizeReload (1818ms)
		ReleaseScriptCaches (0ms)
		RebuildScriptCaches (0ms)
		SetupLoadedEditorAssemblies (1073ms)
			LogAssemblyErrors (0ms)
			InitializePlatformSupportModulesInManaged (22ms)
			SetLoadedEditorAssemblies (4ms)
			RefreshPlugins (0ms)
			BeforeProcessingInitializeOnLoad (161ms)
			ProcessInitializeOnLoadAttributes (501ms)
			ProcessInitializeOnLoadMethodAttributes (375ms)
			AfterProcessingInitializeOnLoad (9ms)
			EditorAssembliesLoaded (0ms)
		ExecutionOrderSort2 (0ms)
		AwakeInstancesAfterBackupRestoration (8ms)
Default GameObject BitMask: reserved3 already registered
Launched and connected shader compiler UnityShaderCompiler.exe after 0.06 seconds
Refreshing native plugins compatible for Editor in 72.62 ms, found 9 plugins.
Preloading 2 native plugins for Editor in 0.13 ms.
Unloading 4339 Unused Serialized files (Serialized files now loaded: 0)
Unloading 220 unused Assets / (2.3 MB). Loaded Objects now: 4779.
Memory consumption went from 313.9 MB to 311.6 MB.
Total: 37.763000 ms (FindLiveObjects: 0.294000 ms CreateObjectMapping: 0.122800 ms MarkObjects: 36.520800 ms  DeleteObjects: 0.824400 ms)

AssetImportParameters requested are different than current active one (requested -> active):
  custom:container-demuxer-ogg: 62fdf1f143b41e24485cea50d1cbac27 -> 
  custom:video-decoder-ogg-theora: a1e56fd34408186e4bbccfd4996cb3dc -> 
  custom:framework-win-MediaFoundation: 216162199b28c13a410421893ffa2e32 -> 
  custom:CustomObjectIndexerAttribute: 9a22284fe3817be447336de3de66b15e -> 
  custom:container-demuxer-webm: 4f35f7cbe854078d1ac9338744f61a02 -> 
  custom:container-muxer-webm: aa71ff27fc2769a1b78a27578f13a17b -> 
  custom:video-decoder-webm-vp8: 9c59270c3fd7afecdb556c50c9e8de78 -> 
  custom:SearchIndexIgnoredProperties: e643bd26f0fe6173181afceb89e7c659 -> 
  custom:AudioImporter_EditorPlatform: d09bf68614088b80899f8185d706f6e7 -> 
  custom:scripting/monoscript/fileName/ConditionalFieldAttribute.cs: c5c734eeb76278e8947103653bf63b7c -> 
  custom:video-encoder-webm-vp8: eb34c28f22e8b96e1ab97ce403110664 -> 
  custom:audio-decoder-ogg-vorbis: bf7c407c2cedff20999df2af8eb42d56 -> 
  custom:audio-encoder-webm-vorbis: bf7c407c2cedff20999df2af8eb42d56 -> 
========================================================================
Received Import Request.
  Time since last request: 16592.684491 seconds.
  path: Assets/3D DJ/Playback/Depth Build/Static Normals Preview.mat
  artifactKey: Guid(7a35d3f0194b9f0408fac554a3b1f2ee) Importer(815301076,1909f56bfc062723c751e8b465ee728b)
Start importing Assets/3D DJ/Playback/Depth Build/Static Normals Preview.mat using Guid(7a35d3f0194b9f0408fac554a3b1f2ee) Importer(815301076,1909f56bfc062723c751e8b465ee728b)  -> (artifact id: '517e16308808662c740a0a1a16e31f28') in 0.455525 seconds
Number of updated asset objects reloaded before import = 1
Number of asset objects unloaded after import = 16
========================================================================
Received Import Request.
  Time since last request: 21.960922 seconds.
  path: Assets/3D DJ/Playback/Depth Build/Static Normals Preview.mat
  artifactKey: Guid(7a35d3f0194b9f0408fac554a3b1f2ee) Importer(815301076,1909f56bfc062723c751e8b465ee728b)
Start importing Assets/3D DJ/Playback/Depth Build/Static Normals Preview.mat using Guid(7a35d3f0194b9f0408fac554a3b1f2ee) Importer(815301076,1909f56bfc062723c751e8b465ee728b)  -> (artifact id: '870fc4ffe91c9533d0997b2733968263') in 0.397891 seconds
Number of updated asset objects reloaded before import = 1
Number of asset objects unloaded after import = 16
========================================================================
Received Import Request.
  Time since last request: 5.259782 seconds.
  path: Assets/3D DJ/Playback/Depth Build/Static Normals Preview.mat
  artifactKey: Guid(7a35d3f0194b9f0408fac554a3b1f2ee) Importer(815301076,1909f56bfc062723c751e8b465ee728b)
Start importing Assets/3D DJ/Playback/Depth Build/Static Normals Preview.mat using Guid(7a35d3f0194b9f0408fac554a3b1f2ee) Importer(815301076,1909f56bfc062723c751e8b465ee728b)  -> (artifact id: '60f19d0aa493cc25b358ab53070bf1f6') in 0.362336 seconds
Number of updated asset objects reloaded before import = 1
Number of asset objects unloaded after import = 16
========================================================================
Received Import Request.
  Time since last request: 0.000014 seconds.
  path: Assets/3D DJ/Playback/Depth Build/DepthBuild.shader
  artifactKey: Guid(e6d71ffa52071fd48bb56b7befb88bf0) Importer(815301076,1909f56bfc062723c751e8b465ee728b)
Start importing Assets/3D DJ/Playback/Depth Build/DepthBuild.shader using Guid(e6d71ffa52071fd48bb56b7befb88bf0) Importer(815301076,1909f56bfc062723c751e8b465ee728b)  -> (artifact id: '28d7b2250b8a70ba9d37e47d11c0ebcd') in 0.000922 seconds
Number of updated asset objects reloaded before import = 0
Number of asset objects unloaded after import = 0
========================================================================
Received Import Request.
  Time since last request: 0.000030 seconds.
  path: Assets/3D DJ/Playback/Depth Build/Static Preview.mat
  artifactKey: Guid(cb081a8bc87f6c7449d184815a6f71a3) Importer(815301076,1909f56bfc062723c751e8b465ee728b)
Start importing Assets/3D DJ/Playback/Depth Build/Static Preview.mat using Guid(cb081a8bc87f6c7449d184815a6f71a3) Importer(815301076,1909f56bfc062723c751e8b465ee728b)  -> (artifact id: 'b2cbda09f085d188224b7f31b9a7e530') in 0.029772 seconds
Number of updated asset objects reloaded before import = 0
Number of asset objects unloaded after import = 16
========================================================================
Received Import Request.
  Time since last request: 3.803426 seconds.
  path: Assets/3D DJ/Playback/Depth Build/Static Normals Preview.mat
  artifactKey: Guid(7a35d3f0194b9f0408fac554a3b1f2ee) Importer(815301076,1909f56bfc062723c751e8b465ee728b)
Start importing Assets/3D DJ/Playback/Depth Build/Static Normals Preview.mat using Guid(7a35d3f0194b9f0408fac554a3b1f2ee) Importer(815301076,1909f56bfc062723c751e8b465ee728b)  -> (artifact id: '46aeb50b6dcac2519607dc6d07534267') in 0.398935 seconds
Number of updated asset objects reloaded before import = 1
Number of asset objects unloaded after import = 16
========================================================================
Received Import Request.
  Time since last request: 0.000015 seconds.
  path: Assets/3D DJ/Playback/Depth Build/DepthBuild.shader
  artifactKey: Guid(e6d71ffa52071fd48bb56b7befb88bf0) Importer(815301076,1909f56bfc062723c751e8b465ee728b)
Start importing Assets/3D DJ/Playback/Depth Build/DepthBuild.shader using Guid(e6d71ffa52071fd48bb56b7befb88bf0) Importer(815301076,1909f56bfc062723c751e8b465ee728b)  -> (artifact id: '141a01e784028dd058e7a2b72d7d5e71') in 0.001698 seconds
Number of updated asset objects reloaded before import = 0
Number of asset objects unloaded after import = 0
========================================================================
Received Import Request.
  Time since last request: 4.429060 seconds.
  path: Assets/3D DJ/Playback/Depth Build/Static Normals Preview.mat
  artifactKey: Guid(7a35d3f0194b9f0408fac554a3b1f2ee) Importer(815301076,1909f56bfc062723c751e8b465ee728b)
Start importing Assets/3D DJ/Playback/Depth Build/Static Normals Preview.mat using Guid(7a35d3f0194b9f0408fac554a3b1f2ee) Importer(815301076,1909f56bfc062723c751e8b465ee728b)  -> (artifact id: '14e4227b26235e3e94aeb1967c0e57bc') in 0.426299 seconds
Number of updated asset objects reloaded before import = 1
Number of asset objects unloaded after import = 16
========================================================================
Received Import Request.
  Time since last request: 34.082020 seconds.
  path: Assets/3D DJ/Playback/Depth Build/Static Normals Preview.mat
  artifactKey: Guid(7a35d3f0194b9f0408fac554a3b1f2ee) Importer(815301076,1909f56bfc062723c751e8b465ee728b)
Start importing Assets/3D DJ/Playback/Depth Build/Static Normals Preview.mat using Guid(7a35d3f0194b9f0408fac554a3b1f2ee) Importer(815301076,1909f56bfc062723c751e8b465ee728b)  -> (artifact id: '8f42096d4abf88b700ac45042d76d4d0') in 0.418340 seconds
Number of updated asset objects reloaded before import = 1
Number of asset objects unloaded after import = 16
========================================================================
Received Import Request.
  Time since last request: 6.939566 seconds.
  path: Assets/3D DJ/Playback/Depth Build/Static Normals Preview.mat
  artifactKey: Guid(7a35d3f0194b9f0408fac554a3b1f2ee) Importer(815301076,1909f56bfc062723c751e8b465ee728b)
Start importing Assets/3D DJ/Playback/Depth Build/Static Normals Preview.mat using Guid(7a35d3f0194b9f0408fac554a3b1f2ee) Importer(815301076,1909f56bfc062723c751e8b465ee728b)  -> (artifact id: '532555f8bd151bebe21db3f50ce33564') in 0.371309 seconds
Number of updated asset objects reloaded before import = 1
Number of asset objects unloaded after import = 16
========================================================================
Received Import Request.
  Time since last request: 7.148854 seconds.
  path: Assets/3D DJ/Playback/Depth Build/Static Normals Preview.mat
  artifactKey: Guid(7a35d3f0194b9f0408fac554a3b1f2ee) Importer(815301076,1909f56bfc062723c751e8b465ee728b)
Start importing Assets/3D DJ/Playback/Depth Build/Static Normals Preview.mat using Guid(7a35d3f0194b9f0408fac554a3b1f2ee) Importer(815301076,1909f56bfc062723c751e8b465ee728b)  -> (artifact id: 'ef93b6ed7b04a203dda1b4afbc4c9a4f') in 0.392022 seconds
Number of updated asset objects reloaded before import = 1
Number of asset objects unloaded after import = 16
========================================================================
Received Import Request.
  Time since last request: 7.619150 seconds.
  path: Assets/3D DJ/Playback/Depth Build/Static Normals Preview.mat
  artifactKey: Guid(7a35d3f0194b9f0408fac554a3b1f2ee) Importer(815301076,1909f56bfc062723c751e8b465ee728b)
Start importing Assets/3D DJ/Playback/Depth Build/Static Normals Preview.mat using Guid(7a35d3f0194b9f0408fac554a3b1f2ee) Importer(815301076,1909f56bfc062723c751e8b465ee728b)  -> (artifact id: 'ed607468ba781b69ba86e7358f69c20b') in 0.384800 seconds
Number of updated asset objects reloaded before import = 1
Number of asset objects unloaded after import = 16
========================================================================
Received Import Request.
  Time since last request: 49.612746 seconds.
  path: Assets/3D DJ/Playback/Depth Build/Static Normals Preview.mat
  artifactKey: Guid(7a35d3f0194b9f0408fac554a3b1f2ee) Importer(815301076,1909f56bfc062723c751e8b465ee728b)
Start importing Assets/3D DJ/Playback/Depth Build/Static Normals Preview.mat using Guid(7a35d3f0194b9f0408fac554a3b1f2ee) Importer(815301076,1909f56bfc062723c751e8b465ee728b)  -> (artifact id: '05ea9411ec4397b1ee444753cd275e61') in 0.369189 seconds
Number of updated asset objects reloaded before import = 1
Number of asset objects unloaded after import = 16
========================================================================
Received Import Request.
  Time since last request: 0.000014 seconds.
  path: Assets/3D DJ/Playback/Depth Build/Static Preview.mat
  artifactKey: Guid(cb081a8bc87f6c7449d184815a6f71a3) Importer(815301076,1909f56bfc062723c751e8b465ee728b)
Start importing Assets/3D DJ/Playback/Depth Build/Static Preview.mat using Guid(cb081a8bc87f6c7449d184815a6f71a3) Importer(815301076,1909f56bfc062723c751e8b465ee728b)  -> (artifact id: '9af7107a3a437a287debc3d0644dc628') in 0.021837 seconds
Number of updated asset objects reloaded before import = 0
Number of asset objects unloaded after import = 16
========================================================================
Received Import Request.
  Time since last request: 21.026788 seconds.
  path: Assets/3D DJ/Playback/Depth Build/Static Normals Preview.mat
  artifactKey: Guid(7a35d3f0194b9f0408fac554a3b1f2ee) Importer(815301076,1909f56bfc062723c751e8b465ee728b)
Start importing Assets/3D DJ/Playback/Depth Build/Static Normals Preview.mat using Guid(7a35d3f0194b9f0408fac554a3b1f2ee) Importer(815301076,1909f56bfc062723c751e8b465ee728b)  -> (artifact id: '4ba553416d8fc66119f998b97b76d5d3') in 0.385051 seconds
Number of updated asset objects reloaded before import = 1
Number of asset objects unloaded after import = 16
========================================================================
Received Import Request.
  Time since last request: 0.000019 seconds.
  path: Assets/3D DJ/Playback/Depth Build/DepthBuild.shader
  artifactKey: Guid(e6d71ffa52071fd48bb56b7befb88bf0) Importer(815301076,1909f56bfc062723c751e8b465ee728b)
Start importing Assets/3D DJ/Playback/Depth Build/DepthBuild.shader using Guid(e6d71ffa52071fd48bb56b7befb88bf0) Importer(815301076,1909f56bfc062723c751e8b465ee728b)  -> (artifact id: '46712517964ea8a5780894712ff871d6') in 0.000756 seconds
Number of updated asset objects reloaded before import = 0
Number of asset objects unloaded after import = 0
========================================================================
Received Import Request.
  Time since last request: 9.851077 seconds.
  path: Assets/3D DJ/Playback/Depth Build/Static Normals Preview.mat
  artifactKey: Guid(7a35d3f0194b9f0408fac554a3b1f2ee) Importer(815301076,1909f56bfc062723c751e8b465ee728b)
Start importing Assets/3D DJ/Playback/Depth Build/Static Normals Preview.mat using Guid(7a35d3f0194b9f0408fac554a3b1f2ee) Importer(815301076,1909f56bfc062723c751e8b465ee728b)  -> (artifact id: 'e2365bbdf97d7e1e3403fe9633f9e4d2') in 0.393912 seconds
Number of updated asset objects reloaded before import = 1
Number of asset objects unloaded after import = 16
========================================================================
Received Import Request.
  Time since last request: 4.209058 seconds.
  path: Assets/3D DJ/Playback/Depth Build/Static Normals Preview.mat
  artifactKey: Guid(7a35d3f0194b9f0408fac554a3b1f2ee) Importer(815301076,1909f56bfc062723c751e8b465ee728b)
Start importing Assets/3D DJ/Playback/Depth Build/Static Normals Preview.mat using Guid(7a35d3f0194b9f0408fac554a3b1f2ee) Importer(815301076,1909f56bfc062723c751e8b465ee728b)  -> (artifact id: '7c559eddfd6bcc0810c86a521261ca39') in 0.407005 seconds
Number of updated asset objects reloaded before import = 1
Number of asset objects unloaded after import = 16
========================================================================
Received Import Request.
  Time since last request: 7.585092 seconds.
  path: Assets/3D DJ/Playback/Depth Build/Static Normals Preview.mat
  artifactKey: Guid(7a35d3f0194b9f0408fac554a3b1f2ee) Importer(815301076,1909f56bfc062723c751e8b465ee728b)
Start importing Assets/3D DJ/Playback/Depth Build/Static Normals Preview.mat using Guid(7a35d3f0194b9f0408fac554a3b1f2ee) Importer(815301076,1909f56bfc062723c751e8b465ee728b)  -> (artifact id: '0a6921e7d2b5c7fea55d57d49e946e5a') in 0.387021 seconds
Number of updated asset objects reloaded before import = 1
Number of asset objects unloaded after import = 16
========================================================================
Received Import Request.
  Time since last request: 37.363258 seconds.
  path: Assets/3D DJ/Playback/Depth Build/Static Normals Preview.mat
  artifactKey: Guid(7a35d3f0194b9f0408fac554a3b1f2ee) Importer(815301076,1909f56bfc062723c751e8b465ee728b)
Start importing Assets/3D DJ/Playback/Depth Build/Static Normals Preview.mat using Guid(7a35d3f0194b9f0408fac554a3b1f2ee) Importer(815301076,1909f56bfc062723c751e8b465ee728b)  -> (artifact id: 'c27bbf11e9024755f0f302e8b5f4f688') in 0.425625 seconds
Number of updated asset objects reloaded before import = 1
Number of asset objects unloaded after import = 16
========================================================================
Received Import Request.
  Time since last request: 29.513809 seconds.
  path: Assets/3D DJ/Playback/Depth Build/Static Normals Preview.mat
  artifactKey: Guid(7a35d3f0194b9f0408fac554a3b1f2ee) Importer(815301076,1909f56bfc062723c751e8b465ee728b)
Start importing Assets/3D DJ/Playback/Depth Build/Static Normals Preview.mat using Guid(7a35d3f0194b9f0408fac554a3b1f2ee) Importer(815301076,1909f56bfc062723c751e8b465ee728b)  -> (artifact id: '5727f894ae0a7e8bb5939b540b7e514b') in 0.434051 seconds
Number of updated asset objects reloaded before import = 1
Number of asset objects unloaded after import = 16
========================================================================
Received Import Request.
  Time since last request: 2.476477 seconds.
  path: Assets/3D DJ/Playback/Depth Build/Static Normals Preview.mat
  artifactKey: Guid(7a35d3f0194b9f0408fac554a3b1f2ee) Importer(815301076,1909f56bfc062723c751e8b465ee728b)
Start importing Assets/3D DJ/Playback/Depth Build/Static Normals Preview.mat using Guid(7a35d3f0194b9f0408fac554a3b1f2ee) Importer(815301076,1909f56bfc062723c751e8b465ee728b)  -> (artifact id: 'c9ef53d6ffb04a8782308c76cb5dc281') in 0.141639 seconds
Number of updated asset objects reloaded before import = 1
Number of asset objects unloaded after import = 16
========================================================================
Received Import Request.
  Time since last request: 0.000012 seconds.
  path: Assets/3D DJ/Playback/Depth Build/Static Preview.mat
  artifactKey: Guid(cb081a8bc87f6c7449d184815a6f71a3) Importer(815301076,1909f56bfc062723c751e8b465ee728b)
Start importing Assets/3D DJ/Playback/Depth Build/Static Preview.mat using Guid(cb081a8bc87f6c7449d184815a6f71a3) Importer(815301076,1909f56bfc062723c751e8b465ee728b)  -> (artifact id: '8603a8ead9c67e15b42b3c71f0e188d3') in 0.021690 seconds
Number of updated asset objects reloaded before import = 0
Number of asset objects unloaded after import = 16
========================================================================
Received Import Request.
  Time since last request: 65.527566 seconds.
  path: Assets/3D DJ/Playback/Depth Build/Static Non Deform.mat
  artifactKey: Guid(d15905c089f6a4e4b81b3342826eff14) Importer(815301076,1909f56bfc062723c751e8b465ee728b)
Start importing Assets/3D DJ/Playback/Depth Build/Static Non Deform.mat using Guid(d15905c089f6a4e4b81b3342826eff14) Importer(815301076,1909f56bfc062723c751e8b465ee728b)  -> (artifact id: '0ded0150825468ee1dca43d66c6d2426') in 0.366576 seconds
Number of updated asset objects reloaded before import = 1
Number of asset objects unloaded after import = 16
========================================================================
Received Import Request.
  Time since last request: 0.000016 seconds.
  path: Assets/3D DJ/Playback/Depth Build/DepthBuild.shader
  artifactKey: Guid(e6d71ffa52071fd48bb56b7befb88bf0) Importer(815301076,1909f56bfc062723c751e8b465ee728b)
Start importing Assets/3D DJ/Playback/Depth Build/DepthBuild.shader using Guid(e6d71ffa52071fd48bb56b7befb88bf0) Importer(815301076,1909f56bfc062723c751e8b465ee728b)  -> (artifact id: '05ceafe2fb86b06f9d7e075dba40ebfb') in 0.000922 seconds
Number of updated asset objects reloaded before import = 0
Number of asset objects unloaded after import = 0
========================================================================
Received Import Request.
  Time since last request: 0.000041 seconds.
  path: Assets/3D DJ/Playback/Depth Build/Static Preview.mat
  artifactKey: Guid(cb081a8bc87f6c7449d184815a6f71a3) Importer(815301076,1909f56bfc062723c751e8b465ee728b)
Start importing Assets/3D DJ/Playback/Depth Build/Static Preview.mat using Guid(cb081a8bc87f6c7449d184815a6f71a3) Importer(815301076,1909f56bfc062723c751e8b465ee728b)  -> (artifact id: '3b60bd2a308c35f8b56b97e47133b873') in 0.019744 seconds
Number of updated asset objects reloaded before import = 0
Number of asset objects unloaded after import = 16
========================================================================
Received Import Request.
  Time since last request: 17.475366 seconds.
  path: Assets/3D DJ/Playback/Depth Build/Static Normals Preview.mat
  artifactKey: Guid(7a35d3f0194b9f0408fac554a3b1f2ee) Importer(815301076,1909f56bfc062723c751e8b465ee728b)
Start importing Assets/3D DJ/Playback/Depth Build/Static Normals Preview.mat using Guid(7a35d3f0194b9f0408fac554a3b1f2ee) Importer(815301076,1909f56bfc062723c751e8b465ee728b)  -> (artifact id: '7445219b2f41cb52782b9788f8176854') in 0.402124 seconds
Number of updated asset objects reloaded before import = 1
Number of asset objects unloaded after import = 16
========================================================================
Received Import Request.
  Time since last request: 59.894938 seconds.
  path: Assets/3D DJ/Playback/Depth Build/Static Normals Preview.mat
  artifactKey: Guid(7a35d3f0194b9f0408fac554a3b1f2ee) Importer(815301076,1909f56bfc062723c751e8b465ee728b)
Start importing Assets/3D DJ/Playback/Depth Build/Static Normals Preview.mat using Guid(7a35d3f0194b9f0408fac554a3b1f2ee) Importer(815301076,1909f56bfc062723c751e8b465ee728b)  -> (artifact id: '277bdcb872c4a48c24f01d3b0232a459') in 0.383001 seconds
Number of updated asset objects reloaded before import = 1
Number of asset objects unloaded after import = 16
========================================================================
Received Import Request.
  Time since last request: 0.000018 seconds.
  path: Assets/3D DJ/Playback/Depth Build/Static Preview.mat
  artifactKey: Guid(cb081a8bc87f6c7449d184815a6f71a3) Importer(815301076,1909f56bfc062723c751e8b465ee728b)
Start importing Assets/3D DJ/Playback/Depth Build/Static Preview.mat using Guid(cb081a8bc87f6c7449d184815a6f71a3) Importer(815301076,1909f56bfc062723c751e8b465ee728b)  -> (artifact id: '6632e8f7a30e10cb7db4d5b550bf8d1b') in 0.017361 seconds
Number of updated asset objects reloaded before import = 0
Number of asset objects unloaded after import = 16
========================================================================
Received Import Request.
  Time since last request: 4.808981 seconds.
  path: Assets/3D DJ/Playback/Depth Build/Static Normals Preview.mat
  artifactKey: Guid(7a35d3f0194b9f0408fac554a3b1f2ee) Importer(815301076,1909f56bfc062723c751e8b465ee728b)
Start importing Assets/3D DJ/Playback/Depth Build/Static Normals Preview.mat using Guid(7a35d3f0194b9f0408fac554a3b1f2ee) Importer(815301076,1909f56bfc062723c751e8b465ee728b)  -> (artifact id: 'f8fe5fe1b583270348e3dc74bc8d72a5') in 0.378663 seconds
Number of updated asset objects reloaded before import = 1
Number of asset objects unloaded after import = 16
========================================================================
Received Import Request.
  Time since last request: 4.238442 seconds.
  path: Assets/3D DJ/Playback/Depth Build/Static Normals Preview.mat
  artifactKey: Guid(7a35d3f0194b9f0408fac554a3b1f2ee) Importer(815301076,1909f56bfc062723c751e8b465ee728b)
Start importing Assets/3D DJ/Playback/Depth Build/Static Normals Preview.mat using Guid(7a35d3f0194b9f0408fac554a3b1f2ee) Importer(815301076,1909f56bfc062723c751e8b465ee728b)  -> (artifact id: '25379ed4f8c00ba86afe8c651b9aa024') in 0.379199 seconds
Number of updated asset objects reloaded before import = 1
Number of asset objects unloaded after import = 16
========================================================================
Received Import Request.
  Time since last request: 0.000022 seconds.
  path: Assets/3D DJ/Playback/Depth Build/DepthBuild.shader
  artifactKey: Guid(e6d71ffa52071fd48bb56b7befb88bf0) Importer(815301076,1909f56bfc062723c751e8b465ee728b)
Start importing Assets/3D DJ/Playback/Depth Build/DepthBuild.shader using Guid(e6d71ffa52071fd48bb56b7befb88bf0) Importer(815301076,1909f56bfc062723c751e8b465ee728b)  -> (artifact id: 'ba6bd47571a7facfd36d21a95fad9ecb') in 0.000733 seconds
Number of updated asset objects reloaded before import = 0
Number of asset objects unloaded after import = 0
========================================================================
Received Import Request.
  Time since last request: 9.433727 seconds.
  path: Assets/3D DJ/Playback/Depth Build/Static Normals Preview.mat
  artifactKey: Guid(7a35d3f0194b9f0408fac554a3b1f2ee) Importer(815301076,1909f56bfc062723c751e8b465ee728b)
Start importing Assets/3D DJ/Playback/Depth Build/Static Normals Preview.mat using Guid(7a35d3f0194b9f0408fac554a3b1f2ee) Importer(815301076,1909f56bfc062723c751e8b465ee728b)  -> (artifact id: 'cbecba46ad365c7978f3f81887bbe6da') in 0.352792 seconds
Number of updated asset objects reloaded before import = 1
Number of asset objects unloaded after import = 16
========================================================================
Received Import Request.
  Time since last request: 18.954539 seconds.
  path: Assets/3D DJ/Playback/Depth Build/Static Normals Preview.mat
  artifactKey: Guid(7a35d3f0194b9f0408fac554a3b1f2ee) Importer(815301076,1909f56bfc062723c751e8b465ee728b)
Start importing Assets/3D DJ/Playback/Depth Build/Static Normals Preview.mat using Guid(7a35d3f0194b9f0408fac554a3b1f2ee) Importer(815301076,1909f56bfc062723c751e8b465ee728b)  -> (artifact id: 'f9b23a7f3fa439da62325679431f57d4') in 0.363735 seconds
Number of updated asset objects reloaded before import = 1
Number of asset objects unloaded after import = 16
========================================================================
Received Import Request.
  Time since last request: 0.000016 seconds.
  path: Assets/3D DJ/Playback/Depth Build/DepthBuild.shader
  artifactKey: Guid(e6d71ffa52071fd48bb56b7befb88bf0) Importer(815301076,1909f56bfc062723c751e8b465ee728b)
Start importing Assets/3D DJ/Playback/Depth Build/DepthBuild.shader using Guid(e6d71ffa52071fd48bb56b7befb88bf0) Importer(815301076,1909f56bfc062723c751e8b465ee728b)  -> (artifact id: 'a8ba8356baa372dc040de11e577c076e') in 0.000759 seconds
Number of updated asset objects reloaded before import = 0
Number of asset objects unloaded after import = 0
========================================================================
Received Import Request.
  Time since last request: 0.000039 seconds.
  path: Assets/3D DJ/Playback/Depth Build/Static Preview.mat
  artifactKey: Guid(cb081a8bc87f6c7449d184815a6f71a3) Importer(815301076,1909f56bfc062723c751e8b465ee728b)
Start importing Assets/3D DJ/Playback/Depth Build/Static Preview.mat using Guid(cb081a8bc87f6c7449d184815a6f71a3) Importer(815301076,1909f56bfc062723c751e8b465ee728b)  -> (artifact id: 'f7a50a22fa97fa17bab48902cd36fa8f') in 0.028150 seconds
Number of updated asset objects reloaded before import = 0
Number of asset objects unloaded after import = 16
========================================================================
Received Import Request.
  Time since last request: 22.657150 seconds.
  path: Assets/3D DJ/Playback/Depth Build/Static Normals Preview.mat
  artifactKey: Guid(7a35d3f0194b9f0408fac554a3b1f2ee) Importer(815301076,1909f56bfc062723c751e8b465ee728b)
Start importing Assets/3D DJ/Playback/Depth Build/Static Normals Preview.mat using Guid(7a35d3f0194b9f0408fac554a3b1f2ee) Importer(815301076,1909f56bfc062723c751e8b465ee728b)  -> (artifact id: '0b9d625dead577b6ea84a88ebf2b8361') in 0.365332 seconds
Number of updated asset objects reloaded before import = 1
Number of asset objects unloaded after import = 16
========================================================================
Received Import Request.
  Time since last request: 0.000015 seconds.
  path: Assets/3D DJ/Playback/Depth Build/DepthBuild.shader
  artifactKey: Guid(e6d71ffa52071fd48bb56b7befb88bf0) Importer(815301076,1909f56bfc062723c751e8b465ee728b)
Start importing Assets/3D DJ/Playback/Depth Build/DepthBuild.shader using Guid(e6d71ffa52071fd48bb56b7befb88bf0) Importer(815301076,1909f56bfc062723c751e8b465ee728b)  -> (artifact id: '3359e712328d94fc3fd3bd50b1d1b8b8') in 0.000766 seconds
Number of updated asset objects reloaded before import = 0
Number of asset objects unloaded after import = 0
========================================================================
Received Import Request.
  Time since last request: 0.000025 seconds.
  path: Assets/3D DJ/Playback/Depth Build/Static Preview.mat
  artifactKey: Guid(cb081a8bc87f6c7449d184815a6f71a3) Importer(815301076,1909f56bfc062723c751e8b465ee728b)
Start importing Assets/3D DJ/Playback/Depth Build/Static Preview.mat using Guid(cb081a8bc87f6c7449d184815a6f71a3) Importer(815301076,1909f56bfc062723c751e8b465ee728b)  -> (artifact id: '4925d747ff3c242dbd9cadfaa4efa212') in 0.030509 seconds
Number of updated asset objects reloaded before import = 0
Number of asset objects unloaded after import = 16
========================================================================
Received Import Request.
  Time since last request: 13.651355 seconds.
  path: Assets/3D DJ/Playback/Depth Build/Static Normals Preview.mat
  artifactKey: Guid(7a35d3f0194b9f0408fac554a3b1f2ee) Importer(815301076,1909f56bfc062723c751e8b465ee728b)
Start importing Assets/3D DJ/Playback/Depth Build/Static Normals Preview.mat using Guid(7a35d3f0194b9f0408fac554a3b1f2ee) Importer(815301076,1909f56bfc062723c751e8b465ee728b)  -> (artifact id: 'f14061c6ac79bb318bffa3098382c131') in 0.368546 seconds
Number of updated asset objects reloaded before import = 1
Number of asset objects unloaded after import = 16
========================================================================
Received Import Request.
  Time since last request: 10.597417 seconds.
  path: Assets/3D DJ/Playback/Depth Build/Static Normals Preview.mat
  artifactKey: Guid(7a35d3f0194b9f0408fac554a3b1f2ee) Importer(815301076,1909f56bfc062723c751e8b465ee728b)
Start importing Assets/3D DJ/Playback/Depth Build/Static Normals Preview.mat using Guid(7a35d3f0194b9f0408fac554a3b1f2ee) Importer(815301076,1909f56bfc062723c751e8b465ee728b)  -> (artifact id: '85609a5423d7bef1e3bf3a89f5ff5ba0') in 0.376451 seconds
Number of updated asset objects reloaded before import = 1
Number of asset objects unloaded after import = 16
========================================================================
Received Import Request.
  Time since last request: 0.000014 seconds.
  path: Assets/3D DJ/Playback/Depth Build/DepthBuild.shader
  artifactKey: Guid(e6d71ffa52071fd48bb56b7befb88bf0) Importer(815301076,1909f56bfc062723c751e8b465ee728b)
Start importing Assets/3D DJ/Playback/Depth Build/DepthBuild.shader using Guid(e6d71ffa52071fd48bb56b7befb88bf0) Importer(815301076,1909f56bfc062723c751e8b465ee728b)  -> (artifact id: '71f102211ccca6967dcaa6005916b93b') in 0.000687 seconds
Number of updated asset objects reloaded before import = 0
Number of asset objects unloaded after import = 0
========================================================================
Received Import Request.
  Time since last request: 15.371674 seconds.
  path: Assets/3D DJ/Playback/Depth Build/Static Normals Preview.mat
  artifactKey: Guid(7a35d3f0194b9f0408fac554a3b1f2ee) Importer(815301076,1909f56bfc062723c751e8b465ee728b)
Start importing Assets/3D DJ/Playback/Depth Build/Static Normals Preview.mat using Guid(7a35d3f0194b9f0408fac554a3b1f2ee) Importer(815301076,1909f56bfc062723c751e8b465ee728b)  -> (artifact id: '4e932a3f6fb700d35b89fa3c254be328') in 0.378739 seconds
Number of updated asset objects reloaded before import = 1
Number of asset objects unloaded after import = 16
========================================================================
Received Import Request.
  Time since last request: 39.612406 seconds.
  path: Assets/3D DJ/Playback/Depth Build/Static Normals Preview.mat
  artifactKey: Guid(7a35d3f0194b9f0408fac554a3b1f2ee) Importer(815301076,1909f56bfc062723c751e8b465ee728b)
Start importing Assets/3D DJ/Playback/Depth Build/Static Normals Preview.mat using Guid(7a35d3f0194b9f0408fac554a3b1f2ee) Importer(815301076,1909f56bfc062723c751e8b465ee728b)  -> (artifact id: 'ca7e03b85b9017ee0944a570f1c00aee') in 0.394532 seconds
Number of updated asset objects reloaded before import = 1
Number of asset objects unloaded after import = 16
========================================================================
Received Import Request.
  Time since last request: 20.863762 seconds.
  path: Assets/3D DJ/Playback/Depth Build/Static Normals Preview.mat
  artifactKey: Guid(7a35d3f0194b9f0408fac554a3b1f2ee) Importer(815301076,1909f56bfc062723c751e8b465ee728b)
Start importing Assets/3D DJ/Playback/Depth Build/Static Normals Preview.mat using Guid(7a35d3f0194b9f0408fac554a3b1f2ee) Importer(815301076,1909f56bfc062723c751e8b465ee728b)  -> (artifact id: '398826bbfc5d02d02c9a0026541a9dc1') in 0.523419 seconds
Number of updated asset objects reloaded before import = 1
Number of asset objects unloaded after import = 16
========================================================================
Received Import Request.
  Time since last request: 11.832095 seconds.
  path: Assets/3D DJ/Playback/Depth Build/Static Normals Preview.mat
  artifactKey: Guid(7a35d3f0194b9f0408fac554a3b1f2ee) Importer(815301076,1909f56bfc062723c751e8b465ee728b)
Start importing Assets/3D DJ/Playback/Depth Build/Static Normals Preview.mat using Guid(7a35d3f0194b9f0408fac554a3b1f2ee) Importer(815301076,1909f56bfc062723c751e8b465ee728b)  -> (artifact id: '05d5708ffbcce937a7d4de088224a890') in 0.517366 seconds
Number of updated asset objects reloaded before import = 1
Number of asset objects unloaded after import = 16
========================================================================
Received Import Request.
  Time since last request: 19.444470 seconds.
  path: Assets/3D DJ/Playback/Depth Build/Static Normals Preview.mat
  artifactKey: Guid(7a35d3f0194b9f0408fac554a3b1f2ee) Importer(815301076,1909f56bfc062723c751e8b465ee728b)
Start importing Assets/3D DJ/Playback/Depth Build/Static Normals Preview.mat using Guid(7a35d3f0194b9f0408fac554a3b1f2ee) Importer(815301076,1909f56bfc062723c751e8b465ee728b)  -> (artifact id: '81cfdcc07196e478bb12fe892c6f9b14') in 0.433119 seconds
Number of updated asset objects reloaded before import = 1
Number of asset objects unloaded after import = 16
========================================================================
Received Import Request.
  Time since last request: 0.000018 seconds.
  path: Assets/3D DJ/Playback/Depth Build/Static Preview.mat
  artifactKey: Guid(cb081a8bc87f6c7449d184815a6f71a3) Importer(815301076,1909f56bfc062723c751e8b465ee728b)
Start importing Assets/3D DJ/Playback/Depth Build/Static Preview.mat using Guid(cb081a8bc87f6c7449d184815a6f71a3) Importer(815301076,1909f56bfc062723c751e8b465ee728b)  -> (artifact id: 'd16571f91e5a74984aa112c21d79bba6') in 0.026482 seconds
Number of updated asset objects reloaded before import = 0
Number of asset objects unloaded after import = 16
========================================================================
Received Import Request.
  Time since last request: 9.929989 seconds.
  path: Assets/3D DJ/Playback/Depth Build/Static Normals Preview.mat
  artifactKey: Guid(7a35d3f0194b9f0408fac554a3b1f2ee) Importer(815301076,1909f56bfc062723c751e8b465ee728b)
Start importing Assets/3D DJ/Playback/Depth Build/Static Normals Preview.mat using Guid(7a35d3f0194b9f0408fac554a3b1f2ee) Importer(815301076,1909f56bfc062723c751e8b465ee728b)  -> (artifact id: 'd3d7afadae221daac713ed050a86a840') in 0.433188 seconds
Number of updated asset objects reloaded before import = 1
Number of asset objects unloaded after import = 16
========================================================================
Received Import Request.
  Time since last request: 28.109370 seconds.
  path: Assets/3D DJ/Playback/Depth Build/Static Normals Preview.mat
  artifactKey: Guid(7a35d3f0194b9f0408fac554a3b1f2ee) Importer(815301076,1909f56bfc062723c751e8b465ee728b)
Start importing Assets/3D DJ/Playback/Depth Build/Static Normals Preview.mat using Guid(7a35d3f0194b9f0408fac554a3b1f2ee) Importer(815301076,1909f56bfc062723c751e8b465ee728b)  -> (artifact id: '9d306588ed2b56d41fa652f9722bf92f') in 0.444353 seconds
Number of updated asset objects reloaded before import = 1
Number of asset objects unloaded after import = 16
========================================================================
Received Import Request.
  Time since last request: 52.621538 seconds.
  path: Assets/3D DJ/Playback/Depth Build/Static Normals Preview.mat
  artifactKey: Guid(7a35d3f0194b9f0408fac554a3b1f2ee) Importer(815301076,1909f56bfc062723c751e8b465ee728b)
Start importing Assets/3D DJ/Playback/Depth Build/Static Normals Preview.mat using Guid(7a35d3f0194b9f0408fac554a3b1f2ee) Importer(815301076,1909f56bfc062723c751e8b465ee728b)  -> (artifact id: '6c7db49f8228cd09c13a0de0b2a6161e') in 0.376905 seconds
Number of updated asset objects reloaded before import = 1
Number of asset objects unloaded after import = 16
========================================================================
Received Import Request.
  Time since last request: 32.399573 seconds.
  path: Assets/3D DJ/Playback/Depth Build/Static Normals Preview.mat
  artifactKey: Guid(7a35d3f0194b9f0408fac554a3b1f2ee) Importer(815301076,1909f56bfc062723c751e8b465ee728b)
Start importing Assets/3D DJ/Playback/Depth Build/Static Normals Preview.mat using Guid(7a35d3f0194b9f0408fac554a3b1f2ee) Importer(815301076,1909f56bfc062723c751e8b465ee728b)  -> (artifact id: '13dfed128ae88513d06594bb348d7e94') in 0.473187 seconds
Number of updated asset objects reloaded before import = 1
Number of asset objects unloaded after import = 16
========================================================================
Received Import Request.
  Time since last request: 39.196919 seconds.
  path: Assets/3D DJ/Playback/Depth Build/Static Normals Preview.mat
  artifactKey: Guid(7a35d3f0194b9f0408fac554a3b1f2ee) Importer(815301076,1909f56bfc062723c751e8b465ee728b)
Start importing Assets/3D DJ/Playback/Depth Build/Static Normals Preview.mat using Guid(7a35d3f0194b9f0408fac554a3b1f2ee) Importer(815301076,1909f56bfc062723c751e8b465ee728b)  -> (artifact id: '48a31fdbd248aca422b2c236642499a7') in 0.465284 seconds
Number of updated asset objects reloaded before import = 1
Number of asset objects unloaded after import = 16
========================================================================
Received Import Request.
  Time since last request: 23.365269 seconds.
  path: Assets/3D DJ/Playback/Depth Build/Static Normals Preview.mat
  artifactKey: Guid(7a35d3f0194b9f0408fac554a3b1f2ee) Importer(815301076,1909f56bfc062723c751e8b465ee728b)
Start importing Assets/3D DJ/Playback/Depth Build/Static Normals Preview.mat using Guid(7a35d3f0194b9f0408fac554a3b1f2ee) Importer(815301076,1909f56bfc062723c751e8b465ee728b)  -> (artifact id: 'f5d4d674558a8417015f92881e87ffd1') in 0.462690 seconds
Number of updated asset objects reloaded before import = 1
Number of asset objects unloaded after import = 16
========================================================================
Received Import Request.
  Time since last request: 43.682617 seconds.
  path: Assets/3D DJ/Playback/Depth Build/Static Normals Preview.mat
  artifactKey: Guid(7a35d3f0194b9f0408fac554a3b1f2ee) Importer(815301076,1909f56bfc062723c751e8b465ee728b)
Start importing Assets/3D DJ/Playback/Depth Build/Static Normals Preview.mat using Guid(7a35d3f0194b9f0408fac554a3b1f2ee) Importer(815301076,1909f56bfc062723c751e8b465ee728b)  -> (artifact id: '738f5a289b6ee7e323bf30d8961d3212') in 0.414578 seconds
Number of updated asset objects reloaded before import = 1
Number of asset objects unloaded after import = 16
========================================================================
Received Import Request.
  Time since last request: 14.855295 seconds.
  path: Assets/3D DJ/Playback/Depth Build/Static Normals Preview.mat
  artifactKey: Guid(7a35d3f0194b9f0408fac554a3b1f2ee) Importer(815301076,1909f56bfc062723c751e8b465ee728b)
Start importing Assets/3D DJ/Playback/Depth Build/Static Normals Preview.mat using Guid(7a35d3f0194b9f0408fac554a3b1f2ee) Importer(815301076,1909f56bfc062723c751e8b465ee728b)  -> (artifact id: '81581af30713c58acc2e7b204a3aec24') in 0.367355 seconds
Number of updated asset objects reloaded before import = 1
Number of asset objects unloaded after import = 16
========================================================================
Received Import Request.
  Time since last request: 0.000014 seconds.
  path: Assets/3D DJ/Playback/Depth Build/Static Preview.mat
  artifactKey: Guid(cb081a8bc87f6c7449d184815a6f71a3) Importer(815301076,1909f56bfc062723c751e8b465ee728b)
Start importing Assets/3D DJ/Playback/Depth Build/Static Preview.mat using Guid(cb081a8bc87f6c7449d184815a6f71a3) Importer(815301076,1909f56bfc062723c751e8b465ee728b)  -> (artifact id: 'aa1c2542825d1c526a60784f1c225231') in 0.016673 seconds
Number of updated asset objects reloaded before import = 0
Number of asset objects unloaded after import = 16
========================================================================
Received Import Request.
  Time since last request: 6.313374 seconds.
  path: Assets/3D DJ/Playback/Depth Build/Static Normals Preview.mat
  artifactKey: Guid(7a35d3f0194b9f0408fac554a3b1f2ee) Importer(815301076,1909f56bfc062723c751e8b465ee728b)
Start importing Assets/3D DJ/Playback/Depth Build/Static Normals Preview.mat using Guid(7a35d3f0194b9f0408fac554a3b1f2ee) Importer(815301076,1909f56bfc062723c751e8b465ee728b)  -> (artifact id: '91320f2d3c17f8e93bfa62b97c9f5d3f') in 0.416497 seconds
Number of updated asset objects reloaded before import = 1
Number of asset objects unloaded after import = 16
========================================================================
Received Import Request.
  Time since last request: 20.985461 seconds.
  path: Assets/3D DJ/Playback/Depth Build/Static Normals Preview.mat
  artifactKey: Guid(7a35d3f0194b9f0408fac554a3b1f2ee) Importer(815301076,1909f56bfc062723c751e8b465ee728b)
Start importing Assets/3D DJ/Playback/Depth Build/Static Normals Preview.mat using Guid(7a35d3f0194b9f0408fac554a3b1f2ee) Importer(815301076,1909f56bfc062723c751e8b465ee728b)  -> (artifact id: 'd1183965bfda7c73c39fd4d3ac046841') in 0.394316 seconds
Number of updated asset objects reloaded before import = 1
Number of asset objects unloaded after import = 16
========================================================================
Received Import Request.
  Time since last request: 12.403612 seconds.
  path: Assets/3D DJ/Playback/Depth Build/Static Normals Preview.mat
  artifactKey: Guid(7a35d3f0194b9f0408fac554a3b1f2ee) Importer(815301076,1909f56bfc062723c751e8b465ee728b)
Start importing Assets/3D DJ/Playback/Depth Build/Static Normals Preview.mat using Guid(7a35d3f0194b9f0408fac554a3b1f2ee) Importer(815301076,1909f56bfc062723c751e8b465ee728b)  -> (artifact id: 'f3b53cb6c77ce22cb84a55a82aab14a1') in 0.486501 seconds
Number of updated asset objects reloaded before import = 1
Number of asset objects unloaded after import = 16
========================================================================
Received Import Request.
  Time since last request: 18.430850 seconds.
  path: Assets/3D DJ/Playback/Depth Build/Static Normals Preview.mat
  artifactKey: Guid(7a35d3f0194b9f0408fac554a3b1f2ee) Importer(815301076,1909f56bfc062723c751e8b465ee728b)
Start importing Assets/3D DJ/Playback/Depth Build/Static Normals Preview.mat using Guid(7a35d3f0194b9f0408fac554a3b1f2ee) Importer(815301076,1909f56bfc062723c751e8b465ee728b)  -> (artifact id: '5b61f273203db048ffc8b319c8016ce8') in 0.499596 seconds
Number of updated asset objects reloaded before import = 1
Number of asset objects unloaded after import = 16
========================================================================
Received Import Request.
  Time since last request: 22.190579 seconds.
  path: Assets/3D DJ/Playback/Depth Build/Static Normals Preview.mat
  artifactKey: Guid(7a35d3f0194b9f0408fac554a3b1f2ee) Importer(815301076,1909f56bfc062723c751e8b465ee728b)
Start importing Assets/3D DJ/Playback/Depth Build/Static Normals Preview.mat using Guid(7a35d3f0194b9f0408fac554a3b1f2ee) Importer(815301076,1909f56bfc062723c751e8b465ee728b)  -> (artifact id: '6e11be487f913025657a061c5b927a8d') in 0.520262 seconds
Number of updated asset objects reloaded before import = 1
Number of asset objects unloaded after import = 16
========================================================================
Received Import Request.
  Time since last request: 28.657545 seconds.
  path: Assets/3D DJ/Playback/Depth Build/Static Normals Preview.mat
  artifactKey: Guid(7a35d3f0194b9f0408fac554a3b1f2ee) Importer(815301076,1909f56bfc062723c751e8b465ee728b)
Start importing Assets/3D DJ/Playback/Depth Build/Static Normals Preview.mat using Guid(7a35d3f0194b9f0408fac554a3b1f2ee) Importer(815301076,1909f56bfc062723c751e8b465ee728b)  -> (artifact id: '6cec815403221c590a22b7312f48929b') in 0.396218 seconds
Number of updated asset objects reloaded before import = 1
Number of asset objects unloaded after import = 16
========================================================================
Received Import Request.
  Time since last request: 25.793291 seconds.
  path: Assets/3D DJ/Playback/Depth Build/Static Normals Preview.mat
  artifactKey: Guid(7a35d3f0194b9f0408fac554a3b1f2ee) Importer(815301076,1909f56bfc062723c751e8b465ee728b)
Start importing Assets/3D DJ/Playback/Depth Build/Static Normals Preview.mat using Guid(7a35d3f0194b9f0408fac554a3b1f2ee) Importer(815301076,1909f56bfc062723c751e8b465ee728b)  -> (artifact id: 'a75b56555caac550606810c7642c028f') in 0.365698 seconds
Number of updated asset objects reloaded before import = 1
Number of asset objects unloaded after import = 16
========================================================================
Received Import Request.
  Time since last request: 0.000014 seconds.
  path: Assets/3D DJ/Playback/Depth Build/Static Preview.mat
  artifactKey: Guid(cb081a8bc87f6c7449d184815a6f71a3) Importer(815301076,1909f56bfc062723c751e8b465ee728b)
Start importing Assets/3D DJ/Playback/Depth Build/Static Preview.mat using Guid(cb081a8bc87f6c7449d184815a6f71a3) Importer(815301076,1909f56bfc062723c751e8b465ee728b)  -> (artifact id: '181e323a88c1dd1491a8d44e036211dd') in 0.016845 seconds
Number of updated asset objects reloaded before import = 0
Number of asset objects unloaded after import = 16
========================================================================
Received Import Request.
  Time since last request: 29.026783 seconds.
  path: Assets/3D DJ/Playback/Depth Build/Static Normals Preview.mat
  artifactKey: Guid(7a35d3f0194b9f0408fac554a3b1f2ee) Importer(815301076,1909f56bfc062723c751e8b465ee728b)
Start importing Assets/3D DJ/Playback/Depth Build/Static Normals Preview.mat using Guid(7a35d3f0194b9f0408fac554a3b1f2ee) Importer(815301076,1909f56bfc062723c751e8b465ee728b)  -> (artifact id: '1d5853da7f3127c567d3206c21e51294') in 0.265111 seconds
Number of updated asset objects reloaded before import = 1
Number of asset objects unloaded after import = 16
========================================================================
Received Import Request.
  Time since last request: 0.000013 seconds.
  path: Assets/3D DJ/Playback/Depth Build/Static Preview.mat
  artifactKey: Guid(cb081a8bc87f6c7449d184815a6f71a3) Importer(815301076,1909f56bfc062723c751e8b465ee728b)
Start importing Assets/3D DJ/Playback/Depth Build/Static Preview.mat using Guid(cb081a8bc87f6c7449d184815a6f71a3) Importer(815301076,1909f56bfc062723c751e8b465ee728b)  -> (artifact id: '02736d09d0a76739d1c57e83a74fc46f') in 0.016959 seconds
Number of updated asset objects reloaded before import = 0
Number of asset objects unloaded after import = 16
========================================================================
Received Import Request.
  Time since last request: 8.313802 seconds.
  path: Assets/3D DJ/Playback/Depth Build/Static Normals Preview.mat
  artifactKey: Guid(7a35d3f0194b9f0408fac554a3b1f2ee) Importer(815301076,1909f56bfc062723c751e8b465ee728b)
Start importing Assets/3D DJ/Playback/Depth Build/Static Normals Preview.mat using Guid(7a35d3f0194b9f0408fac554a3b1f2ee) Importer(815301076,1909f56bfc062723c751e8b465ee728b)  -> (artifact id: '48c8a108544fe1c7a40e195274cb62bd') in 0.353444 seconds
Number of updated asset objects reloaded before import = 1
Number of asset objects unloaded after import = 16
========================================================================
Received Import Request.
  Time since last request: 29.789870 seconds.
  path: Assets/3D DJ/Playback/Depth Build/Static Normals Preview.mat
  artifactKey: Guid(7a35d3f0194b9f0408fac554a3b1f2ee) Importer(815301076,1909f56bfc062723c751e8b465ee728b)
Start importing Assets/3D DJ/Playback/Depth Build/Static Normals Preview.mat using Guid(7a35d3f0194b9f0408fac554a3b1f2ee) Importer(815301076,1909f56bfc062723c751e8b465ee728b)  -> (artifact id: 'd92c68fd684464b37e3547724085cd35') in 0.142476 seconds
Number of updated asset objects reloaded before import = 1
Number of asset objects unloaded after import = 16
========================================================================
Received Import Request.
  Time since last request: 16.484358 seconds.
  path: Assets/3D DJ/Playback/Depth Build/Static Normals Preview.mat
  artifactKey: Guid(7a35d3f0194b9f0408fac554a3b1f2ee) Importer(815301076,1909f56bfc062723c751e8b465ee728b)
Start importing Assets/3D DJ/Playback/Depth Build/Static Normals Preview.mat using Guid(7a35d3f0194b9f0408fac554a3b1f2ee) Importer(815301076,1909f56bfc062723c751e8b465ee728b)  -> (artifact id: '386377313889b03ba10d31c1bf08d612') in 0.348477 seconds
Number of updated asset objects reloaded before import = 1
Number of asset objects unloaded after import = 16
========================================================================
Received Import Request.
  Time since last request: 5.774326 seconds.
  path: Assets/3D DJ/Playback/Depth Build/Static Normals Preview.mat
  artifactKey: Guid(7a35d3f0194b9f0408fac554a3b1f2ee) Importer(815301076,1909f56bfc062723c751e8b465ee728b)
Start importing Assets/3D DJ/Playback/Depth Build/Static Normals Preview.mat using Guid(7a35d3f0194b9f0408fac554a3b1f2ee) Importer(815301076,1909f56bfc062723c751e8b465ee728b)  -> (artifact id: '01aa55355dd0f13ae09dc204389ec8fe') in 0.382031 seconds
Number of updated asset objects reloaded before import = 1
Number of asset objects unloaded after import = 16
========================================================================
Received Import Request.
  Time since last request: 12.357262 seconds.
  path: Assets/3D DJ/Playback/Depth Build/Static Normals Preview.mat
  artifactKey: Guid(7a35d3f0194b9f0408fac554a3b1f2ee) Importer(815301076,1909f56bfc062723c751e8b465ee728b)
Start importing Assets/3D DJ/Playback/Depth Build/Static Normals Preview.mat using Guid(7a35d3f0194b9f0408fac554a3b1f2ee) Importer(815301076,1909f56bfc062723c751e8b465ee728b)  -> (artifact id: '930376aceba09963901c154a918c4ff8') in 0.385265 seconds
Number of updated asset objects reloaded before import = 1
Number of asset objects unloaded after import = 16
========================================================================
Received Import Request.
  Time since last request: 19.216340 seconds.
  path: Assets/3D DJ/Playback/Depth Build/Static Normals Preview.mat
  artifactKey: Guid(7a35d3f0194b9f0408fac554a3b1f2ee) Importer(815301076,1909f56bfc062723c751e8b465ee728b)
Start importing Assets/3D DJ/Playback/Depth Build/Static Normals Preview.mat using Guid(7a35d3f0194b9f0408fac554a3b1f2ee) Importer(815301076,1909f56bfc062723c751e8b465ee728b)  -> (artifact id: '26e1d2e3baff987a977a9ad460503621') in 0.356851 seconds
Number of updated asset objects reloaded before import = 1
Number of asset objects unloaded after import = 16
========================================================================
Received Import Request.
  Time since last request: 0.000015 seconds.
  path: Assets/3D DJ/Playback/Depth Build/DepthBuild.shader
  artifactKey: Guid(e6d71ffa52071fd48bb56b7befb88bf0) Importer(815301076,1909f56bfc062723c751e8b465ee728b)
Start importing Assets/3D DJ/Playback/Depth Build/DepthBuild.shader using Guid(e6d71ffa52071fd48bb56b7befb88bf0) Importer(815301076,1909f56bfc062723c751e8b465ee728b)  -> (artifact id: '91df2ea1ad4a6d0175767792622b3ca0') in 0.000844 seconds
Number of updated asset objects reloaded before import = 0
Number of asset objects unloaded after import = 0
========================================================================
Received Import Request.
  Time since last request: 6.377399 seconds.
  path: Assets/3D DJ/Playback/Depth Build/Static Normals Preview.mat
  artifactKey: Guid(7a35d3f0194b9f0408fac554a3b1f2ee) Importer(815301076,1909f56bfc062723c751e8b465ee728b)
Start importing Assets/3D DJ/Playback/Depth Build/Static Normals Preview.mat using Guid(7a35d3f0194b9f0408fac554a3b1f2ee) Importer(815301076,1909f56bfc062723c751e8b465ee728b)  -> (artifact id: '9434036f368bb58b2e8c34be06a14f23') in 0.393937 seconds
Number of updated asset objects reloaded before import = 1
Number of asset objects unloaded after import = 16
========================================================================
Received Import Request.
  Time since last request: 15.540832 seconds.
  path: Assets/3D DJ/Playback/Depth Build/Static Normals Preview.mat
  artifactKey: Guid(7a35d3f0194b9f0408fac554a3b1f2ee) Importer(815301076,1909f56bfc062723c751e8b465ee728b)
Start importing Assets/3D DJ/Playback/Depth Build/Static Normals Preview.mat using Guid(7a35d3f0194b9f0408fac554a3b1f2ee) Importer(815301076,1909f56bfc062723c751e8b465ee728b)  -> (artifact id: '334537087ec382e0218791f1e6ce5360') in 0.357717 seconds
Number of updated asset objects reloaded before import = 1
Number of asset objects unloaded after import = 16
========================================================================
Received Import Request.
  Time since last request: 21.140052 seconds.
  path: Assets/3D DJ/Playback/Depth Build/Static Normals Preview.mat
  artifactKey: Guid(7a35d3f0194b9f0408fac554a3b1f2ee) Importer(815301076,1909f56bfc062723c751e8b465ee728b)
Start importing Assets/3D DJ/Playback/Depth Build/Static Normals Preview.mat using Guid(7a35d3f0194b9f0408fac554a3b1f2ee) Importer(815301076,1909f56bfc062723c751e8b465ee728b)  -> (artifact id: 'f60b21a8037ced163a788bf77c4412a7') in 0.138263 seconds
Number of updated asset objects reloaded before import = 1
Number of asset objects unloaded after import = 16
========================================================================
Received Import Request.
  Time since last request: 0.000015 seconds.
  path: Assets/3D DJ/Playback/Depth Build/Static Preview.mat
  artifactKey: Guid(cb081a8bc87f6c7449d184815a6f71a3) Importer(815301076,1909f56bfc062723c751e8b465ee728b)
Start importing Assets/3D DJ/Playback/Depth Build/Static Preview.mat using Guid(cb081a8bc87f6c7449d184815a6f71a3) Importer(815301076,1909f56bfc062723c751e8b465ee728b)  -> (artifact id: '7794a87beb36d6a23e587215ee398eef') in 0.019309 seconds
Number of updated asset objects reloaded before import = 0
Number of asset objects unloaded after import = 16
========================================================================
Received Import Request.
  Time since last request: 36.866940 seconds.
  path: Assets/3D DJ/Playback/Depth Build/Static Normals Preview.mat
  artifactKey: Guid(7a35d3f0194b9f0408fac554a3b1f2ee) Importer(815301076,1909f56bfc062723c751e8b465ee728b)
Start importing Assets/3D DJ/Playback/Depth Build/Static Normals Preview.mat using Guid(7a35d3f0194b9f0408fac554a3b1f2ee) Importer(815301076,1909f56bfc062723c751e8b465ee728b)  -> (artifact id: '6eb1ab0adba43f74debc8adf4522da66') in 0.377846 seconds
Number of updated asset objects reloaded before import = 1
Number of asset objects unloaded after import = 16
========================================================================
Received Import Request.
  Time since last request: 12.448963 seconds.
  path: Assets/3D DJ/Playback/Depth Build/Static Normals Preview.mat
  artifactKey: Guid(7a35d3f0194b9f0408fac554a3b1f2ee) Importer(815301076,1909f56bfc062723c751e8b465ee728b)
Start importing Assets/3D DJ/Playback/Depth Build/Static Normals Preview.mat using Guid(7a35d3f0194b9f0408fac554a3b1f2ee) Importer(815301076,1909f56bfc062723c751e8b465ee728b)  -> (artifact id: 'b4e4a86eb2ea7c1549c6a8c82c3cca85') in 0.361482 seconds
Number of updated asset objects reloaded before import = 1
Number of asset objects unloaded after import = 16
========================================================================
Received Import Request.
  Time since last request: 7.951810 seconds.
  path: Assets/3D DJ/Playback/Depth Build/Static Normals Preview.mat
  artifactKey: Guid(7a35d3f0194b9f0408fac554a3b1f2ee) Importer(815301076,1909f56bfc062723c751e8b465ee728b)
Start importing Assets/3D DJ/Playback/Depth Build/Static Normals Preview.mat using Guid(7a35d3f0194b9f0408fac554a3b1f2ee) Importer(815301076,1909f56bfc062723c751e8b465ee728b)  -> (artifact id: '960188050d97f677127db7325fd1b2b9') in 0.143992 seconds
Number of updated asset objects reloaded before import = 1
Number of asset objects unloaded after import = 16
========================================================================
Received Import Request.
  Time since last request: 0.000014 seconds.
  path: Assets/3D DJ/Playback/Depth Build/Static Preview.mat
  artifactKey: Guid(cb081a8bc87f6c7449d184815a6f71a3) Importer(815301076,1909f56bfc062723c751e8b465ee728b)
Start importing Assets/3D DJ/Playback/Depth Build/Static Preview.mat using Guid(cb081a8bc87f6c7449d184815a6f71a3) Importer(815301076,1909f56bfc062723c751e8b465ee728b)  -> (artifact id: 'c28096e96d186307917aaca259819263') in 0.018080 seconds
Number of updated asset objects reloaded before import = 0
Number of asset objects unloaded after import = 16
========================================================================
Received Import Request.
  Time since last request: 22.745813 seconds.
  path: Assets/3D DJ/Playback/Depth Build/Static Normals Preview.mat
  artifactKey: Guid(7a35d3f0194b9f0408fac554a3b1f2ee) Importer(815301076,1909f56bfc062723c751e8b465ee728b)
Start importing Assets/3D DJ/Playback/Depth Build/Static Normals Preview.mat using Guid(7a35d3f0194b9f0408fac554a3b1f2ee) Importer(815301076,1909f56bfc062723c751e8b465ee728b)  -> (artifact id: 'fc201053b0f390f574046cb868344149') in 0.393059 seconds
Number of updated asset objects reloaded before import = 1
Number of asset objects unloaded after import = 16
========================================================================
Received Import Request.
  Time since last request: 39.274320 seconds.
  path: Assets/3D DJ/Playback/Depth Build/Static Normals Preview.mat
  artifactKey: Guid(7a35d3f0194b9f0408fac554a3b1f2ee) Importer(815301076,1909f56bfc062723c751e8b465ee728b)
Start importing Assets/3D DJ/Playback/Depth Build/Static Normals Preview.mat using Guid(7a35d3f0194b9f0408fac554a3b1f2ee) Importer(815301076,1909f56bfc062723c751e8b465ee728b)  -> (artifact id: '4cd81b80fa0c89740c2d2ccec030c4e0') in 0.375646 seconds
Number of updated asset objects reloaded before import = 1
Number of asset objects unloaded after import = 16
========================================================================
Received Import Request.
  Time since last request: 19.164067 seconds.
  path: Assets/3D DJ/Playback/Depth Build/Static Normals Preview.mat
  artifactKey: Guid(7a35d3f0194b9f0408fac554a3b1f2ee) Importer(815301076,1909f56bfc062723c751e8b465ee728b)
Start importing Assets/3D DJ/Playback/Depth Build/Static Normals Preview.mat using Guid(7a35d3f0194b9f0408fac554a3b1f2ee) Importer(815301076,1909f56bfc062723c751e8b465ee728b)  -> (artifact id: 'e8a9ac06c66db169b776074d6ef564e5') in 0.135116 seconds
Number of updated asset objects reloaded before import = 1
Number of asset objects unloaded after import = 16
========================================================================
Received Import Request.
  Time since last request: 0.000015 seconds.
  path: Assets/3D DJ/Playback/Depth Build/DepthBuild.shader
  artifactKey: Guid(e6d71ffa52071fd48bb56b7befb88bf0) Importer(815301076,1909f56bfc062723c751e8b465ee728b)
Start importing Assets/3D DJ/Playback/Depth Build/DepthBuild.shader using Guid(e6d71ffa52071fd48bb56b7befb88bf0) Importer(815301076,1909f56bfc062723c751e8b465ee728b)  -> (artifact id: '321ef907945464f090909a9b02d31951') in 0.000664 seconds
Number of updated asset objects reloaded before import = 0
Number of asset objects unloaded after import = 0
========================================================================
Received Import Request.
  Time since last request: 11.399172 seconds.
  path: Assets/3D DJ/Playback/Depth Build/Static Normals Preview.mat
  artifactKey: Guid(7a35d3f0194b9f0408fac554a3b1f2ee) Importer(815301076,1909f56bfc062723c751e8b465ee728b)
Start importing Assets/3D DJ/Playback/Depth Build/Static Normals Preview.mat using Guid(7a35d3f0194b9f0408fac554a3b1f2ee) Importer(815301076,1909f56bfc062723c751e8b465ee728b)  -> (artifact id: 'e8f9df5a8228338788025d18ba202df3') in 0.404108 seconds
Number of updated asset objects reloaded before import = 1
Number of asset objects unloaded after import = 16
========================================================================
Received Import Request.
  Time since last request: 15.422021 seconds.
  path: Assets/3D DJ/Playback/Depth Build/Static Normals Preview.mat
  artifactKey: Guid(7a35d3f0194b9f0408fac554a3b1f2ee) Importer(815301076,1909f56bfc062723c751e8b465ee728b)
Start importing Assets/3D DJ/Playback/Depth Build/Static Normals Preview.mat using Guid(7a35d3f0194b9f0408fac554a3b1f2ee) Importer(815301076,1909f56bfc062723c751e8b465ee728b)  -> (artifact id: 'f583b0e7d163f45e193a436c463ff133') in 0.367401 seconds
Number of updated asset objects reloaded before import = 1
Number of asset objects unloaded after import = 16
========================================================================
Received Import Request.
  Time since last request: 34.854084 seconds.
  path: Assets/3D DJ/Playback/Depth Build/Static Normals Preview.mat
  artifactKey: Guid(7a35d3f0194b9f0408fac554a3b1f2ee) Importer(815301076,1909f56bfc062723c751e8b465ee728b)
Start importing Assets/3D DJ/Playback/Depth Build/Static Normals Preview.mat using Guid(7a35d3f0194b9f0408fac554a3b1f2ee) Importer(815301076,1909f56bfc062723c751e8b465ee728b)  -> (artifact id: 'ae0dae0aaa7d99f924fb840396967183') in 0.428968 seconds
Number of updated asset objects reloaded before import = 1
Number of asset objects unloaded after import = 16
========================================================================
Received Import Request.
  Time since last request: 16.552620 seconds.
  path: Assets/3D DJ/Playback/Depth Build/Static Normals Preview.mat
  artifactKey: Guid(7a35d3f0194b9f0408fac554a3b1f2ee) Importer(815301076,1909f56bfc062723c751e8b465ee728b)
Start importing Assets/3D DJ/Playback/Depth Build/Static Normals Preview.mat using Guid(7a35d3f0194b9f0408fac554a3b1f2ee) Importer(815301076,1909f56bfc062723c751e8b465ee728b)  -> (artifact id: '1d7d5240d15a1f2c291171b4b6fe8395') in 0.392991 seconds
Number of updated asset objects reloaded before import = 1
Number of asset objects unloaded after import = 16
========================================================================
Received Import Request.
  Time since last request: 17.730701 seconds.
  path: Assets/3D DJ/Playback/Depth Build/Static Normals Preview.mat
  artifactKey: Guid(7a35d3f0194b9f0408fac554a3b1f2ee) Importer(815301076,1909f56bfc062723c751e8b465ee728b)
Start importing Assets/3D DJ/Playback/Depth Build/Static Normals Preview.mat using Guid(7a35d3f0194b9f0408fac554a3b1f2ee) Importer(815301076,1909f56bfc062723c751e8b465ee728b)  -> (artifact id: '90bf8defabd554ac93d5b0e4e8d62f7e') in 0.433442 seconds
Number of updated asset objects reloaded before import = 1
Number of asset objects unloaded after import = 16
========================================================================
Received Import Request.
  Time since last request: 39.918069 seconds.
  path: Assets/3D DJ/Playback/Depth Build/Static Normals Preview.mat
  artifactKey: Guid(7a35d3f0194b9f0408fac554a3b1f2ee) Importer(815301076,1909f56bfc062723c751e8b465ee728b)
Start importing Assets/3D DJ/Playback/Depth Build/Static Normals Preview.mat using Guid(7a35d3f0194b9f0408fac554a3b1f2ee) Importer(815301076,1909f56bfc062723c751e8b465ee728b)  -> (artifact id: '88306f67003fdbea86af7d6634117204') in 0.402825 seconds
Number of updated asset objects reloaded before import = 1
Number of asset objects unloaded after import = 16
========================================================================
Received Import Request.
  Time since last request: 15.433127 seconds.
  path: Assets/3D DJ/Playback/Depth Build/Static Normals Preview.mat
  artifactKey: Guid(7a35d3f0194b9f0408fac554a3b1f2ee) Importer(815301076,1909f56bfc062723c751e8b465ee728b)
Start importing Assets/3D DJ/Playback/Depth Build/Static Normals Preview.mat using Guid(7a35d3f0194b9f0408fac554a3b1f2ee) Importer(815301076,1909f56bfc062723c751e8b465ee728b)  -> (artifact id: 'ff835ec7ed69e05e04455e89cb2d9c4d') in 0.359116 seconds
Number of updated asset objects reloaded before import = 1
Number of asset objects unloaded after import = 16
========================================================================
Received Import Request.
  Time since last request: 0.000016 seconds.
  path: Assets/3D DJ/Playback/Depth Build/DepthBuild.shader
  artifactKey: Guid(e6d71ffa52071fd48bb56b7befb88bf0) Importer(815301076,1909f56bfc062723c751e8b465ee728b)
Start importing Assets/3D DJ/Playback/Depth Build/DepthBuild.shader using Guid(e6d71ffa52071fd48bb56b7befb88bf0) Importer(815301076,1909f56bfc062723c751e8b465ee728b)  -> (artifact id: '91c9e55586cf265d1e010d25d6020e4e') in 0.000943 seconds
Number of updated asset objects reloaded before import = 0
Number of asset objects unloaded after import = 0
========================================================================
Received Import Request.
  Time since last request: 0.000041 seconds.
  path: Assets/3D DJ/Playback/Depth Build/Static Preview.mat
  artifactKey: Guid(cb081a8bc87f6c7449d184815a6f71a3) Importer(815301076,1909f56bfc062723c751e8b465ee728b)
Start importing Assets/3D DJ/Playback/Depth Build/Static Preview.mat using Guid(cb081a8bc87f6c7449d184815a6f71a3) Importer(815301076,1909f56bfc062723c751e8b465ee728b)  -> (artifact id: '0e04f362530c208ddcae04492f8f4691') in 0.026507 seconds
Number of updated asset objects reloaded before import = 0
Number of asset objects unloaded after import = 16
========================================================================
Received Import Request.
  Time since last request: 23.925387 seconds.
  path: Assets/3D DJ/Playback/Depth Build/Static Normals Preview.mat
  artifactKey: Guid(7a35d3f0194b9f0408fac554a3b1f2ee) Importer(815301076,1909f56bfc062723c751e8b465ee728b)
Start importing Assets/3D DJ/Playback/Depth Build/Static Normals Preview.mat using Guid(7a35d3f0194b9f0408fac554a3b1f2ee) Importer(815301076,1909f56bfc062723c751e8b465ee728b)  -> (artifact id: 'ac17a2304464f70a65805fcf26596c56') in 0.412570 seconds
Number of updated asset objects reloaded before import = 1
Number of asset objects unloaded after import = 16
========================================================================
Received Import Request.
  Time since last request: 8.816325 seconds.
  path: Assets/3D DJ/Playback/Depth Build/Static Normals Preview.mat
  artifactKey: Guid(7a35d3f0194b9f0408fac554a3b1f2ee) Importer(815301076,1909f56bfc062723c751e8b465ee728b)
Start importing Assets/3D DJ/Playback/Depth Build/Static Normals Preview.mat using Guid(7a35d3f0194b9f0408fac554a3b1f2ee) Importer(815301076,1909f56bfc062723c751e8b465ee728b)  -> (artifact id: '23a83a979828cfe1d29401809a51bf4d') in 0.421723 seconds
Number of updated asset objects reloaded before import = 1
Number of asset objects unloaded after import = 16
========================================================================
Received Import Request.
  Time since last request: 5.067196 seconds.
  path: Assets/3D DJ/Playback/Depth Build/Static Normals Preview.mat
  artifactKey: Guid(7a35d3f0194b9f0408fac554a3b1f2ee) Importer(815301076,1909f56bfc062723c751e8b465ee728b)
Start importing Assets/3D DJ/Playback/Depth Build/Static Normals Preview.mat using Guid(7a35d3f0194b9f0408fac554a3b1f2ee) Importer(815301076,1909f56bfc062723c751e8b465ee728b)  -> (artifact id: 'd86f52f22ae2d5a21e6cff323ba74f66') in 0.362411 seconds
Number of updated asset objects reloaded before import = 1
Number of asset objects unloaded after import = 16
========================================================================
Received Import Request.
  Time since last request: 9.268190 seconds.
  path: Assets/3D DJ/Playback/Depth Build/Static Normals Preview.mat
  artifactKey: Guid(7a35d3f0194b9f0408fac554a3b1f2ee) Importer(815301076,1909f56bfc062723c751e8b465ee728b)
Start importing Assets/3D DJ/Playback/Depth Build/Static Normals Preview.mat using Guid(7a35d3f0194b9f0408fac554a3b1f2ee) Importer(815301076,1909f56bfc062723c751e8b465ee728b)  -> (artifact id: '638edae1459e62b6be089fc7bf031359') in 0.376889 seconds
Number of updated asset objects reloaded before import = 1
Number of asset objects unloaded after import = 16
========================================================================
Received Import Request.
  Time since last request: 6.331373 seconds.
  path: Assets/3D DJ/Playback/Depth Build/Static Normals Preview.mat
  artifactKey: Guid(7a35d3f0194b9f0408fac554a3b1f2ee) Importer(815301076,1909f56bfc062723c751e8b465ee728b)
Start importing Assets/3D DJ/Playback/Depth Build/Static Normals Preview.mat using Guid(7a35d3f0194b9f0408fac554a3b1f2ee) Importer(815301076,1909f56bfc062723c751e8b465ee728b)  -> (artifact id: '22feb791a35bb4c9cf0b278ef31a56fb') in 0.166267 seconds
Number of updated asset objects reloaded before import = 1
Number of asset objects unloaded after import = 16
========================================================================
Received Import Request.
  Time since last request: 13.035886 seconds.
  path: Assets/3D DJ/Playback/Depth Build/Static Normals Preview.mat
  artifactKey: Guid(7a35d3f0194b9f0408fac554a3b1f2ee) Importer(815301076,1909f56bfc062723c751e8b465ee728b)
Start importing Assets/3D DJ/Playback/Depth Build/Static Normals Preview.mat using Guid(7a35d3f0194b9f0408fac554a3b1f2ee) Importer(815301076,1909f56bfc062723c751e8b465ee728b)  -> (artifact id: '8677fceb491ebee95ceb42ec2be70a81') in 0.389348 seconds
Number of updated asset objects reloaded before import = 1
Number of asset objects unloaded after import = 16
========================================================================
Received Import Request.
  Time since last request: 5.007166 seconds.
  path: Assets/3D DJ/Playback/Depth Build/Static Normals Preview.mat
  artifactKey: Guid(7a35d3f0194b9f0408fac554a3b1f2ee) Importer(815301076,1909f56bfc062723c751e8b465ee728b)
Start importing Assets/3D DJ/Playback/Depth Build/Static Normals Preview.mat using Guid(7a35d3f0194b9f0408fac554a3b1f2ee) Importer(815301076,1909f56bfc062723c751e8b465ee728b)  -> (artifact id: '0331fd627239f0d9f9925837e215bc9b') in 0.371114 seconds
Number of updated asset objects reloaded before import = 1
Number of asset objects unloaded after import = 16
========================================================================
Received Import Request.
  Time since last request: 4.900395 seconds.
  path: Assets/3D DJ/Playback/Depth Build/Static Normals Preview.mat
  artifactKey: Guid(7a35d3f0194b9f0408fac554a3b1f2ee) Importer(815301076,1909f56bfc062723c751e8b465ee728b)
Start importing Assets/3D DJ/Playback/Depth Build/Static Normals Preview.mat using Guid(7a35d3f0194b9f0408fac554a3b1f2ee) Importer(815301076,1909f56bfc062723c751e8b465ee728b)  -> (artifact id: '7e24807f64adc69ead7355f4a7adaaae') in 0.152059 seconds
Number of updated asset objects reloaded before import = 1
Number of asset objects unloaded after import = 16
========================================================================
Received Import Request.
  Time since last request: 41.578153 seconds.
  path: Assets/3D DJ/Playback/Depth Build/Static Normals Preview.mat
  artifactKey: Guid(7a35d3f0194b9f0408fac554a3b1f2ee) Importer(815301076,1909f56bfc062723c751e8b465ee728b)
Start importing Assets/3D DJ/Playback/Depth Build/Static Normals Preview.mat using Guid(7a35d3f0194b9f0408fac554a3b1f2ee) Importer(815301076,1909f56bfc062723c751e8b465ee728b)  -> (artifact id: '5ef916760f2cab5455cb50788429a13e') in 0.361882 seconds
Number of updated asset objects reloaded before import = 1
Number of asset objects unloaded after import = 16
========================================================================
Received Import Request.
  Time since last request: 0.000014 seconds.
  path: Assets/3D DJ/Playback/Depth Build/DepthBuild.shader
  artifactKey: Guid(e6d71ffa52071fd48bb56b7befb88bf0) Importer(815301076,1909f56bfc062723c751e8b465ee728b)
Start importing Assets/3D DJ/Playback/Depth Build/DepthBuild.shader using Guid(e6d71ffa52071fd48bb56b7befb88bf0) Importer(815301076,1909f56bfc062723c751e8b465ee728b)  -> (artifact id: '27c571fb8b3e61ed671e677e453e770b') in 0.000716 seconds
Number of updated asset objects reloaded before import = 0
Number of asset objects unloaded after import = 0
========================================================================
Received Import Request.
  Time since last request: 15.686531 seconds.
  path: Assets/3D DJ/Playback/Depth Build/Static Normals Preview.mat
  artifactKey: Guid(7a35d3f0194b9f0408fac554a3b1f2ee) Importer(815301076,1909f56bfc062723c751e8b465ee728b)
Start importing Assets/3D DJ/Playback/Depth Build/Static Normals Preview.mat using Guid(7a35d3f0194b9f0408fac554a3b1f2ee) Importer(815301076,1909f56bfc062723c751e8b465ee728b)  -> (artifact id: 'aa50260aca54d32a887e1ef9e6e3b1dd') in 0.360935 seconds
Number of updated asset objects reloaded before import = 1
Number of asset objects unloaded after import = 16
========================================================================
Received Import Request.
  Time since last request: 9.478232 seconds.
  path: Assets/3D DJ/Playback/Depth Build/Static Normals Preview.mat
  artifactKey: Guid(7a35d3f0194b9f0408fac554a3b1f2ee) Importer(815301076,1909f56bfc062723c751e8b465ee728b)
Start importing Assets/3D DJ/Playback/Depth Build/Static Normals Preview.mat using Guid(7a35d3f0194b9f0408fac554a3b1f2ee) Importer(815301076,1909f56bfc062723c751e8b465ee728b)  -> (artifact id: '5edbd2303b11045c0451dc0b12057022') in 0.135113 seconds
Number of updated asset objects reloaded before import = 1
Number of asset objects unloaded after import = 16
========================================================================
Received Import Request.
  Time since last request: 0.000014 seconds.
  path: Assets/3D DJ/Playback/Depth Build/DepthBuild.shader
  artifactKey: Guid(e6d71ffa52071fd48bb56b7befb88bf0) Importer(815301076,1909f56bfc062723c751e8b465ee728b)
Start importing Assets/3D DJ/Playback/Depth Build/DepthBuild.shader using Guid(e6d71ffa52071fd48bb56b7befb88bf0) Importer(815301076,1909f56bfc062723c751e8b465ee728b)  -> (artifact id: '8e77d9cd563b2ea010926bf2bfbc3594') in 0.000674 seconds
Number of updated asset objects reloaded before import = 0
Number of asset objects unloaded after import = 0
========================================================================
Received Import Request.
  Time since last request: 31.014193 seconds.
  path: Assets/3D DJ/Playback/Depth Build/Static Normals Preview.mat
  artifactKey: Guid(7a35d3f0194b9f0408fac554a3b1f2ee) Importer(815301076,1909f56bfc062723c751e8b465ee728b)
Start importing Assets/3D DJ/Playback/Depth Build/Static Normals Preview.mat using Guid(7a35d3f0194b9f0408fac554a3b1f2ee) Importer(815301076,1909f56bfc062723c751e8b465ee728b)  -> (artifact id: '0b6638f89ffac20a7099068db9c4dd0e') in 0.372473 seconds
Number of updated asset objects reloaded before import = 1
Number of asset objects unloaded after import = 16
========================================================================
Received Import Request.
  Time since last request: 0.000015 seconds.
  path: Assets/3D DJ/Playback/Depth Build/DepthBuild.shader
  artifactKey: Guid(e6d71ffa52071fd48bb56b7befb88bf0) Importer(815301076,1909f56bfc062723c751e8b465ee728b)
Start importing Assets/3D DJ/Playback/Depth Build/DepthBuild.shader using Guid(e6d71ffa52071fd48bb56b7befb88bf0) Importer(815301076,1909f56bfc062723c751e8b465ee728b)  -> (artifact id: '3407b1323046ab157940adff471cb081') in 0.000642 seconds
Number of updated asset objects reloaded before import = 0
Number of asset objects unloaded after import = 0
========================================================================
Received Import Request.
  Time since last request: 0.000056 seconds.
  path: Assets/3D DJ/Playback/Depth Build/Static Preview.mat
  artifactKey: Guid(cb081a8bc87f6c7449d184815a6f71a3) Importer(815301076,1909f56bfc062723c751e8b465ee728b)
Start importing Assets/3D DJ/Playback/Depth Build/Static Preview.mat using Guid(cb081a8bc87f6c7449d184815a6f71a3) Importer(815301076,1909f56bfc062723c751e8b465ee728b)  -> (artifact id: 'b27705ed024a10701cf7344ba639db8a') in 0.020908 seconds
Number of updated asset objects reloaded before import = 0
Number of asset objects unloaded after import = 16
========================================================================
Received Import Request.
  Time since last request: 10.432147 seconds.
  path: Assets/3D DJ/Playback/Depth Build/Static Normals Preview.mat
  artifactKey: Guid(7a35d3f0194b9f0408fac554a3b1f2ee) Importer(815301076,1909f56bfc062723c751e8b465ee728b)
Start importing Assets/3D DJ/Playback/Depth Build/Static Normals Preview.mat using Guid(7a35d3f0194b9f0408fac554a3b1f2ee) Importer(815301076,1909f56bfc062723c751e8b465ee728b)  -> (artifact id: 'b829c38722eae94d0c9e0c23f5a86c22') in 0.238232 seconds
Number of updated asset objects reloaded before import = 1
Number of asset objects unloaded after import = 16
========================================================================
Received Import Request.
  Time since last request: 28.501568 seconds.
  path: Assets/3D DJ/Playback/Depth Build/Static Normals Preview.mat
  artifactKey: Guid(7a35d3f0194b9f0408fac554a3b1f2ee) Importer(815301076,1909f56bfc062723c751e8b465ee728b)
Start importing Assets/3D DJ/Playback/Depth Build/Static Normals Preview.mat using Guid(7a35d3f0194b9f0408fac554a3b1f2ee) Importer(815301076,1909f56bfc062723c751e8b465ee728b)  -> (artifact id: '2175464a9b7522d035c0e1823dc18762') in 0.393019 seconds
Number of updated asset objects reloaded before import = 1
Number of asset objects unloaded after import = 16
========================================================================
Received Import Request.
  Time since last request: 21.680648 seconds.
  path: Assets/3D DJ/Playback/Depth Build/Static Normals Preview.mat
  artifactKey: Guid(7a35d3f0194b9f0408fac554a3b1f2ee) Importer(815301076,1909f56bfc062723c751e8b465ee728b)
Start importing Assets/3D DJ/Playback/Depth Build/Static Normals Preview.mat using Guid(7a35d3f0194b9f0408fac554a3b1f2ee) Importer(815301076,1909f56bfc062723c751e8b465ee728b)  -> (artifact id: '5b81b8f4b3645e6b8180eaae78a044f2') in 0.389565 seconds
Number of updated asset objects reloaded before import = 1
Number of asset objects unloaded after import = 16
========================================================================
Received Import Request.
  Time since last request: 23.838071 seconds.
  path: Assets/3D DJ/Playback/Depth Build/Static Normals Preview.mat
  artifactKey: Guid(7a35d3f0194b9f0408fac554a3b1f2ee) Importer(815301076,1909f56bfc062723c751e8b465ee728b)
Start importing Assets/3D DJ/Playback/Depth Build/Static Normals Preview.mat using Guid(7a35d3f0194b9f0408fac554a3b1f2ee) Importer(815301076,1909f56bfc062723c751e8b465ee728b)  -> (artifact id: '862f8e685415ee15c18283fe2ba4395d') in 0.386627 seconds
Number of updated asset objects reloaded before import = 1
Number of asset objects unloaded after import = 16
========================================================================
Received Import Request.
  Time since last request: 12.658076 seconds.
  path: Assets/3D DJ/Playback/Depth Build/Static Normals Preview.mat
  artifactKey: Guid(7a35d3f0194b9f0408fac554a3b1f2ee) Importer(815301076,1909f56bfc062723c751e8b465ee728b)
Start importing Assets/3D DJ/Playback/Depth Build/Static Normals Preview.mat using Guid(7a35d3f0194b9f0408fac554a3b1f2ee) Importer(815301076,1909f56bfc062723c751e8b465ee728b)  -> (artifact id: 'acb3fb2735d8c38b0f57d045a4db3dbd') in 0.435965 seconds
Number of updated asset objects reloaded before import = 1
Number of asset objects unloaded after import = 16
========================================================================
Received Import Request.
  Time since last request: 11.687031 seconds.
  path: Assets/3D DJ/Playback/Depth Build/Static Normals Preview.mat
  artifactKey: Guid(7a35d3f0194b9f0408fac554a3b1f2ee) Importer(815301076,1909f56bfc062723c751e8b465ee728b)
Start importing Assets/3D DJ/Playback/Depth Build/Static Normals Preview.mat using Guid(7a35d3f0194b9f0408fac554a3b1f2ee) Importer(815301076,1909f56bfc062723c751e8b465ee728b)  -> (artifact id: '585465a50f9f23372f3fe20a05cc6b5c') in 0.376395 seconds
Number of updated asset objects reloaded before import = 1
Number of asset objects unloaded after import = 16
========================================================================
Received Import Request.
  Time since last request: 4.612330 seconds.
  path: Assets/3D DJ/Playback/Depth Build/Static Normals Preview.mat
  artifactKey: Guid(7a35d3f0194b9f0408fac554a3b1f2ee) Importer(815301076,1909f56bfc062723c751e8b465ee728b)
Start importing Assets/3D DJ/Playback/Depth Build/Static Normals Preview.mat using Guid(7a35d3f0194b9f0408fac554a3b1f2ee) Importer(815301076,1909f56bfc062723c751e8b465ee728b)  -> (artifact id: 'de906bcd6c1710d4fb0a54c1abaa1e11') in 0.389155 seconds
Number of updated asset objects reloaded before import = 1
Number of asset objects unloaded after import = 16
Editor requested this worker to shutdown with reason: Scaling down because of idle timeout
TcpMessagingSession - receive error: operation aborted. errorcode: 995, details: The I/O operation has been aborted because of either a thread exit or an application request.
AssetImportWorker is now disconnected from the server
Process exiting
Exiting without the bug reporter. Application will terminate with return code 0