Using pre-set license
Built from '2022.3/staging' branch; Version is '2022.3.22f1 (887be4894c44) revision 8944612'; Using compiler version '192829333'; Build Type 'Release'
OS: 'Windows 11  (10.0.26100) 64bit Professional' Language: 'en' Physical Memory: 32655 MB
BatchMode: 1, IsHumanControllingUs: 0, StartBugReporterOnCrash: 0, Is64bit: 1, IsPro: 1

COMMAND LINE ARGUMENTS:
C:\Users\mherber\Documents\2022.3.22f1\Editor\Unity.exe
-adb2
-batchMode
-noUpm
-name
AssetImportWorker0
-projectPath
C:/Users/mherber/sonar-3dj-project
-logFile
Logs/AssetImportWorker0.log
-srvPort
55774
Successfully changed project path to: C:/Users/mherber/sonar-3dj-project
C:/Users/mherber/sonar-3dj-project
[UnityMemory] Configuration Parameters - Can be set up in boot.config
    "memorysetup-bucket-allocator-granularity=16"
    "memorysetup-bucket-allocator-bucket-count=8"
    "memorysetup-bucket-allocator-block-size=33554432"
    "memorysetup-bucket-allocator-block-count=8"
    "memorysetup-main-allocator-block-size=16777216"
    "memorysetup-thread-allocator-block-size=16777216"
    "memorysetup-gfx-main-allocator-block-size=16777216"
    "memorysetup-gfx-thread-allocator-block-size=16777216"
    "memorysetup-cache-allocator-block-size=4194304"
    "memorysetup-typetree-allocator-block-size=2097152"
    "memorysetup-profiler-bucket-allocator-granularity=16"
    "memorysetup-profiler-bucket-allocator-bucket-count=8"
    "memorysetup-profiler-bucket-allocator-block-size=33554432"
    "memorysetup-profiler-bucket-allocator-block-count=8"
    "memorysetup-profiler-allocator-block-size=16777216"
    "memorysetup-profiler-editor-allocator-block-size=1048576"
    "memorysetup-temp-allocator-size-main=16777216"
    "memorysetup-job-temp-allocator-block-size=2097152"
    "memorysetup-job-temp-allocator-block-size-background=1048576"
    "memorysetup-job-temp-allocator-reduction-small-platforms=262144"
    "memorysetup-allocator-temp-initial-block-size-main=262144"
    "memorysetup-allocator-temp-initial-block-size-worker=262144"
    "memorysetup-temp-allocator-size-background-worker=32768"
    "memorysetup-temp-allocator-size-job-worker=262144"
    "memorysetup-temp-allocator-size-preload-manager=33554432"
    "memorysetup-temp-allocator-size-nav-mesh-worker=65536"
    "memorysetup-temp-allocator-size-audio-worker=65536"
    "memorysetup-temp-allocator-size-cloud-worker=32768"
    "memorysetup-temp-allocator-size-gi-baking-worker=262144"
    "memorysetup-temp-allocator-size-gfx=262144"
Player connection [37976] Host "[IP] 10.0.2.45 [Port] 0 [Flags] 2 [Guid] 2930282398 [EditorId] 2930282398 [Version] 1048832 [Id] WindowsEditor(7,PTM541) [Debug] 1 [PackageName] WindowsEditor [ProjectName] Editor" joined multi-casting on [225.0.0.222:54997]...

Player connection [37976] Host "[IP] 10.0.2.45 [Port] 0 [Flags] 2 [Guid] 2930282398 [EditorId] 2930282398 [Version] 1048832 [Id] WindowsEditor(7,PTM541) [Debug] 1 [PackageName] WindowsEditor [ProjectName] Editor" joined alternative multi-casting on [225.0.0.222:34997]...

[Physics::Module] Initialized MultithreadedJobDispatcher with 11 workers.
Default GameObject BitMask: InternalUI already registered
Default GameObject BitMask: HardwareObjects already registered
Refreshing native plugins compatible for Editor in 164.97 ms, found 10 plugins.
Preloading 2 native plugins for Editor in 4.00 ms.
Initialize engine version: 2022.3.22f1 (887be4894c44)
[Subsystems] Discovering subsystems at path C:/Users/mherber/Documents/2022.3.22f1/Editor/Data/Resources/UnitySubsystems
[Subsystems] Discovering subsystems at path C:/Users/mherber/sonar-3dj-project/Assets
GfxDevice: creating device client; threaded=0; jobified=0
Direct3D:
    Version:  Direct3D 11.0 [level 11.1]
    Renderer: NVIDIA GeForce RTX 3060 (ID=0x2504)
    Vendor:   NVIDIA
    VRAM:     12115 MB
    Driver:   32.0.15.6094
Initialize mono
Mono path[0] = 'C:/Users/mherber/Documents/2022.3.22f1/Editor/Data/Managed'
Mono path[1] = 'C:/Users/mherber/Documents/2022.3.22f1/Editor/Data/MonoBleedingEdge/lib/mono/unityjit-win32'
Mono config path = 'C:/Users/mherber/Documents/2022.3.22f1/Editor/Data/MonoBleedingEdge/etc'
Using monoOptions --debugger-agent=transport=dt_socket,embedding=1,server=y,suspend=n,address=127.0.0.1:56416
Begin MonoManager ReloadAssembly
Registering precompiled unity dll's ...
Register platform support module: C:/Users/mherber/Documents/2022.3.22f1/Editor/Data/PlaybackEngines/AndroidPlayer/UnityEditor.Android.Extensions.dll
Register platform support module: C:/Users/mherber/Documents/2022.3.22f1/Editor/Data/PlaybackEngines/WindowsStandaloneSupport/UnityEditor.WindowsStandalone.Extensions.dll
Registered in 0.011342 seconds.
- Loaded All Assemblies, in  0.363 seconds
Native extension for WindowsStandalone target not found
Native extension for Android target not found
Mono: successfully reloaded assembly
- Finished resetting the current domain, in  0.286 seconds
Domain Reload Profiling: 648ms
	BeginReloadAssembly (132ms)
		ExecutionOrderSort (0ms)
		DisableScriptedObjects (0ms)
		BackupInstance (0ms)
		ReleaseScriptingObjects (0ms)
		CreateAndSetChildDomain (1ms)
	RebuildCommonClasses (30ms)
	RebuildNativeTypeToScriptingClass (7ms)
	initialDomainReloadingComplete (59ms)
	LoadAllAssembliesAndSetupDomain (133ms)
		LoadAssemblies (131ms)
		RebuildTransferFunctionScriptingTraits (0ms)
		AnalyzeDomain (130ms)
			TypeCache.Refresh (128ms)
				TypeCache.ScanAssembly (116ms)
			ScanForSourceGeneratedMonoScriptInfo (0ms)
			ResolveRequiredComponents (0ms)
	FinalizeReload (287ms)
		ReleaseScriptCaches (0ms)
		RebuildScriptCaches (0ms)
		SetupLoadedEditorAssemblies (241ms)
			LogAssemblyErrors (0ms)
			InitializePlatformSupportModulesInManaged (96ms)
			SetLoadedEditorAssemblies (3ms)
			RefreshPlugins (0ms)
			BeforeProcessingInitializeOnLoad (2ms)
			ProcessInitializeOnLoadAttributes (97ms)
			ProcessInitializeOnLoadMethodAttributes (43ms)
			AfterProcessingInitializeOnLoad (0ms)
			EditorAssembliesLoaded (0ms)
		ExecutionOrderSort2 (0ms)
		AwakeInstancesAfterBackupRestoration (0ms)
========================================================================
Worker process is ready to serve import requests
Begin MonoManager ReloadAssembly
- Loaded All Assemblies, in  1.183 seconds
Refreshing native plugins compatible for Editor in 84.84 ms, found 10 plugins.
Native extension for WindowsStandalone target not found
Native extension for Android target not found
Package Manager log level set to [2]
[Package Manager] Server::EnsureServerProcessIsRunning -- launch failed, reason: Unity was launched with the -noUpm command-line argument
[Package Manager] UpmClient::Send -- Unable to send message (not connected to UPM process).
[Package Manager] Cannot connect to Unity Package Manager local server
[Package Manager] Server::EnsureServerProcessIsRunning -- launch failed, reason: Unity was launched with the -noUpm command-line argument
[Package Manager] UpmClient::Send -- Unable to send message (not connected to UPM process).
[Package Manager] Cannot connect to Unity Package Manager local server
System.Reflection.TargetInvocationException: Exception has been thrown by the target of an invocation. ---> System.NullReferenceException: Object reference not set to an instance of an object
  at Unity.XR.Oculus.OculusLoader.AssetPathToAbsolutePath (System.String assetPath) [0x00040] in .\Library\PackageCache\com.unity.xr.oculus@4.2.0\Runtime\OculusLoader.cs:298 
  at Unity.XR.Oculus.OculusLoader.EditorLoadOVRPlugin () [0x0008c] in .\Library\PackageCache\com.unity.xr.oculus@4.2.0\Runtime\OculusLoader.cs:283 
  at (wrapper managed-to-native) System.Reflection.RuntimeMethodInfo.InternalInvoke(System.Reflection.RuntimeMethodInfo,object,object[],System.Exception&)
  at System.Reflection.RuntimeMethodInfo.Invoke (System.Object obj, System.Reflection.BindingFlags invokeAttr, System.Reflection.Binder binder, System.Object[] parameters, System.Globalization.CultureInfo culture) [0x0006a] in <27124aa0e30a41659b903b822b959bc7>:0 
   --- End of inner exception stack trace ---
  at System.Reflection.RuntimeMethodInfo.Invoke (System.Object obj, System.Reflection.BindingFlags invokeAttr, System.Reflection.Binder binder, System.Object[] parameters, System.Globalization.CultureInfo culture) [0x00083] in <27124aa0e30a41659b903b822b959bc7>:0 
  at System.Reflection.MethodBase.Invoke (System.Object obj, System.Object[] parameters) [0x00000] in <27124aa0e30a41659b903b822b959bc7>:0 
  at UnityEditor.EditorAssemblies.ProcessInitializeOnLoadMethodAttributes () [0x000a5] in <80a8ce1980c648dca8e68f0d8aa3b930>:0 
UnityEngine.StackTraceUtility:ExtractStackTrace ()
UnityEngine.DebugLogHandler:LogFormat (UnityEngine.LogType,UnityEngine.Object,string,object[])
UnityEngine.Logger:Log (UnityEngine.LogType,object)
UnityEngine.Debug:LogError (object)
UnityEditor.EditorAssemblies:ProcessInitializeOnLoadMethodAttributes ()

Mono: successfully reloaded assembly
[Package Manager] Server::EnsureServerProcessIsRunning -- launch failed, reason: Unity was launched with the -noUpm command-line argument
[Package Manager] UpmClient::Send -- Unable to send message (not connected to UPM process).
[Package Manager] Cannot connect to Unity Package Manager local server
[Package Manager] Server::EnsureServerProcessIsRunning -- launch failed, reason: Unity was launched with the -noUpm command-line argument
[Package Manager] UpmClient::Send -- Unable to send message (not connected to UPM process).
[Package Manager] Cannot connect to Unity Package Manager local server
- Finished resetting the current domain, in  2.382 seconds
Domain Reload Profiling: 3559ms
	BeginReloadAssembly (186ms)
		ExecutionOrderSort (0ms)
		DisableScriptedObjects (4ms)
		BackupInstance (0ms)
		ReleaseScriptingObjects (0ms)
		CreateAndSetChildDomain (20ms)
	RebuildCommonClasses (27ms)
	RebuildNativeTypeToScriptingClass (8ms)
	initialDomainReloadingComplete (64ms)
	LoadAllAssembliesAndSetupDomain (892ms)
		LoadAssemblies (727ms)
		RebuildTransferFunctionScriptingTraits (0ms)
		AnalyzeDomain (297ms)
			TypeCache.Refresh (260ms)
				TypeCache.ScanAssembly (238ms)
			ScanForSourceGeneratedMonoScriptInfo (24ms)
			ResolveRequiredComponents (8ms)
	FinalizeReload (2382ms)
		ReleaseScriptCaches (0ms)
		RebuildScriptCaches (0ms)
		SetupLoadedEditorAssemblies (1368ms)
			LogAssemblyErrors (0ms)
			InitializePlatformSupportModulesInManaged (23ms)
			SetLoadedEditorAssemblies (3ms)
			RefreshPlugins (0ms)
			BeforeProcessingInitializeOnLoad (195ms)
			ProcessInitializeOnLoadAttributes (674ms)
			ProcessInitializeOnLoadMethodAttributes (463ms)
			AfterProcessingInitializeOnLoad (9ms)
			EditorAssembliesLoaded (0ms)
		ExecutionOrderSort2 (0ms)
		AwakeInstancesAfterBackupRestoration (9ms)
Default GameObject BitMask: InternalUI already registered
Default GameObject BitMask: HardwareObjects already registered
Launched and connected shader compiler UnityShaderCompiler.exe after 0.09 seconds
Refreshing native plugins compatible for Editor in 126.30 ms, found 10 plugins.
Preloading 2 native plugins for Editor in 0.30 ms.
Unloading 4585 Unused Serialized files (Serialized files now loaded: 0)
Unloading 233 unused Assets / (2.4 MB). Loaded Objects now: 5035.
Memory consumption went from 349.5 MB to 347.1 MB.
Total: 33.049400 ms (FindLiveObjects: 0.371100 ms CreateObjectMapping: 0.328600 ms MarkObjects: 31.168000 ms  DeleteObjects: 1.180600 ms)

AssetImportParameters requested are different than current active one (requested -> active):
  custom:container-demuxer-ogg: 62fdf1f143b41e24485cea50d1cbac27 -> 
  custom:video-decoder-ogg-theora: a1e56fd34408186e4bbccfd4996cb3dc -> 
  custom:framework-win-MediaFoundation: 216162199b28c13a410421893ffa2e32 -> 
  custom:CustomObjectIndexerAttribute: 9a22284fe3817be447336de3de66b15e -> 
  custom:container-demuxer-webm: 4f35f7cbe854078d1ac9338744f61a02 -> 
  custom:container-muxer-webm: aa71ff27fc2769a1b78a27578f13a17b -> 
  custom:video-decoder-webm-vp8: 9c59270c3fd7afecdb556c50c9e8de78 -> 
  custom:SearchIndexIgnoredProperties: e643bd26f0fe6173181afceb89e7c659 -> 
  custom:AudioImporter_EditorPlatform: d09bf68614088b80899f8185d706f6e7 -> 
  custom:video-encoder-webm-vp8: eb34c28f22e8b96e1ab97ce403110664 -> 
  custom:audio-decoder-ogg-vorbis: bf7c407c2cedff20999df2af8eb42d56 -> 
  custom:audio-encoder-webm-vorbis: bf7c407c2cedff20999df2af8eb42d56 -> 
========================================================================
Received Import Request.
  Time since last request: 13154.493704 seconds.
  path: Assets/3D DJ/Debug/Debug Cameras/Materials/Bottom/Color 1.mat
  artifactKey: Guid(d218298939a80984fb4dce31b15badd0) Importer(815301076,1909f56bfc062723c751e8b465ee728b)
Start importing Assets/3D DJ/Debug/Debug Cameras/Materials/Bottom/Color 1.mat using Guid(d218298939a80984fb4dce31b15badd0) Importer(815301076,1909f56bfc062723c751e8b465ee728b)  -> (artifact id: '80a594cd20eb51781cbe55609d8e8dff') in 0.069728 seconds
Number of updated asset objects reloaded before import = 0
Number of asset objects unloaded after import = 10
========================================================================
Received Import Request.
  Time since last request: 0.033029 seconds.
  path: Assets/3D DJ/Debug/Debug Cameras/Materials/Right/Color 1.mat
  artifactKey: Guid(ab93c24d12189054c94fa290f59cfc7a) Importer(815301076,1909f56bfc062723c751e8b465ee728b)
Start importing Assets/3D DJ/Debug/Debug Cameras/Materials/Right/Color 1.mat using Guid(ab93c24d12189054c94fa290f59cfc7a) Importer(815301076,1909f56bfc062723c751e8b465ee728b)  -> (artifact id: '0df83dded3877b99505bda2a32ef7ce5') in 0.015868 seconds
Number of updated asset objects reloaded before import = 0
Number of asset objects unloaded after import = 10
========================================================================
Received Import Request.
  Time since last request: 0.010094 seconds.
  path: Assets/3D DJ/Debug/Debug Cameras/Materials/Back/Color 1.mat
  artifactKey: Guid(06ea07d91d9dbfe4c9cd6a5722314282) Importer(815301076,1909f56bfc062723c751e8b465ee728b)
Start importing Assets/3D DJ/Debug/Debug Cameras/Materials/Back/Color 1.mat using Guid(06ea07d91d9dbfe4c9cd6a5722314282) Importer(815301076,1909f56bfc062723c751e8b465ee728b)  -> (artifact id: '2bab112b259a93c44e5f9c95bb3e23e8') in 0.016725 seconds
Number of updated asset objects reloaded before import = 0
Number of asset objects unloaded after import = 10
========================================================================
Received Import Request.
  Time since last request: 0.106663 seconds.
  path: Assets/3D DJ/Record/Output/Output Material.mat
  artifactKey: Guid(ce0c6ac46657fbe41962e89ad56b3fce) Importer(815301076,1909f56bfc062723c751e8b465ee728b)
Start importing Assets/3D DJ/Record/Output/Output Material.mat using Guid(ce0c6ac46657fbe41962e89ad56b3fce) Importer(815301076,1909f56bfc062723c751e8b465ee728b)  -> (artifact id: '0f8a870d34024c5f1afb018c30f7b68b') in 0.016289 seconds
Number of updated asset objects reloaded before import = 0
Number of asset objects unloaded after import = 5
========================================================================
Received Import Request.
  Time since last request: 0.078807 seconds.
  path: Assets/3D DJ/Debug/Debug Cameras/Materials/Left/Color 1.mat
  artifactKey: Guid(eae918f316e05034c9ea9d91c8161216) Importer(815301076,1909f56bfc062723c751e8b465ee728b)
Start importing Assets/3D DJ/Debug/Debug Cameras/Materials/Left/Color 1.mat using Guid(eae918f316e05034c9ea9d91c8161216) Importer(815301076,1909f56bfc062723c751e8b465ee728b)  -> (artifact id: 'b6239e32e5451a2812c6b4363ca4e721') in 0.019663 seconds
Number of updated asset objects reloaded before import = 0
Number of asset objects unloaded after import = 10
========================================================================
Received Import Request.
  Time since last request: 0.124561 seconds.
  path: Assets/3D DJ/Debug/Debug Cameras/Materials/Top/Color 1.mat
  artifactKey: Guid(1b786e87418074e47bd8b6ef7b5e8c4c) Importer(815301076,1909f56bfc062723c751e8b465ee728b)
Start importing Assets/3D DJ/Debug/Debug Cameras/Materials/Top/Color 1.mat using Guid(1b786e87418074e47bd8b6ef7b5e8c4c) Importer(815301076,1909f56bfc062723c751e8b465ee728b)  -> (artifact id: 'f59ff6db7ec896f9b33c42cdec81be40') in 0.059258 seconds
Number of updated asset objects reloaded before import = 0
Number of asset objects unloaded after import = 10
========================================================================
Received Import Request.
  Time since last request: 0.167410 seconds.
  path: Assets/3D DJ/Scripts/Manager.asset
  artifactKey: Guid(b0bdda2655c983e44a32bd8b2ddae210) Importer(815301076,1909f56bfc062723c751e8b465ee728b)
Start importing Assets/3D DJ/Scripts/Manager.asset using Guid(b0bdda2655c983e44a32bd8b2ddae210) Importer(815301076,1909f56bfc062723c751e8b465ee728b)  -> (artifact id: '059c5771e9c82c5d7c15196922f1c32b') in 0.000883 seconds
Number of updated asset objects reloaded before import = 0
Number of asset objects unloaded after import = 0
========================================================================
Received Import Request.
  Time since last request: 0.073789 seconds.
  path: Assets/3D DJ/Scripts/Manager.cs
  artifactKey: Guid(7eb1de4802ee3de469d81d88a7d50256) Importer(815301076,1909f56bfc062723c751e8b465ee728b)
Start importing Assets/3D DJ/Scripts/Manager.cs using Guid(7eb1de4802ee3de469d81d88a7d50256) Importer(815301076,1909f56bfc062723c751e8b465ee728b)  -> (artifact id: '5674d98dcb58ef2fe8276b69237f36af') in 0.000587 seconds
Number of updated asset objects reloaded before import = 0
Number of asset objects unloaded after import = 0
========================================================================
Received Import Request.
  Time since last request: 0.070798 seconds.
  path: Assets/3D DJ/Debug/Output Debug.mat
  artifactKey: Guid(dbb3bbfb98c8d0a499bde00f72d2905f) Importer(815301076,1909f56bfc062723c751e8b465ee728b)
Start importing Assets/3D DJ/Debug/Output Debug.mat using Guid(dbb3bbfb98c8d0a499bde00f72d2905f) Importer(815301076,1909f56bfc062723c751e8b465ee728b)  -> (artifact id: '21fad43c91b0bde4eb56df29c050ef6c') in 0.029356 seconds
Number of updated asset objects reloaded before import = 0
Number of asset objects unloaded after import = 10
========================================================================
Received Import Request.
  Time since last request: 0.038905 seconds.
  path: Assets/3D DJ/Debug/Debug Cameras/Materials/Front/Color.mat
  artifactKey: Guid(0da31497d794de845bb794ebbef5ce07) Importer(815301076,1909f56bfc062723c751e8b465ee728b)
Start importing Assets/3D DJ/Debug/Debug Cameras/Materials/Front/Color.mat using Guid(0da31497d794de845bb794ebbef5ce07) Importer(815301076,1909f56bfc062723c751e8b465ee728b)  -> (artifact id: '7690e78c2c4655ef6bd1770ce792330e') in 0.017410 seconds
Number of updated asset objects reloaded before import = 0
Number of asset objects unloaded after import = 10
========================================================================
Received Import Request.
  Time since last request: 0.096834 seconds.
  path: Assets/3D DJ/Record/Data Input.mat
  artifactKey: Guid(8a552e94a9b30954a8e0cab569428037) Importer(815301076,1909f56bfc062723c751e8b465ee728b)
Start importing Assets/3D DJ/Record/Data Input.mat using Guid(8a552e94a9b30954a8e0cab569428037) Importer(815301076,1909f56bfc062723c751e8b465ee728b)  -> (artifact id: '45988dba55b56a1f72b57c22a64e113c') in 0.012514 seconds
Number of updated asset objects reloaded before import = 0
Number of asset objects unloaded after import = 1
========================================================================
Received Import Request.
  Time since last request: 0.098010 seconds.
  path: Assets/3D DJ/Record/Output/Output CRT.asset
  artifactKey: Guid(86309c450e338be458544111d4f51804) Importer(815301076,1909f56bfc062723c751e8b465ee728b)
Start importing Assets/3D DJ/Record/Output/Output CRT.asset using Guid(86309c450e338be458544111d4f51804) Importer(815301076,1909f56bfc062723c751e8b465ee728b)  -> (artifact id: 'c71d8fdd5570d58cccd0475fc191b0ba') in 0.026139 seconds
Number of updated asset objects reloaded before import = 0
Number of asset objects unloaded after import = 7
========================================================================
Received Import Request.
  Time since last request: 0.015105 seconds.
  path: Assets/3D DJ/Record/Data CRT.asset
  artifactKey: Guid(b638e271c536ea24cb3cf67f3d34c317) Importer(815301076,1909f56bfc062723c751e8b465ee728b)
Start importing Assets/3D DJ/Record/Data CRT.asset using Guid(b638e271c536ea24cb3cf67f3d34c317) Importer(815301076,1909f56bfc062723c751e8b465ee728b)  -> (artifact id: '92bef61cf34272c0d72971cbc3febe5d') in 0.009131 seconds
Number of updated asset objects reloaded before import = 0
Number of asset objects unloaded after import = 3
========================================================================
Received Import Request.
  Time since last request: 0.045997 seconds.
  path: Assets/3D DJ/Record/Output/Output Screenspace.mat
  artifactKey: Guid(a75548cb2f707d14cb94315bd260dd56) Importer(815301076,1909f56bfc062723c751e8b465ee728b)
Start importing Assets/3D DJ/Record/Output/Output Screenspace.mat using Guid(a75548cb2f707d14cb94315bd260dd56) Importer(815301076,1909f56bfc062723c751e8b465ee728b)  -> (artifact id: 'ea644c1068cb78ac715ba16b98d55729') in 0.013221 seconds
Number of updated asset objects reloaded before import = 0
Number of asset objects unloaded after import = 7
========================================================================
Received Prepare
Default GameObject BitMask: InternalUI already registered
Default GameObject BitMask: HardwareObjects already registered
Begin MonoManager ReloadAssembly
Removing scripting define AUDIOLINK_V1
UnityEngine.StackTraceUtility:ExtractStackTrace ()
UnityEngine.DebugLogHandler:LogFormat (UnityEngine.LogType,UnityEngine.Object,string,object[])
UnityEngine.Logger:Log (UnityEngine.LogType,object)
UnityEngine.Debug:Log (object)
ArchiTech.SDK.Editor.ATEditorUtility:RemoveScriptingDefine (string) (at ./Packages/dev.architech.sdk/Editor/ATEditorUtility.cs:587)
ArchiTech.ProTV.Editor.AudioLinkScriptingDefineHandler:ReloadDefines () (at ./Packages/dev.architech.protv/Editor/Helpers/ProTVEditorUtility.cs:727)
UnityEditor.AssemblyReloadEvents:OnBeforeAssemblyReload ()

(Filename: ./Packages/dev.architech.sdk/Editor/ATEditorUtility.cs Line: 587)

[ScriptCompilation] NOT recompiling all scripts because this is an import worker process. Reason to compile was: Define symbols changed
- Loaded All Assemblies, in  1.222 seconds
Refreshing native plugins compatible for Editor in 100.90 ms, found 10 plugins.
Native extension for WindowsStandalone target not found
Native extension for Android target not found
[Package Manager] Server::EnsureServerProcessIsRunning -- launch failed, reason: Unity was launched with the -noUpm command-line argument
[Package Manager] UpmClient::Send -- Unable to send message (not connected to UPM process).
[Package Manager] Cannot connect to Unity Package Manager local server
[Package Manager] Server::EnsureServerProcessIsRunning -- launch failed, reason: Unity was launched with the -noUpm command-line argument
[Package Manager] UpmClient::Send -- Unable to send message (not connected to UPM process).
[Package Manager] Cannot connect to Unity Package Manager local server
[ScriptCompilation] NOT recompiling all scripts because this is an import worker process. Reason to compile was: Define symbols changed
Set Scripting Define Symbols for selected build target (Standalone) to: UNITY_POST_PROCESSING_STACK_V2;UDONSHARP;UDON;VRC_SDK_VRCSDK3;AMPLIFY_SHADER_EDITOR;AVPRO_IMPORTED;AVPRO_V2;VRC_ENABLE_PLAYER_PERSISTENCE;AUDIOLINK;AUDIOLINK_V1
UnityEngine.StackTraceUtility:ExtractStackTrace ()
UnityEngine.DebugLogHandler:LogFormat (UnityEngine.LogType,UnityEngine.Object,string,object[])
UnityEngine.Logger:LogFormat (UnityEngine.LogType,string,object[])
UnityEngine.Debug:LogFormat (string,object[])
AudioLink.Editor.AudioLinkDefineManager:AddDefinesIfMissing (UnityEditor.BuildTargetGroup,string[]) (at ./Packages/com.llealloo.audiolink/Editor/Scripts/AudioLinkDefineManager.cs:41)
AudioLink.Editor.AudioLinkDefineManager:.cctor () (at ./Packages/com.llealloo.audiolink/Editor/Scripts/AudioLinkDefineManager.cs:14)
System.Runtime.CompilerServices.RuntimeHelpers:RunClassConstructor (System.RuntimeTypeHandle)
UnityEditor.EditorAssemblies:ProcessInitializeOnLoadAttributes (System.Type[])

(Filename: ./Packages/com.llealloo.audiolink/Editor/Scripts/AudioLinkDefineManager.cs Line: 41)

System.Reflection.TargetInvocationException: Exception has been thrown by the target of an invocation. ---> System.NullReferenceException: Object reference not set to an instance of an object
  at Unity.XR.Oculus.OculusLoader.AssetPathToAbsolutePath (System.String assetPath) [0x00040] in .\Library\PackageCache\com.unity.xr.oculus@4.2.0\Runtime\OculusLoader.cs:298 
  at Unity.XR.Oculus.OculusLoader.EditorLoadOVRPlugin () [0x0008c] in .\Library\PackageCache\com.unity.xr.oculus@4.2.0\Runtime\OculusLoader.cs:283 
  at (wrapper managed-to-native) System.Reflection.RuntimeMethodInfo.InternalInvoke(System.Reflection.RuntimeMethodInfo,object,object[],System.Exception&)
  at System.Reflection.RuntimeMethodInfo.Invoke (System.Object obj, System.Reflection.BindingFlags invokeAttr, System.Reflection.Binder binder, System.Object[] parameters, System.Globalization.CultureInfo culture) [0x0006a] in <27124aa0e30a41659b903b822b959bc7>:0 
   --- End of inner exception stack trace ---
  at System.Reflection.RuntimeMethodInfo.Invoke (System.Object obj, System.Reflection.BindingFlags invokeAttr, System.Reflection.Binder binder, System.Object[] parameters, System.Globalization.CultureInfo culture) [0x00083] in <27124aa0e30a41659b903b822b959bc7>:0 
  at System.Reflection.MethodBase.Invoke (System.Object obj, System.Object[] parameters) [0x00000] in <27124aa0e30a41659b903b822b959bc7>:0 
  at UnityEditor.EditorAssemblies.ProcessInitializeOnLoadMethodAttributes () [0x000a5] in <80a8ce1980c648dca8e68f0d8aa3b930>:0 
UnityEngine.StackTraceUtility:ExtractStackTrace ()
UnityEngine.DebugLogHandler:LogFormat (UnityEngine.LogType,UnityEngine.Object,string,object[])
UnityEngine.Logger:Log (UnityEngine.LogType,object)
UnityEngine.Debug:LogError (object)
UnityEditor.EditorAssemblies:ProcessInitializeOnLoadMethodAttributes ()

Mono: successfully reloaded assembly
CreateSerializedAsset is not supported while importing out-of-process
UnityEngine.StackTraceUtility:ExtractStackTrace ()
UdonSharp.Updater.UdonSharpDataLocator:InitializeUdonSharpData () (at ./Packages/com.vrchat.worlds/Integrations/UdonSharp/Runtime/UdonSharpDataLocator.cs:75)
UdonSharp.Updater.UdonSharpDataLocator:get_DataPath () (at ./Packages/com.vrchat.worlds/Integrations/UdonSharp/Runtime/UdonSharpDataLocator.cs:44)
UdonSharp.Updater.UdonSharpLocator:get_SettingsPath () (at ./Packages/com.vrchat.worlds/Integrations/UdonSharp/Runtime/UdonSharpLocator.cs:49)
UdonSharpEditor.UdonSharpSettings:GetSettings () (at ./Packages/com.vrchat.worlds/Integrations/UdonSharp/Editor/Editors/UdonSharpSettings.cs:87)
UdonSharpEditor.UdonSharpSettings:GetScannerBlacklist () (at ./Packages/com.vrchat.worlds/Integrations/UdonSharp/Editor/Editors/UdonSharpSettings.cs:160)
UdonSharpEditor.UdonSharpSettings:FilterBlacklistedPaths (System.Collections.Generic.IEnumerable`1<string>) (at ./Packages/com.vrchat.worlds/Integrations/UdonSharp/Editor/Editors/UdonSharpSettings.cs:182)
UdonSharp.Compiler.CompilationContext:GetAllFilteredSourcePaths (bool) (at ./Packages/com.vrchat.worlds/Integrations/UdonSharp/Editor/Compiler/CompilationContext.cs:212)
UdonSharp.Compiler.CompilationContext:GetAllFilteredScripts (bool) (at ./Packages/com.vrchat.worlds/Integrations/UdonSharp/Editor/Compiler/CompilationContext.cs:228)
UdonSharp.UdonSharpProgramAsset:IsAnyScriptDirty () (at ./Packages/com.vrchat.worlds/Integrations/UdonSharp/Editor/UdonSharpProgramAsset.cs:256)
UdonSharp.UdonSharpProgramAsset:CompileAllCsPrograms (bool,bool) (at ./Packages/com.vrchat.worlds/Integrations/UdonSharp/Editor/UdonSharpProgramAsset.cs:292)
UdonSharpEditor.UdonSharpEditorUtility:UpgradeSceneBehaviours (System.Collections.Generic.IEnumerable`1<VRC.Udon.UdonBehaviour>) (at ./Packages/com.vrchat.worlds/Integrations/UdonSharp/Editor/UdonSharpEditorUtility.cs:650)
UdonSharpEditor.UdonSharpEditorManager:RunAllUpgrades () (at ./Packages/com.vrchat.worlds/Integrations/UdonSharp/Editor/UdonSharpEditorManager.cs:1694)
UdonSharpEditor.UdonSharpEditorManager:RunPostAssemblyBuildRefresh () (at ./Packages/com.vrchat.worlds/Integrations/UdonSharp/Editor/UdonSharpEditorManager.cs:132)
UnityEditor.AssemblyReloadEvents:OnAfterAssemblyReload ()

[./Packages/com.vrchat.worlds/Integrations/UdonSharp/Runtime/UdonSharpDataLocator.cs line 75]

[<color=#FF00FF>UdonSharp</color>] Hit exception while attempting to upgrade scene behaviours: UnityEngine.UnityException: Creating asset at path Assets/UdonSharp/UdonSharpDataLocator.asset failed.
  at (wrapper managed-to-native) UnityEditor.AssetDatabase.CreateAsset(UnityEngine.Object,string)
  at UdonSharp.Updater.UdonSharpDataLocator.InitializeUdonSharpData () [0x0005d] in .\Packages\com.vrchat.worlds\Integrations\UdonSharp\Runtime\UdonSharpDataLocator.cs:75 
  at UdonSharp.Updater.UdonSharpDataLocator.get_DataPath () [0x00065] in .\Packages\com.vrchat.worlds\Integrations\UdonSharp\Runtime\UdonSharpDataLocator.cs:44 
  at UdonSharp.Updater.UdonSharpLocator.get_SettingsPath () [0x00000] in .\Packages\com.vrchat.worlds\Integrations\UdonSharp\Runtime\UdonSharpLocator.cs:49 
  at UdonSharpEditor.UdonSharpSettings.GetSettings () [0x00012] in .\Packages\com.vrchat.worlds\Integrations\UdonSharp\Editor\Editors\UdonSharpSettings.cs:87 
  at UdonSharpEditor.UdonSharpSettings.GetScannerBlacklist () [0x00000] in .\Packages\com.vrchat.worlds\Integrations\UdonSharp\Editor\Editors\UdonSharpSettings.cs:160 
  at UdonSharpEditor.UdonSharpSettings.FilterBlacklistedPaths (System.Collections.Generic.IEnumerable`1[T] paths) [0x00006] in .\Packages\com.vrchat.worlds\Integrations\UdonSharp\Editor\Editors\UdonSharpSettings.cs:182 
  at UdonSharp.Compiler.CompilationContext.GetAllFilteredSourcePaths (System.Boolean isEditorBuild) [0x0006a] in .\Packages\com.vrchat.worlds\Integrations\UdonSharp\Editor\Compiler\CompilationContext.cs:212 
  at UdonSharp.Compiler.CompilationContext.GetAllFilteredScripts (System.Boolean isEditorBuild) [0x00000] in .\Packages\com.vrchat.worlds\Integrations\UdonSharp\Editor\Compiler\CompilationContext.cs:228 
  at UdonSharp.UdonSharpProgramAsset.IsAnyScriptDirty () [0x00006] in .\Packages\com.vrchat.worlds\Integrations\UdonSharp\Editor\UdonSharpProgramAsset.cs:256 
  at UdonSharp.UdonSharpProgramAsset.CompileAllCsPrograms (System.Boolean forceCompile, System.Boolean editorBuild) [0x00000] in .\Packages\com.vrchat.worlds\Integrations\UdonSharp\Editor\UdonSharpProgramAsset.cs:292 
  at UdonSharpEditor.UdonSharpEditorUtility.UpgradeSceneBehaviours (System.Collections.Generic.IEnumerable`1[T] behaviours) [0x0001a] in .\Packages\com.vrchat.worlds\Integrations\UdonSharp\Editor\UdonSharpEditorUtility.cs:650 
  at UdonSharpEditor.UdonSharpEditorManager.RunAllUpgrades () [0x0001c] in .\Packages\com.vrchat.worlds\Integrations\UdonSharp\Editor\UdonSharpEditorManager.cs:1694 
UnityEngine.StackTraceUtility:ExtractStackTrace ()
UnityEngine.DebugLogHandler:LogFormat (UnityEngine.LogType,UnityEngine.Object,string,object[])
UnityEngine.Logger:Log (UnityEngine.LogType,object)
UnityEngine.Debug:LogError (object)
UdonSharp.UdonSharpUtils:LogError (object) (at ./Packages/com.vrchat.worlds/Integrations/UdonSharp/Editor/UdonSharpUtils.cs:324)
UdonSharpEditor.UdonSharpEditorManager:RunAllUpgrades () (at ./Packages/com.vrchat.worlds/Integrations/UdonSharp/Editor/UdonSharpEditorManager.cs:1698)
UdonSharpEditor.UdonSharpEditorManager:RunPostAssemblyBuildRefresh () (at ./Packages/com.vrchat.worlds/Integrations/UdonSharp/Editor/UdonSharpEditorManager.cs:132)
UnityEditor.AssemblyReloadEvents:OnAfterAssemblyReload ()

(Filename: ./Packages/com.vrchat.worlds/Integrations/UdonSharp/Editor/UdonSharpUtils.cs Line: 324)

[Package Manager] Server::EnsureServerProcessIsRunning -- launch failed, reason: Unity was launched with the -noUpm command-line argument
[Package Manager] UpmClient::Send -- Unable to send message (not connected to UPM process).
[Package Manager] Cannot connect to Unity Package Manager local server
- Finished resetting the current domain, in  3.995 seconds
Domain Reload Profiling: 5210ms
	BeginReloadAssembly (337ms)
		ExecutionOrderSort (0ms)
		DisableScriptedObjects (6ms)
		BackupInstance (0ms)
		ReleaseScriptingObjects (0ms)
		CreateAndSetChildDomain (125ms)
	RebuildCommonClasses (42ms)
	RebuildNativeTypeToScriptingClass (9ms)
	initialDomainReloadingComplete (66ms)
	LoadAllAssembliesAndSetupDomain (759ms)
		LoadAssemblies (848ms)
		RebuildTransferFunctionScriptingTraits (0ms)
		AnalyzeDomain (44ms)
			TypeCache.Refresh (15ms)
				TypeCache.ScanAssembly (1ms)
			ScanForSourceGeneratedMonoScriptInfo (20ms)
			ResolveRequiredComponents (8ms)
	FinalizeReload (3996ms)
		ReleaseScriptCaches (0ms)
		RebuildScriptCaches (0ms)
		SetupLoadedEditorAssemblies (1291ms)
			LogAssemblyErrors (0ms)
			InitializePlatformSupportModulesInManaged (34ms)
			SetLoadedEditorAssemblies (6ms)
			RefreshPlugins (0ms)
			BeforeProcessingInitializeOnLoad (283ms)
			ProcessInitializeOnLoadAttributes (354ms)
			ProcessInitializeOnLoadMethodAttributes (606ms)
			AfterProcessingInitializeOnLoad (9ms)
			EditorAssembliesLoaded (0ms)
		ExecutionOrderSort2 (0ms)
		AwakeInstancesAfterBackupRestoration (8ms)
Refreshing native plugins compatible for Editor in 142.64 ms, found 10 plugins.
Preloading 2 native plugins for Editor in 0.18 ms.
Unloading 4133 Unused Serialized files (Serialized files now loaded: 0)
Unloading 192 unused Assets / (2.4 MB). Loaded Objects now: 5095.
Memory consumption went from 251.0 MB to 248.6 MB.
Total: 55.729500 ms (FindLiveObjects: 0.539300 ms CreateObjectMapping: 0.452900 ms MarkObjects: 53.664000 ms  DeleteObjects: 1.072200 ms)

Prepare: number of updated asset objects reloaded= 1
AssetImportParameters requested are different than current active one (requested -> active):
  custom:container-demuxer-ogg: 62fdf1f143b41e24485cea50d1cbac27 -> 
  custom:video-decoder-ogg-theora: a1e56fd34408186e4bbccfd4996cb3dc -> 
  custom:framework-win-MediaFoundation: 216162199b28c13a410421893ffa2e32 -> 
  custom:CustomObjectIndexerAttribute: 9a22284fe3817be447336de3de66b15e -> 
  custom:container-demuxer-webm: 4f35f7cbe854078d1ac9338744f61a02 -> 
  custom:container-muxer-webm: aa71ff27fc2769a1b78a27578f13a17b -> 
  custom:video-decoder-webm-vp8: 9c59270c3fd7afecdb556c50c9e8de78 -> 
  custom:SearchIndexIgnoredProperties: e643bd26f0fe6173181afceb89e7c659 -> 
  custom:AudioImporter_EditorPlatform: d09bf68614088b80899f8185d706f6e7 -> 
  custom:video-encoder-webm-vp8: eb34c28f22e8b96e1ab97ce403110664 -> 
  custom:audio-decoder-ogg-vorbis: bf7c407c2cedff20999df2af8eb42d56 -> 
  custom:audio-encoder-webm-vorbis: bf7c407c2cedff20999df2af8eb42d56 -> 
========================================================================
Received Import Request.
  Time since last request: 1145.034251 seconds.
  path: Assets/3D DJ/Fixtures/Holo Emitter Fixture.prefab
  artifactKey: Guid(9330ab3b3cd704a409cf81572cba8ddc) Importer(815301076,1909f56bfc062723c751e8b465ee728b)
Start importing Assets/3D DJ/Fixtures/Holo Emitter Fixture.prefab using Guid(9330ab3b3cd704a409cf81572cba8ddc) Importer(815301076,1909f56bfc062723c751e8b465ee728b)  -> (artifact id: '3aaa975bd7e74fc1a20a5e98f55f95ea') in 0.413123 seconds
Number of updated asset objects reloaded before import = 9
Number of asset objects unloaded after import = 22
========================================================================
Received Import Request.
  Time since last request: 11.564492 seconds.
  path: Assets/3D DJ/Fixtures/Holo Emitter Fixture.prefab
  artifactKey: Guid(9330ab3b3cd704a409cf81572cba8ddc) Importer(815301076,1909f56bfc062723c751e8b465ee728b)
Start importing Assets/3D DJ/Fixtures/Holo Emitter Fixture.prefab using Guid(9330ab3b3cd704a409cf81572cba8ddc) Importer(815301076,1909f56bfc062723c751e8b465ee728b)  -> (artifact id: '5414b17426207cfdf8ce30d713ad5de3') in 0.377375 seconds
Number of updated asset objects reloaded before import = 1
Number of asset objects unloaded after import = 22
========================================================================
Received Import Request.
  Time since last request: 9.322520 seconds.
  path: Assets/3D DJ/Fixtures/fixture.mat
  artifactKey: Guid(7f431c6db4d6314448f996349d972e9c) Importer(815301076,1909f56bfc062723c751e8b465ee728b)
Start importing Assets/3D DJ/Fixtures/fixture.mat using Guid(7f431c6db4d6314448f996349d972e9c) Importer(815301076,1909f56bfc062723c751e8b465ee728b)  -> (artifact id: '77655c13556ff97ae8b572ce33d95446') in 0.030278 seconds
Number of updated asset objects reloaded before import = 0
Number of asset objects unloaded after import = 13
========================================================================
Received Import Request.
  Time since last request: 27.810523 seconds.
  path: Assets/3D DJ/Fixtures/fixture.mat
  artifactKey: Guid(7f431c6db4d6314448f996349d972e9c) Importer(815301076,1909f56bfc062723c751e8b465ee728b)
Start importing Assets/3D DJ/Fixtures/fixture.mat using Guid(7f431c6db4d6314448f996349d972e9c) Importer(815301076,1909f56bfc062723c751e8b465ee728b)  -> (artifact id: '1b27e00d7f056d24398f1e224217b3e3') in 0.410189 seconds
Number of updated asset objects reloaded before import = 1
Number of asset objects unloaded after import = 13
========================================================================
Received Prepare
Default GameObject BitMask: InternalUI already registered
Default GameObject BitMask: HardwareObjects already registered
Begin MonoManager ReloadAssembly
Removing scripting define AUDIOLINK_V1
UnityEngine.StackTraceUtility:ExtractStackTrace ()
UnityEngine.DebugLogHandler:LogFormat (UnityEngine.LogType,UnityEngine.Object,string,object[])
UnityEngine.Logger:Log (UnityEngine.LogType,object)
UnityEngine.Debug:Log (object)
ArchiTech.SDK.Editor.ATEditorUtility:RemoveScriptingDefine (string) (at ./Packages/dev.architech.sdk/Editor/ATEditorUtility.cs:587)
ArchiTech.ProTV.Editor.AudioLinkScriptingDefineHandler:ReloadDefines () (at ./Packages/dev.architech.protv/Editor/Helpers/ProTVEditorUtility.cs:727)
UnityEditor.AssemblyReloadEvents:OnBeforeAssemblyReload ()

(Filename: ./Packages/dev.architech.sdk/Editor/ATEditorUtility.cs Line: 587)

[ScriptCompilation] NOT recompiling all scripts because this is an import worker process. Reason to compile was: Define symbols changed
- Loaded All Assemblies, in  1.305 seconds
Refreshing native plugins compatible for Editor in 147.18 ms, found 10 plugins.
Native extension for WindowsStandalone target not found
Native extension for Android target not found
[Package Manager] Server::EnsureServerProcessIsRunning -- launch failed, reason: Unity was launched with the -noUpm command-line argument
[Package Manager] UpmClient::Send -- Unable to send message (not connected to UPM process).
[Package Manager] Cannot connect to Unity Package Manager local server
[Package Manager] Server::EnsureServerProcessIsRunning -- launch failed, reason: Unity was launched with the -noUpm command-line argument
[Package Manager] UpmClient::Send -- Unable to send message (not connected to UPM process).
[Package Manager] Cannot connect to Unity Package Manager local server
[ScriptCompilation] NOT recompiling all scripts because this is an import worker process. Reason to compile was: Define symbols changed
Set Scripting Define Symbols for selected build target (Standalone) to: UNITY_POST_PROCESSING_STACK_V2;UDONSHARP;UDON;VRC_SDK_VRCSDK3;AMPLIFY_SHADER_EDITOR;AVPRO_IMPORTED;AVPRO_V2;VRC_ENABLE_PLAYER_PERSISTENCE;AUDIOLINK;AUDIOLINK_V1
UnityEngine.StackTraceUtility:ExtractStackTrace ()
UnityEngine.DebugLogHandler:LogFormat (UnityEngine.LogType,UnityEngine.Object,string,object[])
UnityEngine.Logger:LogFormat (UnityEngine.LogType,string,object[])
UnityEngine.Debug:LogFormat (string,object[])
AudioLink.Editor.AudioLinkDefineManager:AddDefinesIfMissing (UnityEditor.BuildTargetGroup,string[]) (at ./Packages/com.llealloo.audiolink/Editor/Scripts/AudioLinkDefineManager.cs:41)
AudioLink.Editor.AudioLinkDefineManager:.cctor () (at ./Packages/com.llealloo.audiolink/Editor/Scripts/AudioLinkDefineManager.cs:14)
System.Runtime.CompilerServices.RuntimeHelpers:RunClassConstructor (System.RuntimeTypeHandle)
UnityEditor.EditorAssemblies:ProcessInitializeOnLoadAttributes (System.Type[])

(Filename: ./Packages/com.llealloo.audiolink/Editor/Scripts/AudioLinkDefineManager.cs Line: 41)

System.Reflection.TargetInvocationException: Exception has been thrown by the target of an invocation. ---> System.NullReferenceException: Object reference not set to an instance of an object
  at Unity.XR.Oculus.OculusLoader.AssetPathToAbsolutePath (System.String assetPath) [0x00040] in .\Library\PackageCache\com.unity.xr.oculus@4.2.0\Runtime\OculusLoader.cs:298 
  at Unity.XR.Oculus.OculusLoader.EditorLoadOVRPlugin () [0x0008c] in .\Library\PackageCache\com.unity.xr.oculus@4.2.0\Runtime\OculusLoader.cs:283 
  at (wrapper managed-to-native) System.Reflection.RuntimeMethodInfo.InternalInvoke(System.Reflection.RuntimeMethodInfo,object,object[],System.Exception&)
  at System.Reflection.RuntimeMethodInfo.Invoke (System.Object obj, System.Reflection.BindingFlags invokeAttr, System.Reflection.Binder binder, System.Object[] parameters, System.Globalization.CultureInfo culture) [0x0006a] in <27124aa0e30a41659b903b822b959bc7>:0 
   --- End of inner exception stack trace ---
  at System.Reflection.RuntimeMethodInfo.Invoke (System.Object obj, System.Reflection.BindingFlags invokeAttr, System.Reflection.Binder binder, System.Object[] parameters, System.Globalization.CultureInfo culture) [0x00083] in <27124aa0e30a41659b903b822b959bc7>:0 
  at System.Reflection.MethodBase.Invoke (System.Object obj, System.Object[] parameters) [0x00000] in <27124aa0e30a41659b903b822b959bc7>:0 
  at UnityEditor.EditorAssemblies.ProcessInitializeOnLoadMethodAttributes () [0x000a5] in <80a8ce1980c648dca8e68f0d8aa3b930>:0 
UnityEngine.StackTraceUtility:ExtractStackTrace ()
UnityEngine.DebugLogHandler:LogFormat (UnityEngine.LogType,UnityEngine.Object,string,object[])
UnityEngine.Logger:Log (UnityEngine.LogType,object)
UnityEngine.Debug:LogError (object)
UnityEditor.EditorAssemblies:ProcessInitializeOnLoadMethodAttributes ()

Mono: successfully reloaded assembly
CreateSerializedAsset is not supported while importing out-of-process
UnityEngine.StackTraceUtility:ExtractStackTrace ()
UdonSharp.Updater.UdonSharpDataLocator:InitializeUdonSharpData () (at ./Packages/com.vrchat.worlds/Integrations/UdonSharp/Runtime/UdonSharpDataLocator.cs:75)
UdonSharp.Updater.UdonSharpDataLocator:get_DataPath () (at ./Packages/com.vrchat.worlds/Integrations/UdonSharp/Runtime/UdonSharpDataLocator.cs:44)
UdonSharp.Updater.UdonSharpLocator:get_SettingsPath () (at ./Packages/com.vrchat.worlds/Integrations/UdonSharp/Runtime/UdonSharpLocator.cs:49)
UdonSharpEditor.UdonSharpSettings:GetSettings () (at ./Packages/com.vrchat.worlds/Integrations/UdonSharp/Editor/Editors/UdonSharpSettings.cs:87)
UdonSharpEditor.UdonSharpSettings:GetScannerBlacklist () (at ./Packages/com.vrchat.worlds/Integrations/UdonSharp/Editor/Editors/UdonSharpSettings.cs:160)
UdonSharpEditor.UdonSharpSettings:FilterBlacklistedPaths (System.Collections.Generic.IEnumerable`1<string>) (at ./Packages/com.vrchat.worlds/Integrations/UdonSharp/Editor/Editors/UdonSharpSettings.cs:182)
UdonSharp.Compiler.CompilationContext:GetAllFilteredSourcePaths (bool) (at ./Packages/com.vrchat.worlds/Integrations/UdonSharp/Editor/Compiler/CompilationContext.cs:212)
UdonSharp.Compiler.CompilationContext:GetAllFilteredScripts (bool) (at ./Packages/com.vrchat.worlds/Integrations/UdonSharp/Editor/Compiler/CompilationContext.cs:228)
UdonSharp.UdonSharpProgramAsset:IsAnyScriptDirty () (at ./Packages/com.vrchat.worlds/Integrations/UdonSharp/Editor/UdonSharpProgramAsset.cs:256)
UdonSharp.UdonSharpProgramAsset:CompileAllCsPrograms (bool,bool) (at ./Packages/com.vrchat.worlds/Integrations/UdonSharp/Editor/UdonSharpProgramAsset.cs:292)
UdonSharpEditor.UdonSharpEditorUtility:UpgradeSceneBehaviours (System.Collections.Generic.IEnumerable`1<VRC.Udon.UdonBehaviour>) (at ./Packages/com.vrchat.worlds/Integrations/UdonSharp/Editor/UdonSharpEditorUtility.cs:650)
UdonSharpEditor.UdonSharpEditorManager:RunAllUpgrades () (at ./Packages/com.vrchat.worlds/Integrations/UdonSharp/Editor/UdonSharpEditorManager.cs:1694)
UdonSharpEditor.UdonSharpEditorManager:RunPostAssemblyBuildRefresh () (at ./Packages/com.vrchat.worlds/Integrations/UdonSharp/Editor/UdonSharpEditorManager.cs:132)
UnityEditor.AssemblyReloadEvents:OnAfterAssemblyReload ()

[./Packages/com.vrchat.worlds/Integrations/UdonSharp/Runtime/UdonSharpDataLocator.cs line 75]

[<color=#FF00FF>UdonSharp</color>] Hit exception while attempting to upgrade scene behaviours: UnityEngine.UnityException: Creating asset at path Assets/UdonSharp/UdonSharpDataLocator.asset failed.
  at (wrapper managed-to-native) UnityEditor.AssetDatabase.CreateAsset(UnityEngine.Object,string)
  at UdonSharp.Updater.UdonSharpDataLocator.InitializeUdonSharpData () [0x0005d] in .\Packages\com.vrchat.worlds\Integrations\UdonSharp\Runtime\UdonSharpDataLocator.cs:75 
  at UdonSharp.Updater.UdonSharpDataLocator.get_DataPath () [0x00065] in .\Packages\com.vrchat.worlds\Integrations\UdonSharp\Runtime\UdonSharpDataLocator.cs:44 
  at UdonSharp.Updater.UdonSharpLocator.get_SettingsPath () [0x00000] in .\Packages\com.vrchat.worlds\Integrations\UdonSharp\Runtime\UdonSharpLocator.cs:49 
  at UdonSharpEditor.UdonSharpSettings.GetSettings () [0x00012] in .\Packages\com.vrchat.worlds\Integrations\UdonSharp\Editor\Editors\UdonSharpSettings.cs:87 
  at UdonSharpEditor.UdonSharpSettings.GetScannerBlacklist () [0x00000] in .\Packages\com.vrchat.worlds\Integrations\UdonSharp\Editor\Editors\UdonSharpSettings.cs:160 
  at UdonSharpEditor.UdonSharpSettings.FilterBlacklistedPaths (System.Collections.Generic.IEnumerable`1[T] paths) [0x00006] in .\Packages\com.vrchat.worlds\Integrations\UdonSharp\Editor\Editors\UdonSharpSettings.cs:182 
  at UdonSharp.Compiler.CompilationContext.GetAllFilteredSourcePaths (System.Boolean isEditorBuild) [0x0006a] in .\Packages\com.vrchat.worlds\Integrations\UdonSharp\Editor\Compiler\CompilationContext.cs:212 
  at UdonSharp.Compiler.CompilationContext.GetAllFilteredScripts (System.Boolean isEditorBuild) [0x00000] in .\Packages\com.vrchat.worlds\Integrations\UdonSharp\Editor\Compiler\CompilationContext.cs:228 
  at UdonSharp.UdonSharpProgramAsset.IsAnyScriptDirty () [0x00006] in .\Packages\com.vrchat.worlds\Integrations\UdonSharp\Editor\UdonSharpProgramAsset.cs:256 
  at UdonSharp.UdonSharpProgramAsset.CompileAllCsPrograms (System.Boolean forceCompile, System.Boolean editorBuild) [0x00000] in .\Packages\com.vrchat.worlds\Integrations\UdonSharp\Editor\UdonSharpProgramAsset.cs:292 
  at UdonSharpEditor.UdonSharpEditorUtility.UpgradeSceneBehaviours (System.Collections.Generic.IEnumerable`1[T] behaviours) [0x0001a] in .\Packages\com.vrchat.worlds\Integrations\UdonSharp\Editor\UdonSharpEditorUtility.cs:650 
  at UdonSharpEditor.UdonSharpEditorManager.RunAllUpgrades () [0x0001c] in .\Packages\com.vrchat.worlds\Integrations\UdonSharp\Editor\UdonSharpEditorManager.cs:1694 
UnityEngine.StackTraceUtility:ExtractStackTrace ()
UnityEngine.DebugLogHandler:LogFormat (UnityEngine.LogType,UnityEngine.Object,string,object[])
UnityEngine.Logger:Log (UnityEngine.LogType,object)
UnityEngine.Debug:LogError (object)
UdonSharp.UdonSharpUtils:LogError (object) (at ./Packages/com.vrchat.worlds/Integrations/UdonSharp/Editor/UdonSharpUtils.cs:324)
UdonSharpEditor.UdonSharpEditorManager:RunAllUpgrades () (at ./Packages/com.vrchat.worlds/Integrations/UdonSharp/Editor/UdonSharpEditorManager.cs:1698)
UdonSharpEditor.UdonSharpEditorManager:RunPostAssemblyBuildRefresh () (at ./Packages/com.vrchat.worlds/Integrations/UdonSharp/Editor/UdonSharpEditorManager.cs:132)
UnityEditor.AssemblyReloadEvents:OnAfterAssemblyReload ()

(Filename: ./Packages/com.vrchat.worlds/Integrations/UdonSharp/Editor/UdonSharpUtils.cs Line: 324)

[Package Manager] Server::EnsureServerProcessIsRunning -- launch failed, reason: Unity was launched with the -noUpm command-line argument
[Package Manager] UpmClient::Send -- Unable to send message (not connected to UPM process).
[Package Manager] Cannot connect to Unity Package Manager local server
- Finished resetting the current domain, in  4.570 seconds
Domain Reload Profiling: 5868ms
	BeginReloadAssembly (358ms)
		ExecutionOrderSort (0ms)
		DisableScriptedObjects (5ms)
		BackupInstance (0ms)
		ReleaseScriptingObjects (0ms)
		CreateAndSetChildDomain (138ms)
	RebuildCommonClasses (40ms)
	RebuildNativeTypeToScriptingClass (13ms)
	initialDomainReloadingComplete (85ms)
	LoadAllAssembliesAndSetupDomain (802ms)
		LoadAssemblies (894ms)
		RebuildTransferFunctionScriptingTraits (0ms)
		AnalyzeDomain (53ms)
			TypeCache.Refresh (17ms)
				TypeCache.ScanAssembly (1ms)
			ScanForSourceGeneratedMonoScriptInfo (21ms)
			ResolveRequiredComponents (12ms)
	FinalizeReload (4571ms)
		ReleaseScriptCaches (0ms)
		RebuildScriptCaches (0ms)
		SetupLoadedEditorAssemblies (1424ms)
			LogAssemblyErrors (0ms)
			InitializePlatformSupportModulesInManaged (25ms)
			SetLoadedEditorAssemblies (4ms)
			RefreshPlugins (0ms)
			BeforeProcessingInitializeOnLoad (231ms)
			ProcessInitializeOnLoadAttributes (516ms)
			ProcessInitializeOnLoadMethodAttributes (638ms)
			AfterProcessingInitializeOnLoad (10ms)
			EditorAssembliesLoaded (0ms)
		ExecutionOrderSort2 (0ms)
		AwakeInstancesAfterBackupRestoration (8ms)
Refreshing native plugins compatible for Editor in 124.80 ms, found 10 plugins.
Preloading 2 native plugins for Editor in 0.20 ms.
Unloading 4133 Unused Serialized files (Serialized files now loaded: 0)
Unloading 199 unused Assets / (2.3 MB). Loaded Objects now: 5105.
Memory consumption went from 252.9 MB to 250.6 MB.
Total: 50.184700 ms (FindLiveObjects: 0.562200 ms CreateObjectMapping: 0.199100 ms MarkObjects: 48.113000 ms  DeleteObjects: 1.309300 ms)

Prepare: number of updated asset objects reloaded= 8
AssetImportParameters requested are different than current active one (requested -> active):
  custom:container-demuxer-ogg: 62fdf1f143b41e24485cea50d1cbac27 -> 
  custom:video-decoder-ogg-theora: a1e56fd34408186e4bbccfd4996cb3dc -> 
  custom:framework-win-MediaFoundation: 216162199b28c13a410421893ffa2e32 -> 
  custom:CustomObjectIndexerAttribute: 9a22284fe3817be447336de3de66b15e -> 
  custom:container-demuxer-webm: 4f35f7cbe854078d1ac9338744f61a02 -> 
  custom:container-muxer-webm: aa71ff27fc2769a1b78a27578f13a17b -> 
  custom:video-decoder-webm-vp8: 9c59270c3fd7afecdb556c50c9e8de78 -> 
  custom:SearchIndexIgnoredProperties: e643bd26f0fe6173181afceb89e7c659 -> 
  custom:AudioImporter_EditorPlatform: d09bf68614088b80899f8185d706f6e7 -> 
  custom:video-encoder-webm-vp8: eb34c28f22e8b96e1ab97ce403110664 -> 
  custom:audio-decoder-ogg-vorbis: bf7c407c2cedff20999df2af8eb42d56 -> 
  custom:audio-encoder-webm-vorbis: bf7c407c2cedff20999df2af8eb42d56 -> 
========================================================================
Received Prepare
Default GameObject BitMask: InternalUI already registered
Default GameObject BitMask: HardwareObjects already registered
Begin MonoManager ReloadAssembly
Removing scripting define AUDIOLINK_V1
UnityEngine.StackTraceUtility:ExtractStackTrace ()
UnityEngine.DebugLogHandler:LogFormat (UnityEngine.LogType,UnityEngine.Object,string,object[])
UnityEngine.Logger:Log (UnityEngine.LogType,object)
UnityEngine.Debug:Log (object)
ArchiTech.SDK.Editor.ATEditorUtility:RemoveScriptingDefine (string) (at ./Packages/dev.architech.sdk/Editor/ATEditorUtility.cs:587)
ArchiTech.ProTV.Editor.AudioLinkScriptingDefineHandler:ReloadDefines () (at ./Packages/dev.architech.protv/Editor/Helpers/ProTVEditorUtility.cs:727)
UnityEditor.AssemblyReloadEvents:OnBeforeAssemblyReload ()

(Filename: ./Packages/dev.architech.sdk/Editor/ATEditorUtility.cs Line: 587)

[ScriptCompilation] NOT recompiling all scripts because this is an import worker process. Reason to compile was: Define symbols changed
- Loaded All Assemblies, in  1.300 seconds
Refreshing native plugins compatible for Editor in 221.06 ms, found 10 plugins.
Native extension for WindowsStandalone target not found
Native extension for Android target not found
[Package Manager] Server::EnsureServerProcessIsRunning -- launch failed, reason: Unity was launched with the -noUpm command-line argument
[Package Manager] UpmClient::Send -- Unable to send message (not connected to UPM process).
[Package Manager] Cannot connect to Unity Package Manager local server
[Package Manager] Server::EnsureServerProcessIsRunning -- launch failed, reason: Unity was launched with the -noUpm command-line argument
[Package Manager] UpmClient::Send -- Unable to send message (not connected to UPM process).
[Package Manager] Cannot connect to Unity Package Manager local server
[ScriptCompilation] NOT recompiling all scripts because this is an import worker process. Reason to compile was: Define symbols changed
Set Scripting Define Symbols for selected build target (Standalone) to: UNITY_POST_PROCESSING_STACK_V2;UDONSHARP;UDON;VRC_SDK_VRCSDK3;AMPLIFY_SHADER_EDITOR;AVPRO_IMPORTED;AVPRO_V2;VRC_ENABLE_PLAYER_PERSISTENCE;AUDIOLINK;AUDIOLINK_V1
UnityEngine.StackTraceUtility:ExtractStackTrace ()
UnityEngine.DebugLogHandler:LogFormat (UnityEngine.LogType,UnityEngine.Object,string,object[])
UnityEngine.Logger:LogFormat (UnityEngine.LogType,string,object[])
UnityEngine.Debug:LogFormat (string,object[])
AudioLink.Editor.AudioLinkDefineManager:AddDefinesIfMissing (UnityEditor.BuildTargetGroup,string[]) (at ./Packages/com.llealloo.audiolink/Editor/Scripts/AudioLinkDefineManager.cs:41)
AudioLink.Editor.AudioLinkDefineManager:.cctor () (at ./Packages/com.llealloo.audiolink/Editor/Scripts/AudioLinkDefineManager.cs:14)
System.Runtime.CompilerServices.RuntimeHelpers:RunClassConstructor (System.RuntimeTypeHandle)
UnityEditor.EditorAssemblies:ProcessInitializeOnLoadAttributes (System.Type[])

(Filename: ./Packages/com.llealloo.audiolink/Editor/Scripts/AudioLinkDefineManager.cs Line: 41)

System.Reflection.TargetInvocationException: Exception has been thrown by the target of an invocation. ---> System.NullReferenceException: Object reference not set to an instance of an object
  at Unity.XR.Oculus.OculusLoader.AssetPathToAbsolutePath (System.String assetPath) [0x00040] in .\Library\PackageCache\com.unity.xr.oculus@4.2.0\Runtime\OculusLoader.cs:298 
  at Unity.XR.Oculus.OculusLoader.EditorLoadOVRPlugin () [0x0008c] in .\Library\PackageCache\com.unity.xr.oculus@4.2.0\Runtime\OculusLoader.cs:283 
  at (wrapper managed-to-native) System.Reflection.RuntimeMethodInfo.InternalInvoke(System.Reflection.RuntimeMethodInfo,object,object[],System.Exception&)
  at System.Reflection.RuntimeMethodInfo.Invoke (System.Object obj, System.Reflection.BindingFlags invokeAttr, System.Reflection.Binder binder, System.Object[] parameters, System.Globalization.CultureInfo culture) [0x0006a] in <27124aa0e30a41659b903b822b959bc7>:0 
   --- End of inner exception stack trace ---
  at System.Reflection.RuntimeMethodInfo.Invoke (System.Object obj, System.Reflection.BindingFlags invokeAttr, System.Reflection.Binder binder, System.Object[] parameters, System.Globalization.CultureInfo culture) [0x00083] in <27124aa0e30a41659b903b822b959bc7>:0 
  at System.Reflection.MethodBase.Invoke (System.Object obj, System.Object[] parameters) [0x00000] in <27124aa0e30a41659b903b822b959bc7>:0 
  at UnityEditor.EditorAssemblies.ProcessInitializeOnLoadMethodAttributes () [0x000a5] in <80a8ce1980c648dca8e68f0d8aa3b930>:0 
UnityEngine.StackTraceUtility:ExtractStackTrace ()
UnityEngine.DebugLogHandler:LogFormat (UnityEngine.LogType,UnityEngine.Object,string,object[])
UnityEngine.Logger:Log (UnityEngine.LogType,object)
UnityEngine.Debug:LogError (object)
UnityEditor.EditorAssemblies:ProcessInitializeOnLoadMethodAttributes ()

Mono: successfully reloaded assembly
CreateSerializedAsset is not supported while importing out-of-process
UnityEngine.StackTraceUtility:ExtractStackTrace ()
UdonSharp.Updater.UdonSharpDataLocator:InitializeUdonSharpData () (at ./Packages/com.vrchat.worlds/Integrations/UdonSharp/Runtime/UdonSharpDataLocator.cs:75)
UdonSharp.Updater.UdonSharpDataLocator:get_DataPath () (at ./Packages/com.vrchat.worlds/Integrations/UdonSharp/Runtime/UdonSharpDataLocator.cs:44)
UdonSharp.Updater.UdonSharpLocator:get_SettingsPath () (at ./Packages/com.vrchat.worlds/Integrations/UdonSharp/Runtime/UdonSharpLocator.cs:49)
UdonSharpEditor.UdonSharpSettings:GetSettings () (at ./Packages/com.vrchat.worlds/Integrations/UdonSharp/Editor/Editors/UdonSharpSettings.cs:87)
UdonSharpEditor.UdonSharpSettings:GetScannerBlacklist () (at ./Packages/com.vrchat.worlds/Integrations/UdonSharp/Editor/Editors/UdonSharpSettings.cs:160)
UdonSharpEditor.UdonSharpSettings:FilterBlacklistedPaths (System.Collections.Generic.IEnumerable`1<string>) (at ./Packages/com.vrchat.worlds/Integrations/UdonSharp/Editor/Editors/UdonSharpSettings.cs:182)
UdonSharp.Compiler.CompilationContext:GetAllFilteredSourcePaths (bool) (at ./Packages/com.vrchat.worlds/Integrations/UdonSharp/Editor/Compiler/CompilationContext.cs:212)
UdonSharp.Compiler.CompilationContext:GetAllFilteredScripts (bool) (at ./Packages/com.vrchat.worlds/Integrations/UdonSharp/Editor/Compiler/CompilationContext.cs:228)
UdonSharp.UdonSharpProgramAsset:IsAnyScriptDirty () (at ./Packages/com.vrchat.worlds/Integrations/UdonSharp/Editor/UdonSharpProgramAsset.cs:256)
UdonSharp.UdonSharpProgramAsset:CompileAllCsPrograms (bool,bool) (at ./Packages/com.vrchat.worlds/Integrations/UdonSharp/Editor/UdonSharpProgramAsset.cs:292)
UdonSharpEditor.UdonSharpEditorUtility:UpgradeSceneBehaviours (System.Collections.Generic.IEnumerable`1<VRC.Udon.UdonBehaviour>) (at ./Packages/com.vrchat.worlds/Integrations/UdonSharp/Editor/UdonSharpEditorUtility.cs:650)
UdonSharpEditor.UdonSharpEditorManager:RunAllUpgrades () (at ./Packages/com.vrchat.worlds/Integrations/UdonSharp/Editor/UdonSharpEditorManager.cs:1694)
UdonSharpEditor.UdonSharpEditorManager:RunPostAssemblyBuildRefresh () (at ./Packages/com.vrchat.worlds/Integrations/UdonSharp/Editor/UdonSharpEditorManager.cs:132)
UnityEditor.AssemblyReloadEvents:OnAfterAssemblyReload ()

[./Packages/com.vrchat.worlds/Integrations/UdonSharp/Runtime/UdonSharpDataLocator.cs line 75]

[<color=#FF00FF>UdonSharp</color>] Hit exception while attempting to upgrade scene behaviours: UnityEngine.UnityException: Creating asset at path Assets/UdonSharp/UdonSharpDataLocator.asset failed.
  at (wrapper managed-to-native) UnityEditor.AssetDatabase.CreateAsset(UnityEngine.Object,string)
  at UdonSharp.Updater.UdonSharpDataLocator.InitializeUdonSharpData () [0x0005d] in .\Packages\com.vrchat.worlds\Integrations\UdonSharp\Runtime\UdonSharpDataLocator.cs:75 
  at UdonSharp.Updater.UdonSharpDataLocator.get_DataPath () [0x00065] in .\Packages\com.vrchat.worlds\Integrations\UdonSharp\Runtime\UdonSharpDataLocator.cs:44 
  at UdonSharp.Updater.UdonSharpLocator.get_SettingsPath () [0x00000] in .\Packages\com.vrchat.worlds\Integrations\UdonSharp\Runtime\UdonSharpLocator.cs:49 
  at UdonSharpEditor.UdonSharpSettings.GetSettings () [0x00012] in .\Packages\com.vrchat.worlds\Integrations\UdonSharp\Editor\Editors\UdonSharpSettings.cs:87 
  at UdonSharpEditor.UdonSharpSettings.GetScannerBlacklist () [0x00000] in .\Packages\com.vrchat.worlds\Integrations\UdonSharp\Editor\Editors\UdonSharpSettings.cs:160 
  at UdonSharpEditor.UdonSharpSettings.FilterBlacklistedPaths (System.Collections.Generic.IEnumerable`1[T] paths) [0x00006] in .\Packages\com.vrchat.worlds\Integrations\UdonSharp\Editor\Editors\UdonSharpSettings.cs:182 
  at UdonSharp.Compiler.CompilationContext.GetAllFilteredSourcePaths (System.Boolean isEditorBuild) [0x0006a] in .\Packages\com.vrchat.worlds\Integrations\UdonSharp\Editor\Compiler\CompilationContext.cs:212 
  at UdonSharp.Compiler.CompilationContext.GetAllFilteredScripts (System.Boolean isEditorBuild) [0x00000] in .\Packages\com.vrchat.worlds\Integrations\UdonSharp\Editor\Compiler\CompilationContext.cs:228 
  at UdonSharp.UdonSharpProgramAsset.IsAnyScriptDirty () [0x00006] in .\Packages\com.vrchat.worlds\Integrations\UdonSharp\Editor\UdonSharpProgramAsset.cs:256 
  at UdonSharp.UdonSharpProgramAsset.CompileAllCsPrograms (System.Boolean forceCompile, System.Boolean editorBuild) [0x00000] in .\Packages\com.vrchat.worlds\Integrations\UdonSharp\Editor\UdonSharpProgramAsset.cs:292 
  at UdonSharpEditor.UdonSharpEditorUtility.UpgradeSceneBehaviours (System.Collections.Generic.IEnumerable`1[T] behaviours) [0x0001a] in .\Packages\com.vrchat.worlds\Integrations\UdonSharp\Editor\UdonSharpEditorUtility.cs:650 
  at UdonSharpEditor.UdonSharpEditorManager.RunAllUpgrades () [0x0001c] in .\Packages\com.vrchat.worlds\Integrations\UdonSharp\Editor\UdonSharpEditorManager.cs:1694 
UnityEngine.StackTraceUtility:ExtractStackTrace ()
UnityEngine.DebugLogHandler:LogFormat (UnityEngine.LogType,UnityEngine.Object,string,object[])
UnityEngine.Logger:Log (UnityEngine.LogType,object)
UnityEngine.Debug:LogError (object)
UdonSharp.UdonSharpUtils:LogError (object) (at ./Packages/com.vrchat.worlds/Integrations/UdonSharp/Editor/UdonSharpUtils.cs:324)
UdonSharpEditor.UdonSharpEditorManager:RunAllUpgrades () (at ./Packages/com.vrchat.worlds/Integrations/UdonSharp/Editor/UdonSharpEditorManager.cs:1698)
UdonSharpEditor.UdonSharpEditorManager:RunPostAssemblyBuildRefresh () (at ./Packages/com.vrchat.worlds/Integrations/UdonSharp/Editor/UdonSharpEditorManager.cs:132)
UnityEditor.AssemblyReloadEvents:OnAfterAssemblyReload ()

(Filename: ./Packages/com.vrchat.worlds/Integrations/UdonSharp/Editor/UdonSharpUtils.cs Line: 324)

[Package Manager] Server::EnsureServerProcessIsRunning -- launch failed, reason: Unity was launched with the -noUpm command-line argument
[Package Manager] UpmClient::Send -- Unable to send message (not connected to UPM process).
[Package Manager] Cannot connect to Unity Package Manager local server
- Finished resetting the current domain, in  4.901 seconds
Domain Reload Profiling: 6195ms
	BeginReloadAssembly (376ms)
		ExecutionOrderSort (0ms)
		DisableScriptedObjects (7ms)
		BackupInstance (0ms)
		ReleaseScriptingObjects (0ms)
		CreateAndSetChildDomain (142ms)
	RebuildCommonClasses (44ms)
	RebuildNativeTypeToScriptingClass (12ms)
	initialDomainReloadingComplete (87ms)
	LoadAllAssembliesAndSetupDomain (774ms)
		LoadAssemblies (849ms)
		RebuildTransferFunctionScriptingTraits (0ms)
		AnalyzeDomain (74ms)
			TypeCache.Refresh (25ms)
				TypeCache.ScanAssembly (1ms)
			ScanForSourceGeneratedMonoScriptInfo (28ms)
			ResolveRequiredComponents (18ms)
	FinalizeReload (4902ms)
		ReleaseScriptCaches (0ms)
		RebuildScriptCaches (0ms)
		SetupLoadedEditorAssemblies (1428ms)
			LogAssemblyErrors (0ms)
			InitializePlatformSupportModulesInManaged (35ms)
			SetLoadedEditorAssemblies (4ms)
			RefreshPlugins (0ms)
			BeforeProcessingInitializeOnLoad (269ms)
			ProcessInitializeOnLoadAttributes (404ms)
			ProcessInitializeOnLoadMethodAttributes (705ms)
			AfterProcessingInitializeOnLoad (12ms)
			EditorAssembliesLoaded (0ms)
		ExecutionOrderSort2 (0ms)
		AwakeInstancesAfterBackupRestoration (11ms)
Refreshing native plugins compatible for Editor in 144.06 ms, found 10 plugins.
Preloading 2 native plugins for Editor in 0.21 ms.
Unloading 4134 Unused Serialized files (Serialized files now loaded: 0)
Unloading 192 unused Assets / (2.4 MB). Loaded Objects now: 5122.
Memory consumption went from 255.2 MB to 252.8 MB.
Total: 64.545900 ms (FindLiveObjects: 0.632800 ms CreateObjectMapping: 0.427900 ms MarkObjects: 62.434900 ms  DeleteObjects: 1.049100 ms)

Prepare: number of updated asset objects reloaded= 1
AssetImportParameters requested are different than current active one (requested -> active):
  custom:container-demuxer-ogg: 62fdf1f143b41e24485cea50d1cbac27 -> 
  custom:video-decoder-ogg-theora: a1e56fd34408186e4bbccfd4996cb3dc -> 
  custom:framework-win-MediaFoundation: 216162199b28c13a410421893ffa2e32 -> 
  custom:CustomObjectIndexerAttribute: 9a22284fe3817be447336de3de66b15e -> 
  custom:container-demuxer-webm: 4f35f7cbe854078d1ac9338744f61a02 -> 
  custom:container-muxer-webm: aa71ff27fc2769a1b78a27578f13a17b -> 
  custom:video-decoder-webm-vp8: 9c59270c3fd7afecdb556c50c9e8de78 -> 
  custom:SearchIndexIgnoredProperties: e643bd26f0fe6173181afceb89e7c659 -> 
  custom:AudioImporter_EditorPlatform: d09bf68614088b80899f8185d706f6e7 -> 
  custom:video-encoder-webm-vp8: eb34c28f22e8b96e1ab97ce403110664 -> 
  custom:audio-decoder-ogg-vorbis: bf7c407c2cedff20999df2af8eb42d56 -> 
  custom:audio-encoder-webm-vorbis: bf7c407c2cedff20999df2af8eb42d56 -> 
========================================================================
Received Import Request.
  Time since last request: 475.163389 seconds.
  path: Assets/3D DJ/Fixtures/fixture.mat
  artifactKey: Guid(7f431c6db4d6314448f996349d972e9c) Importer(815301076,1909f56bfc062723c751e8b465ee728b)
Start importing Assets/3D DJ/Fixtures/fixture.mat using Guid(7f431c6db4d6314448f996349d972e9c) Importer(815301076,1909f56bfc062723c751e8b465ee728b)  -> (artifact id: '28801b205474e03a3380ce4ebec69bbe') in 0.076115 seconds
Number of updated asset objects reloaded before import = 8
Number of asset objects unloaded after import = 13
========================================================================
Received Import Request.
  Time since last request: 47.599981 seconds.
  path: Assets/3D DJ/Amplify Functions/3DJ Data
  artifactKey: Guid(cde5d8ad5668c8846a93d71908e47be8) Importer(815301076,1909f56bfc062723c751e8b465ee728b)
Start importing Assets/3D DJ/Amplify Functions/3DJ Data using Guid(cde5d8ad5668c8846a93d71908e47be8) Importer(815301076,1909f56bfc062723c751e8b465ee728b)  -> (artifact id: '6f6ef2364ae85a06e4cda96a001cb662') in 0.000514 seconds
Number of updated asset objects reloaded before import = 0
Number of asset objects unloaded after import = 0
========================================================================
Received Import Request.
  Time since last request: 13.642170 seconds.
  path: Assets/3D DJ/Amplify Functions/3DJ Data/Get DJ Position.asset
  artifactKey: Guid(29b2bef0ee733e14a9f316f4c309866b) Importer(815301076,1909f56bfc062723c751e8b465ee728b)
Start importing Assets/3D DJ/Amplify Functions/3DJ Data/Get DJ Position.asset using Guid(29b2bef0ee733e14a9f316f4c309866b) Importer(815301076,1909f56bfc062723c751e8b465ee728b)  -> (artifact id: '3d55e419319448af24415a1a52244915') in 0.002527 seconds
Number of updated asset objects reloaded before import = 0
Number of asset objects unloaded after import = 1
========================================================================
Received Import Request.
  Time since last request: 15.947602 seconds.
  path: Assets/3D DJ/Amplify Functions/3DJ Data/Get DJ Rotation.asset
  artifactKey: Guid(fd74dea831d77af4ea5f66eb0518196e) Importer(815301076,1909f56bfc062723c751e8b465ee728b)
Start importing Assets/3D DJ/Amplify Functions/3DJ Data/Get DJ Rotation.asset using Guid(fd74dea831d77af4ea5f66eb0518196e) Importer(815301076,1909f56bfc062723c751e8b465ee728b)  -> (artifact id: '7fe36b530fcad639f5fba3ca6ebb21d0') in 0.001611 seconds
Number of updated asset objects reloaded before import = 0
Number of asset objects unloaded after import = 1
========================================================================
Received Import Request.
  Time since last request: 8.518439 seconds.
  path: Assets/3D DJ/Amplify Functions/3DJ Data/Get DJ Scale.asset
  artifactKey: Guid(b557dd8e95da4844faf54a8bb1a7d21b) Importer(815301076,1909f56bfc062723c751e8b465ee728b)
Start importing Assets/3D DJ/Amplify Functions/3DJ Data/Get DJ Scale.asset using Guid(b557dd8e95da4844faf54a8bb1a7d21b) Importer(815301076,1909f56bfc062723c751e8b465ee728b)  -> (artifact id: 'f572ed3ec5615cc991da929a0416ee08') in 0.001490 seconds
Number of updated asset objects reloaded before import = 0
Number of asset objects unloaded after import = 1
========================================================================
Received Import Request.
  Time since last request: 65.912107 seconds.
  path: Assets/3D DJ/Amplify Functions/3DJ Data/Get DJ Position.asset
  artifactKey: Guid(29b2bef0ee733e14a9f316f4c309866b) Importer(815301076,1909f56bfc062723c751e8b465ee728b)
Start importing Assets/3D DJ/Amplify Functions/3DJ Data/Get DJ Position.asset using Guid(29b2bef0ee733e14a9f316f4c309866b) Importer(815301076,1909f56bfc062723c751e8b465ee728b)  -> (artifact id: '22f5bb622d3cdd934483170c3a958030') in 0.001643 seconds
Number of updated asset objects reloaded before import = 0
Number of asset objects unloaded after import = 1
========================================================================
Received Import Request.
  Time since last request: 22.704029 seconds.
  path: Assets/3D DJ/Fixtures/HoloEmitterFixture.shader
  artifactKey: Guid(235c1d2744521df4dad6544253e12fb6) Importer(815301076,1909f56bfc062723c751e8b465ee728b)
Start importing Assets/3D DJ/Fixtures/HoloEmitterFixture.shader using Guid(235c1d2744521df4dad6544253e12fb6) Importer(815301076,1909f56bfc062723c751e8b465ee728b)  -> (artifact id: 'f2fa76b9f5792f16696d841044fd87af') in 0.000732 seconds
Number of updated asset objects reloaded before import = 0
Number of asset objects unloaded after import = 0
========================================================================
Received Import Request.
  Time since last request: 48.241091 seconds.
  path: Assets/3D DJ/Fixtures/fixture.mat
  artifactKey: Guid(7f431c6db4d6314448f996349d972e9c) Importer(815301076,1909f56bfc062723c751e8b465ee728b)
Start importing Assets/3D DJ/Fixtures/fixture.mat using Guid(7f431c6db4d6314448f996349d972e9c) Importer(815301076,1909f56bfc062723c751e8b465ee728b)  -> (artifact id: '8ab839a445aaec49f2e9a3989c6024a4') in 0.470593 seconds
Number of updated asset objects reloaded before import = 1
Number of asset objects unloaded after import = 13
========================================================================
Received Import Request.
  Time since last request: 0.000022 seconds.
  path: Assets/3D DJ/Fixtures/HoloEmitterFixture.shader
  artifactKey: Guid(235c1d2744521df4dad6544253e12fb6) Importer(815301076,1909f56bfc062723c751e8b465ee728b)
Start importing Assets/3D DJ/Fixtures/HoloEmitterFixture.shader using Guid(235c1d2744521df4dad6544253e12fb6) Importer(815301076,1909f56bfc062723c751e8b465ee728b)  -> (artifact id: '87585fdee9d90da7ed2be8b9df4a772d') in 0.001759 seconds
Number of updated asset objects reloaded before import = 0
Number of asset objects unloaded after import = 0
========================================================================
Received Import Request.
  Time since last request: 11.918850 seconds.
  path: Assets/3D DJ/Fixtures/fixture.mat
  artifactKey: Guid(7f431c6db4d6314448f996349d972e9c) Importer(815301076,1909f56bfc062723c751e8b465ee728b)
Start importing Assets/3D DJ/Fixtures/fixture.mat using Guid(7f431c6db4d6314448f996349d972e9c) Importer(815301076,1909f56bfc062723c751e8b465ee728b)  -> (artifact id: '1848ce86f8854aff26910634f2020756') in 0.312168 seconds
Number of updated asset objects reloaded before import = 1
Number of asset objects unloaded after import = 13
========================================================================
Received Import Request.
  Time since last request: 7.721984 seconds.
  path: Assets/3D DJ/Fixtures/fixture.mat
  artifactKey: Guid(7f431c6db4d6314448f996349d972e9c) Importer(815301076,1909f56bfc062723c751e8b465ee728b)
Start importing Assets/3D DJ/Fixtures/fixture.mat using Guid(7f431c6db4d6314448f996349d972e9c) Importer(815301076,1909f56bfc062723c751e8b465ee728b)  -> (artifact id: '6c74badf3952e2945f5e1a8f6bb727bb') in 0.358495 seconds
Number of updated asset objects reloaded before import = 1
Number of asset objects unloaded after import = 13
========================================================================
Received Import Request.
  Time since last request: 18.053821 seconds.
  path: Assets/3D DJ/Fixtures/fixture.mat
  artifactKey: Guid(7f431c6db4d6314448f996349d972e9c) Importer(815301076,1909f56bfc062723c751e8b465ee728b)
Start importing Assets/3D DJ/Fixtures/fixture.mat using Guid(7f431c6db4d6314448f996349d972e9c) Importer(815301076,1909f56bfc062723c751e8b465ee728b)  -> (artifact id: 'c67e9fec25f27c7aaf6f0b448e5fecf8') in 0.546759 seconds
Number of updated asset objects reloaded before import = 1
Number of asset objects unloaded after import = 13
========================================================================
Received Import Request.
  Time since last request: 3.493736 seconds.
  path: Assets/3D DJ/Fixtures/fixture.mat
  artifactKey: Guid(7f431c6db4d6314448f996349d972e9c) Importer(815301076,1909f56bfc062723c751e8b465ee728b)
Start importing Assets/3D DJ/Fixtures/fixture.mat using Guid(7f431c6db4d6314448f996349d972e9c) Importer(815301076,1909f56bfc062723c751e8b465ee728b)  -> (artifact id: '8e0ca771e16504145ea9a1cd9de44d91') in 0.443782 seconds
Number of updated asset objects reloaded before import = 1
Number of asset objects unloaded after import = 13
========================================================================
Received Import Request.
  Time since last request: 19.972858 seconds.
  path: Assets/3D DJ/Amplify Functions/3DJ Data/Get DJ Position.asset
  artifactKey: Guid(29b2bef0ee733e14a9f316f4c309866b) Importer(815301076,1909f56bfc062723c751e8b465ee728b)
Start importing Assets/3D DJ/Amplify Functions/3DJ Data/Get DJ Position.asset using Guid(29b2bef0ee733e14a9f316f4c309866b) Importer(815301076,1909f56bfc062723c751e8b465ee728b)  -> (artifact id: '867acd8f497d1b01fbf618bff7343978') in 0.002306 seconds
Number of updated asset objects reloaded before import = 0
Number of asset objects unloaded after import = 1
========================================================================
Received Import Request.
  Time since last request: 13.750485 seconds.
  path: Assets/3D DJ/Amplify Functions/3DJ Data/Get DJ Data.asset
  artifactKey: Guid(fd74dea831d77af4ea5f66eb0518196e) Importer(815301076,1909f56bfc062723c751e8b465ee728b)
Start importing Assets/3D DJ/Amplify Functions/3DJ Data/Get DJ Data.asset using Guid(fd74dea831d77af4ea5f66eb0518196e) Importer(815301076,1909f56bfc062723c751e8b465ee728b)  -> (artifact id: '9cac6c5c5c00ae2c9bb5798574507aa9') in 0.001452 seconds
Number of updated asset objects reloaded before import = 0
Number of asset objects unloaded after import = 1
========================================================================
Received Import Request.
  Time since last request: 53.409505 seconds.
  path: Assets/3D DJ/Amplify Functions/3DJ Data/Get DJ Data.asset
  artifactKey: Guid(fd74dea831d77af4ea5f66eb0518196e) Importer(815301076,1909f56bfc062723c751e8b465ee728b)
Start importing Assets/3D DJ/Amplify Functions/3DJ Data/Get DJ Data.asset using Guid(fd74dea831d77af4ea5f66eb0518196e) Importer(815301076,1909f56bfc062723c751e8b465ee728b)  -> (artifact id: 'ac8685f79e226c43ea896662e8b7c74d') in 0.001932 seconds
Number of updated asset objects reloaded before import = 0
Number of asset objects unloaded after import = 1
========================================================================
Received Import Request.
  Time since last request: 48.029645 seconds.
  path: Assets/3D DJ/Amplify Functions/3DJ Data/Get DJ Data.asset
  artifactKey: Guid(fd74dea831d77af4ea5f66eb0518196e) Importer(815301076,1909f56bfc062723c751e8b465ee728b)
Start importing Assets/3D DJ/Amplify Functions/3DJ Data/Get DJ Data.asset using Guid(fd74dea831d77af4ea5f66eb0518196e) Importer(815301076,1909f56bfc062723c751e8b465ee728b)  -> (artifact id: '67f00957cbd933bb9c37b9da7f7970e2') in 0.001546 seconds
Number of updated asset objects reloaded before import = 1
Number of asset objects unloaded after import = 1
========================================================================
Received Import Request.
  Time since last request: 39.883708 seconds.
  path: Assets/3D DJ/Amplify Functions/3DJ Data/Get DJ Data.asset
  artifactKey: Guid(fd74dea831d77af4ea5f66eb0518196e) Importer(815301076,1909f56bfc062723c751e8b465ee728b)
Start importing Assets/3D DJ/Amplify Functions/3DJ Data/Get DJ Data.asset using Guid(fd74dea831d77af4ea5f66eb0518196e) Importer(815301076,1909f56bfc062723c751e8b465ee728b)  -> (artifact id: 'cfdcfd73dc7676232cdb6c407742a635') in 0.002537 seconds
Number of updated asset objects reloaded before import = 0
Number of asset objects unloaded after import = 1
========================================================================
Received Import Request.
  Time since last request: 106.901728 seconds.
  path: Assets/3D DJ/Amplify Functions/3DJ Data/Global Data.asset
  artifactKey: Guid(5151b2ab862399e41a33b2b14a355044) Importer(815301076,1909f56bfc062723c751e8b465ee728b)
Start importing Assets/3D DJ/Amplify Functions/3DJ Data/Global Data.asset using Guid(5151b2ab862399e41a33b2b14a355044) Importer(815301076,1909f56bfc062723c751e8b465ee728b)  -> (artifact id: '7b7b4c1a3d3f9b2fb3cc1fd6eb3dd146') in 0.001655 seconds
Number of updated asset objects reloaded before import = 1
Number of asset objects unloaded after import = 1
========================================================================
Received Import Request.
  Time since last request: 39.095214 seconds.
  path: Assets/3D DJ/Amplify Functions/3DJ Data/Global Textures.asset
  artifactKey: Guid(5151b2ab862399e41a33b2b14a355044) Importer(815301076,1909f56bfc062723c751e8b465ee728b)
Start importing Assets/3D DJ/Amplify Functions/3DJ Data/Global Textures.asset using Guid(5151b2ab862399e41a33b2b14a355044) Importer(815301076,1909f56bfc062723c751e8b465ee728b)  -> (artifact id: '669c6c6f4c47ecdf1cca4e7fcfc8617c') in 0.001481 seconds
Number of updated asset objects reloaded before import = 0
Number of asset objects unloaded after import = 1
========================================================================
Received Import Request.
  Time since last request: 47.630825 seconds.
  path: Assets/3D DJ/Amplify Functions/3DJ Data/Global Textures.asset
  artifactKey: Guid(5151b2ab862399e41a33b2b14a355044) Importer(815301076,1909f56bfc062723c751e8b465ee728b)
Start importing Assets/3D DJ/Amplify Functions/3DJ Data/Global Textures.asset using Guid(5151b2ab862399e41a33b2b14a355044) Importer(815301076,1909f56bfc062723c751e8b465ee728b)  -> (artifact id: 'cd34d64ea6f58bf8e23a0db0dd98fec3') in 0.001520 seconds
Number of updated asset objects reloaded before import = 0
Number of asset objects unloaded after import = 1
========================================================================
Received Import Request.
  Time since last request: 18.162267 seconds.
  path: Assets/3D DJ/Amplify Functions/3DJ Data/Global Textures.asset
  artifactKey: Guid(5151b2ab862399e41a33b2b14a355044) Importer(815301076,1909f56bfc062723c751e8b465ee728b)
Start importing Assets/3D DJ/Amplify Functions/3DJ Data/Global Textures.asset using Guid(5151b2ab862399e41a33b2b14a355044) Importer(815301076,1909f56bfc062723c751e8b465ee728b)  -> (artifact id: '1c584cd203a5af7bc4debf7402401b1d') in 0.001511 seconds
Number of updated asset objects reloaded before import = 0
Number of asset objects unloaded after import = 1
========================================================================
Received Import Request.
  Time since last request: 13.943164 seconds.
  path: Assets/3D DJ/Amplify Functions/3DJ Data/Get DJ Data.asset
  artifactKey: Guid(fd74dea831d77af4ea5f66eb0518196e) Importer(815301076,1909f56bfc062723c751e8b465ee728b)
Start importing Assets/3D DJ/Amplify Functions/3DJ Data/Get DJ Data.asset using Guid(fd74dea831d77af4ea5f66eb0518196e) Importer(815301076,1909f56bfc062723c751e8b465ee728b)  -> (artifact id: '0cdfcdfbc2d22b803acbfc299f29e015') in 0.002040 seconds
Number of updated asset objects reloaded before import = 0
Number of asset objects unloaded after import = 1
========================================================================
Received Import Request.
  Time since last request: 37.086337 seconds.
  path: Packages/com.acchosen.vr-stage-lighting/Runtime/Textures/RTs/Legacy/DMXRTViewer-SpinTimer-Legacy.asset
  artifactKey: Guid(6e9260e8140b1ea4a97d6cc9a137efca) Importer(815301076,1909f56bfc062723c751e8b465ee728b)
Start importing Packages/com.acchosen.vr-stage-lighting/Runtime/Textures/RTs/Legacy/DMXRTViewer-SpinTimer-Legacy.asset using Guid(6e9260e8140b1ea4a97d6cc9a137efca) Importer(815301076,1909f56bfc062723c751e8b465ee728b)  -> (artifact id: '87aec9addf1251c245250e4a6c71919d') in 0.032584 seconds
Number of updated asset objects reloaded before import = 1
Number of asset objects unloaded after import = 4
========================================================================
Received Import Request.
  Time since last request: 0.000018 seconds.
  path: Packages/com.acchosen.vr-stage-lighting/Runtime/Textures/RTs/VerticalMode/DMXRTViewer-StrobeOutput-Delay-Final-Vertical.asset
  artifactKey: Guid(57baa88f99df79f428add8e6e1c79597) Importer(815301076,1909f56bfc062723c751e8b465ee728b)
Start importing Packages/com.acchosen.vr-stage-lighting/Runtime/Textures/RTs/VerticalMode/DMXRTViewer-StrobeOutput-Delay-Final-Vertical.asset using Guid(57baa88f99df79f428add8e6e1c79597) Importer(815301076,1909f56bfc062723c751e8b465ee728b)  -> (artifact id: '335a7f38cbf26060ac04d34ff5762718') in 0.018777 seconds
Number of updated asset objects reloaded before import = 0
Number of asset objects unloaded after import = 7
========================================================================
Received Import Request.
  Time since last request: 0.000019 seconds.
  path: Packages/com.acchosen.vr-stage-lighting/Runtime/Textures/RTs/DMXRTViewer-StrobeOutput-Horizontal.asset
  artifactKey: Guid(580ab95419bdcc845a4bd0b1a94983c0) Importer(815301076,1909f56bfc062723c751e8b465ee728b)
Start importing Packages/com.acchosen.vr-stage-lighting/Runtime/Textures/RTs/DMXRTViewer-StrobeOutput-Horizontal.asset using Guid(580ab95419bdcc845a4bd0b1a94983c0) Importer(815301076,1909f56bfc062723c751e8b465ee728b)  -> (artifact id: '14cded9a4507ced29a96ffdd0d6325ce') in 0.013958 seconds
Number of updated asset objects reloaded before import = 0
Number of asset objects unloaded after import = 3
========================================================================
Received Import Request.
  Time since last request: 0.000013 seconds.
  path: Packages/com.acchosen.vr-stage-lighting/Runtime/Textures/RTs/DMXRTViewer-StrobeTimings-Horizontal.asset
  artifactKey: Guid(fbbd57abbf5ece54c9996e59beb3dac1) Importer(815301076,1909f56bfc062723c751e8b465ee728b)
Start importing Packages/com.acchosen.vr-stage-lighting/Runtime/Textures/RTs/DMXRTViewer-StrobeTimings-Horizontal.asset using Guid(fbbd57abbf5ece54c9996e59beb3dac1) Importer(815301076,1909f56bfc062723c751e8b465ee728b)  -> (artifact id: '0985a56478e0fdadab049222bcba1cce') in 0.014367 seconds
Number of updated asset objects reloaded before import = 0
Number of asset objects unloaded after import = 4
========================================================================
Received Import Request.
  Time since last request: 0.000015 seconds.
  path: Packages/com.poiyomi.toon/_PoiyomiShaders/Textures/Fur/Fur (2).jpg
  artifactKey: Guid(dad9afee739f8254ab2dd517e4cf7da0) Importer(815301076,1909f56bfc062723c751e8b465ee728b)
Start importing Packages/com.poiyomi.toon/_PoiyomiShaders/Textures/Fur/Fur (2).jpg using Guid(dad9afee739f8254ab2dd517e4cf7da0) Importer(815301076,1909f56bfc062723c751e8b465ee728b)  -> (artifact id: '720b35e5905a7871a744b63196b3f288') in 0.024994 seconds
Number of updated asset objects reloaded before import = 0
Number of asset objects unloaded after import = 2
========================================================================
Received Import Request.
  Time since last request: 0.000030 seconds.
  path: Packages/com.poiyomi.toon/_PoiyomiShaders/Textures/Fur/Fur (4).jpg
  artifactKey: Guid(8ddce56e0290541428b1143f3df5259e) Importer(815301076,1909f56bfc062723c751e8b465ee728b)
Start importing Packages/com.poiyomi.toon/_PoiyomiShaders/Textures/Fur/Fur (4).jpg using Guid(8ddce56e0290541428b1143f3df5259e) Importer(815301076,1909f56bfc062723c751e8b465ee728b)  -> (artifact id: 'b9abc826016ab1b07d12f84faaaf0836') in 0.015257 seconds
Number of updated asset objects reloaded before import = 0
Number of asset objects unloaded after import = 2
========================================================================
Received Import Request.
  Time since last request: 0.000022 seconds.
  path: Packages/com.acchosen.vr-stage-lighting/Runtime/Textures/RTs/DMXRTViewer-StrobeOutput-Delay-Initial-Horizontal.asset
  artifactKey: Guid(99d1c91f47ceb344ea8d62554a087e98) Importer(815301076,1909f56bfc062723c751e8b465ee728b)
Start importing Packages/com.acchosen.vr-stage-lighting/Runtime/Textures/RTs/DMXRTViewer-StrobeOutput-Delay-Initial-Horizontal.asset using Guid(99d1c91f47ceb344ea8d62554a087e98) Importer(815301076,1909f56bfc062723c751e8b465ee728b)  -> (artifact id: '5db706f088d9c466585901ceb6263697') in 0.017631 seconds
Number of updated asset objects reloaded before import = 0
Number of asset objects unloaded after import = 5
========================================================================
Received Import Request.
  Time since last request: 0.000025 seconds.
  path: Packages/com.poiyomi.toon/_PoiyomiShaders/Textures/Fur/Fur (3).jpg
  artifactKey: Guid(2c9b1fc62caa05245b2d5691922ed7e9) Importer(815301076,1909f56bfc062723c751e8b465ee728b)
Start importing Packages/com.poiyomi.toon/_PoiyomiShaders/Textures/Fur/Fur (3).jpg using Guid(2c9b1fc62caa05245b2d5691922ed7e9) Importer(815301076,1909f56bfc062723c751e8b465ee728b)  -> (artifact id: '92b8a00f17805e47c0480e2cf5f3c29b') in 0.011283 seconds
Number of updated asset objects reloaded before import = 0
Number of asset objects unloaded after import = 2
========================================================================
Received Import Request.
  Time since last request: 0.000014 seconds.
  path: Assets/AmplifyShaderEditor/Plugins/EditorResources/UI/Nodes/FlatBackground.png
  artifactKey: Guid(44efd0011d6a9bc4fb0b3a82753dac4e) Importer(815301076,1909f56bfc062723c751e8b465ee728b)
Start importing Assets/AmplifyShaderEditor/Plugins/EditorResources/UI/Nodes/FlatBackground.png using Guid(44efd0011d6a9bc4fb0b3a82753dac4e) Importer(815301076,1909f56bfc062723c751e8b465ee728b)  -> (artifact id: '0f2135bca1e0a32c1003e82f55cbcbab') in 0.010593 seconds
Number of updated asset objects reloaded before import = 0
Number of asset objects unloaded after import = 2
========================================================================
Received Import Request.
  Time since last request: 0.000017 seconds.
  path: Packages/com.poiyomi.toon/_PoiyomiShaders/Textures/Fur/Fur (4).png
  artifactKey: Guid(b974fce48120c9b408a637334056614e) Importer(815301076,1909f56bfc062723c751e8b465ee728b)
Start importing Packages/com.poiyomi.toon/_PoiyomiShaders/Textures/Fur/Fur (4).png using Guid(b974fce48120c9b408a637334056614e) Importer(815301076,1909f56bfc062723c751e8b465ee728b)  -> (artifact id: '9b1971dd11182cec9f9c551498c831f4') in 0.011534 seconds
Number of updated asset objects reloaded before import = 0
Number of asset objects unloaded after import = 2
========================================================================
Received Import Request.
  Time since last request: 0.000016 seconds.
  path: Packages/com.acchosen.vr-stage-lighting/Runtime/Textures/ExampleSamplingTexture.png
  artifactKey: Guid(ba9a307ceadf5564683f0e0af8af748c) Importer(815301076,1909f56bfc062723c751e8b465ee728b)
Start importing Packages/com.acchosen.vr-stage-lighting/Runtime/Textures/ExampleSamplingTexture.png using Guid(ba9a307ceadf5564683f0e0af8af748c) Importer(815301076,1909f56bfc062723c751e8b465ee728b)  -> (artifact id: '8338224258e3767a46b3b0c88f413803') in 0.009997 seconds
Number of updated asset objects reloaded before import = 0
Number of asset objects unloaded after import = 2
========================================================================
Received Import Request.
  Time since last request: 0.000014 seconds.
  path: Assets/AmplifyShaderEditor/Plugins/EditorResources/Textures/flat.png
  artifactKey: Guid(194a51ad3c0179644abea3f196c5ebe6) Importer(815301076,1909f56bfc062723c751e8b465ee728b)
Start importing Assets/AmplifyShaderEditor/Plugins/EditorResources/Textures/flat.png using Guid(194a51ad3c0179644abea3f196c5ebe6) Importer(815301076,1909f56bfc062723c751e8b465ee728b)  -> (artifact id: 'd4225bbf1a738f8779c95be8758aa1b9') in 0.007923 seconds
Number of updated asset objects reloaded before import = 0
Number of asset objects unloaded after import = 2
========================================================================
Received Import Request.
  Time since last request: 0.000015 seconds.
  path: Packages/com.acchosen.vr-stage-lighting/Runtime/Other/Skybox/front.png
  artifactKey: Guid(51590146d584afd4a8a49ddd171a997e) Importer(815301076,1909f56bfc062723c751e8b465ee728b)
Start importing Packages/com.acchosen.vr-stage-lighting/Runtime/Other/Skybox/front.png using Guid(51590146d584afd4a8a49ddd171a997e) Importer(815301076,1909f56bfc062723c751e8b465ee728b)  -> (artifact id: 'ddabe11b996dc3532f193ba170fe9be8') in 0.014421 seconds
Number of updated asset objects reloaded before import = 0
Number of asset objects unloaded after import = 2
========================================================================
Received Import Request.
  Time since last request: 25.504378 seconds.
  path: Assets/3D DJ/Playback/Data Extract.mat
  artifactKey: Guid(b312d249b2905c449b9756b3b436cc15) Importer(815301076,1909f56bfc062723c751e8b465ee728b)
Start importing Assets/3D DJ/Playback/Data Extract.mat using Guid(b312d249b2905c449b9756b3b436cc15) Importer(815301076,1909f56bfc062723c751e8b465ee728b)  -> (artifact id: 'd63c9d2106e63db72cd107ff81610764') in 0.018424 seconds
Number of updated asset objects reloaded before import = 0
Number of asset objects unloaded after import = 7
Editor requested this worker to shutdown with reason: Scaling down because of idle timeout
TcpMessagingSession - receive error: operation aborted. errorcode: 995, details: The I/O operation has been aborted because of either a thread exit or an application request.
AssetImportWorker is now disconnected from the server
Process exiting
Exiting without the bug reporter. Application will terminate with return code 0